<!DOCTYPE html>
<html>
<head>
    <title>Unittest Results</title>
    <meta charset="utf-8">
    <meta name="viewport" content="width=device-width, initial-scale=1.0">
    <link rel="stylesheet" href="https://maxcdn.bootstrapcdn.com/bootstrap/3.3.6/css/bootstrap.min.css" integrity="sha384-1q8mTJOASx8j1Au+a5WDVnPi2lkFfwwEAa8hDDdjZlpLegxhjVME1fgjWPGmkzs7" crossorigin="anonymous">
</head>
<body>
    <div class="container">
        <div class="row">
            <div class="col-xs-12">
                <h2 class="text-capitalize">Unittest Results</h2>
                <p class='attribute'><strong>Start Time: </strong>2020-06-30 10:43:38</p>
                <p class='attribute'><strong>Duration: </strong>1174.69 s</p>
                <p class='attribute'><strong>Summary: </strong>Total: 77, Pass: 34, Fail: 9, Error: 34</p>
            </div>
        </div>
        <div class="row">
            <div class="col-xs-12 col-sm-10 col-md-10">
                <table class='table table-hover table-responsive'>
                    <thead>
                        <tr>
                            <th>gxd_qf.TestGxdQF</th>
                            <th>Status</th>
                            <th></th>
                        </tr>
                    </thead>
                    <tbody>
                        <tr class='success'>
                            <td class="col-xs-10">test_no_normals</td>
                            <td class="col-xs-1">
                                <span class="label label-success" style="display:block;width:40px;">Pass</span>
                            </td>
                            <td class="col-xs-1">
                                <button class="btn btn-default btn-xs">View</button>
                            </td>
                        </tr>
                        <tr style="display:none;">
                            <td class="col-xs-9" colspan="3"><p>[]
</p>
                            </td>
                        </tr>
                        <tr class='success'>
                            <td class="col-xs-10">test_ribbon_locations</td>
                            <td class="col-xs-1">
                                <span class="label label-success" style="display:block;width:40px;">Pass</span>
                            </td>
                            <td class="col-xs-1">
                                <button class="btn btn-default btn-xs">View</button>
                            </td>
                        </tr>
                        <tr style="display:none;">
                            <td class="col-xs-9" colspan="3"><p>Genes
Genome location
Anatomical structure or stage
Mutant / wild type
Assay types
</p>
                            </td>
                        </tr>
                        <tr class='danger'>
                            <td class="col-xs-10">test_specimen_mut_gene</td>
                            <td class="col-xs-1">
                                <span class="label label-danger" style="display:block;width:40px;">Fail</span>
                            </td>
                            <td class="col-xs-1">
                                <button class="btn btn-default btn-xs">View</button>
                            </td>
                        </tr>
                        <tr style="display:none;">
                            <td class="col-xs-9" colspan="3"><p>[]
</p><p style="color:maroon;">AssertionError: Lists differ: [] != ['E-MTAB-5210 Transcription profiling of w[147 chars]ent']

Second list contains 1 additional elements.
First extra element 0:
'E-MTAB-5210 Transcription profiling of wild type and Stella knockout oocytes, wild type and Stella maternal/zygotic knockout embryos to study to the role of Stella in early mouse development'

- []
+ ['E-MTAB-5210 Transcription profiling of wild type and Stella knockout '
+  'oocytes, wild type and Stella maternal/zygotic knockout embryos to study to '
+  'the role of Stella in early mouse development']</p><p style="color:maroon;">Traceback (most recent call last):
  File "C:\Users\jeffc\git\mgiselenium\PyTests\FeWI\gxd_qf.py", line 112, in test_specimen_mut_gene
    self.assertEqual(searchTextItems, ['E-MTAB-5210 Transcription profiling of wild type and Stella knockout oocytes, wild type and Stella maternal/zygotic knockout embryos to study to the role of Stella in early mouse development'])
AssertionError: Lists differ: [] != ['E-MTAB-5210 Transcription profiling of w[147 chars]ent']

Second list contains 1 additional elements.
First extra element 0:
'E-MTAB-5210 Transcription profiling of wild type and Stella knockout oocytes, wild type and Stella maternal/zygotic knockout embryos to study to the role of Stella in early mouse development'

- []
+ ['E-MTAB-5210 Transcription profiling of wild type and Stella knockout '
+  'oocytes, wild type and Stella maternal/zygotic knockout embryos to study to '
+  'the role of Stella in early mouse development']
</p>
                            </td>
                        </tr>
                        <tr class='danger'>
                            <td class="col-xs-10">test_specimen_wild_type_only</td>
                            <td class="col-xs-1">
                                <span class="label label-danger" style="display:block;width:40px;">Fail</span>
                            </td>
                            <td class="col-xs-1">
                                <button class="btn btn-default btn-xs">View</button>
                            </td>
                        </tr>
                        <tr style="display:none;">
                            <td class="col-xs-9" colspan="3"><p>[]
</p><p style="color:maroon;">AssertionError: </p><p style="color:maroon;">Traceback (most recent call last):
  File "C:\Users\jeffc\git\mgiselenium\PyTests\FeWI\gxd_qf.py", line 143, in test_specimen_wild_type_only
    assert "Whole Genome" in searchTextItems
AssertionError
</p>
                            </td>
                        </tr>
                        <tr>
                            <td colspan="3">
                                Total: 4, Pass: 2, Fail: 2 -- Duration: 76.07 s
                            </td>
                        </tr>
                    </tbody>
                </table>
            </div>
        </div>
        <div class="row">
            <div class="col-xs-12 col-sm-10 col-md-10">
                <table class='table table-hover table-responsive'>
                    <thead>
                        <tr>
                            <th>gxd_results.TestGxdResults</th>
                            <th>Status</th>
                            <th></th>
                        </tr>
                    </thead>
                    <tbody>
                        <tr class='warning'>
                            <td class="col-xs-10">test_assay_results_filter_by_assay_type</td>
                            <td class="col-xs-1">
                                <span class="label label-warning" style="display:block;width:40px;">Error</span>
                            </td>
                            <td class="col-xs-1">
                                <button class="btn btn-default btn-xs">View</button>
                            </td>
                        </tr>
                        <tr style="display:none;">
                            <td class="col-xs-9" colspan="3"><p style="color:maroon;">NoSuchElementException: Message: no such element: Unable to locate element: {"method":"css selector","selector":"#command > label:nth-child(11) > input:nth-child(1)"}
  (Session info: chrome=64.0.3282.186)
  (Driver info: chromedriver=2.33.506120 (e3e53437346286c0bc2d2dc9aa4915ba81d9023f),platform=Windows NT 6.1.7601 SP1 x86_64)
</p><p style="color:maroon;">Traceback (most recent call last):
  File "C:\Users\jeffc\git\mgiselenium\PyTests\FeWI\gxd_results.py", line 612, in test_assay_results_filter_by_assay_type
    driver.find_element_by_css_selector('#command > label:nth-child(11) > input:nth-child(1)').click()
  File "C:\Users\jeffc\AppData\Local\Programs\Python\Python38\lib\site-packages\selenium\webdriver\remote\webdriver.py", line 598, in find_element_by_css_selector
    return self.find_element(by=By.CSS_SELECTOR, value=css_selector)
  File "C:\Users\jeffc\AppData\Local\Programs\Python\Python38\lib\site-packages\selenium\webdriver\remote\webdriver.py", line 976, in find_element
    return self.execute(Command.FIND_ELEMENT, {
  File "C:\Users\jeffc\AppData\Local\Programs\Python\Python38\lib\site-packages\selenium\webdriver\remote\webdriver.py", line 321, in execute
    self.error_handler.check_response(response)
  File "C:\Users\jeffc\AppData\Local\Programs\Python\Python38\lib\site-packages\selenium\webdriver\remote\errorhandler.py", line 242, in check_response
    raise exception_class(message, screen, stacktrace)
selenium.common.exceptions.NoSuchElementException: Message: no such element: Unable to locate element: {"method":"css selector","selector":"#command > label:nth-child(11) > input:nth-child(1)"}
  (Session info: chrome=64.0.3282.186)
  (Driver info: chromedriver=2.33.506120 (e3e53437346286c0bc2d2dc9aa4915ba81d9023f),platform=Windows NT 6.1.7601 SP1 x86_64)

</p>
                            </td>
                        </tr>
                        <tr class='success'>
                            <td class="col-xs-10">test_assay_results_tab_add_sample_data_on</td>
                            <td class="col-xs-1">
                                <span class="label label-success" style="display:block;width:40px;">Pass</span>
                            </td>
                            <td class="col-xs-1">
                                <button class="btn btn-default btn-xs">View</button>
                            </td>
                        </tr>
                        <tr style="display:none;">
                            <td class="col-xs-9" colspan="3"><p>['Gene', 'Result Details', 'Assay Type', 'Age', 'Structure', 'Detected?', 'TPM Level\n(RNA-Seq)', 'Biological Replicates\n(RNA-Seq)', 'Images', 'Mutant Allele(s)', 'Strain', 'Sex', 'Notes\n(RNA-Seq)', 'Reference', '']
</p>
                            </td>
                        </tr>
                        <tr class='danger'>
                            <td class="col-xs-10">test_assay_results_tab_assay_type_col_sort</td>
                            <td class="col-xs-1">
                                <span class="label label-danger" style="display:block;width:40px;">Fail</span>
                            </td>
                            <td class="col-xs-1">
                                <button class="btn btn-default btn-xs">View</button>
                            </td>
                        </tr>
                        <tr style="display:none;">
                            <td class="col-xs-9" colspan="3"><p>[]
</p><p style="color:maroon;">AssertionError: Lists differ: [] != ['Immunohistochemistry', 'Immunohistochemi[1383 chars]Seq']

Second list contains 100 additional elements.
First extra element 0:
'Immunohistochemistry'

Diff is 1735 characters long. Set self.maxDiff to None to see it.</p><p style="color:maroon;">Traceback (most recent call last):
  File "C:\Users\jeffc\git\mgiselenium\PyTests\FeWI\gxd_results.py", line 536, in test_assay_results_tab_assay_type_col_sort
    self.assertEqual(searchTextItems, ['Immunohistochemistry', 'Immunohistochemistry', 'Immunohistochemistry', 'Immunohistochemistry', 'Immunohistochemistry', 'RNA in situ', 'RNA in situ', 'RNA in situ', 'RNA in situ', 'RNA in situ', 'RNA in situ', 'RNA in situ', 'RNA in situ', 'RNA in situ', 'RNA in situ', 'RNA in situ', 'RNA in situ', 'RNA in situ', 'RNA in situ', 'RNA in situ', 'RNA in situ', 'RNA in situ', 'RNA in situ', 'RNA in situ', 'RNA in situ', 'RNA in situ', 'RNA in situ', 'In situ reporter (knock in)', 'In situ reporter (knock in)', 'In situ reporter (knock in)', 'In situ reporter (knock in)', 'Northern blot', 'Northern blot', 'Western blot', 'Western blot', 'Western blot', 'Western blot', 'Western blot', 'Western blot', 'Western blot', 'Western blot', 'Western blot', 'Western blot', 'Western blot', 'Western blot', 'Western blot', 'Western blot', 'Western blot', 'Western blot', 'Western blot', 'Western blot', 'Western blot', 'Western blot', 'Western blot', 'RT-PCR', 'RT-PCR', 'RT-PCR', 'RT-PCR', 'RT-PCR', 'RT-PCR', 'RT-PCR', 'RT-PCR', 'RT-PCR', 'RT-PCR', 'RT-PCR', 'RT-PCR', 'RT-PCR', 'RT-PCR', 'RT-PCR', 'RT-PCR', 'RT-PCR', 'RT-PCR', 'RT-PCR', 'RT-PCR', 'RT-PCR', 'RT-PCR', 'RT-PCR', 'RT-PCR', 'RT-PCR', 'RT-PCR', 'RT-PCR', 'RT-PCR', 'Nuclease S1', 'Nuclease S1', 'RNA-Seq', 'RNA-Seq', 'RNA-Seq', 'RNA-Seq', 'RNA-Seq', 'RNA-Seq', 'RNA-Seq', 'RNA-Seq', 'RNA-Seq', 'RNA-Seq', 'RNA-Seq', 'RNA-Seq', 'RNA-Seq', 'RNA-Seq', 'RNA-Seq', 'RNA-Seq'])
AssertionError: Lists differ: [] != ['Immunohistochemistry', 'Immunohistochemi[1383 chars]Seq']

Second list contains 100 additional elements.
First extra element 0:
'Immunohistochemistry'

Diff is 1735 characters long. Set self.maxDiff to None to see it.
</p>
                            </td>
                        </tr>
                        <tr class='success'>
                            <td class="col-xs-10">test_assay_results_tab_column_headings</td>
                            <td class="col-xs-1">
                                <span class="label label-success" style="display:block;width:40px;">Pass</span>
                            </td>
                            <td class="col-xs-1">
                                <button class="btn btn-default btn-xs">View</button>
                            </td>
                        </tr>
                        <tr style="display:none;">
                            <td class="col-xs-9" colspan="3"><p>['Gene', 'Result Details', 'Assay Type', 'Age', 'Structure', 'Detected?', 'TPM Level\n(RNA-Seq)', '', 'Images', 'Mutant Allele(s)', '', '', '', 'Reference', '']
</p>
                            </td>
                        </tr>
                        <tr class='warning'>
                            <td class="col-xs-10">test_assay_results_tab_cond_mutant</td>
                            <td class="col-xs-1">
                                <span class="label label-warning" style="display:block;width:40px;">Error</span>
                            </td>
                            <td class="col-xs-1">
                                <button class="btn btn-default btn-xs">View</button>
                            </td>
                        </tr>
                        <tr style="display:none;">
                            <td class="col-xs-9" colspan="3"><p style="color:maroon;">IndexError: list index out of range</p><p style="color:maroon;">Traceback (most recent call last):
  File "C:\Users\jeffc\git\mgiselenium\PyTests\FeWI\gxd_results.py", line 569, in test_assay_results_tab_cond_mutant
    print(searchTextItems[0] + '  line0')
IndexError: list index out of range
</p>
                            </td>
                        </tr>
                        <tr class='warning'>
                            <td class="col-xs-10">test_assay_results_tab_data_link</td>
                            <td class="col-xs-1">
                                <span class="label label-warning" style="display:block;width:40px;">Error</span>
                            </td>
                            <td class="col-xs-1">
                                <button class="btn btn-default btn-xs">View</button>
                            </td>
                        </tr>
                        <tr style="display:none;">
                            <td class="col-xs-9" colspan="3"><p>[]
</p><p style="color:maroon;">NoSuchElementException: Message: no such element: Unable to locate element: {"method":"link text","selector":"data"}
  (Session info: chrome=64.0.3282.186)
  (Driver info: chromedriver=2.33.506120 (e3e53437346286c0bc2d2dc9aa4915ba81d9023f),platform=Windows NT 6.1.7601 SP1 x86_64)
</p><p style="color:maroon;">Traceback (most recent call last):
  File "C:\Users\jeffc\git\mgiselenium\PyTests\FeWI\gxd_results.py", line 379, in test_assay_results_tab_data_link
    links = self.driver.find_element_by_link_text('data')
  File "C:\Users\jeffc\AppData\Local\Programs\Python\Python38\lib\site-packages\selenium\webdriver\remote\webdriver.py", line 428, in find_element_by_link_text
    return self.find_element(by=By.LINK_TEXT, value=link_text)
  File "C:\Users\jeffc\AppData\Local\Programs\Python\Python38\lib\site-packages\selenium\webdriver\remote\webdriver.py", line 976, in find_element
    return self.execute(Command.FIND_ELEMENT, {
  File "C:\Users\jeffc\AppData\Local\Programs\Python\Python38\lib\site-packages\selenium\webdriver\remote\webdriver.py", line 321, in execute
    self.error_handler.check_response(response)
  File "C:\Users\jeffc\AppData\Local\Programs\Python\Python38\lib\site-packages\selenium\webdriver\remote\errorhandler.py", line 242, in check_response
    raise exception_class(message, screen, stacktrace)
selenium.common.exceptions.NoSuchElementException: Message: no such element: Unable to locate element: {"method":"link text","selector":"data"}
  (Session info: chrome=64.0.3282.186)
  (Driver info: chromedriver=2.33.506120 (e3e53437346286c0bc2d2dc9aa4915ba81d9023f),platform=Windows NT 6.1.7601 SP1 x86_64)

</p>
                            </td>
                        </tr>
                        <tr class='warning'>
                            <td class="col-xs-10">test_assay_results_tab_ref_exp_id</td>
                            <td class="col-xs-1">
                                <span class="label label-warning" style="display:block;width:40px;">Error</span>
                            </td>
                            <td class="col-xs-1">
                                <button class="btn btn-default btn-xs">View</button>
                            </td>
                        </tr>
                        <tr style="display:none;">
                            <td class="col-xs-9" colspan="3"><p>[]
</p><p style="color:maroon;">NoSuchElementException: Message: no such element: Unable to locate element: {"method":"link text","selector":"E-MTAB-5772"}
  (Session info: chrome=64.0.3282.186)
  (Driver info: chromedriver=2.33.506120 (e3e53437346286c0bc2d2dc9aa4915ba81d9023f),platform=Windows NT 6.1.7601 SP1 x86_64)
</p><p style="color:maroon;">Traceback (most recent call last):
  File "C:\Users\jeffc\git\mgiselenium\PyTests\FeWI\gxd_results.py", line 415, in test_assay_results_tab_ref_exp_id
    links = self.driver.find_element_by_link_text('E-MTAB-5772')
  File "C:\Users\jeffc\AppData\Local\Programs\Python\Python38\lib\site-packages\selenium\webdriver\remote\webdriver.py", line 428, in find_element_by_link_text
    return self.find_element(by=By.LINK_TEXT, value=link_text)
  File "C:\Users\jeffc\AppData\Local\Programs\Python\Python38\lib\site-packages\selenium\webdriver\remote\webdriver.py", line 976, in find_element
    return self.execute(Command.FIND_ELEMENT, {
  File "C:\Users\jeffc\AppData\Local\Programs\Python\Python38\lib\site-packages\selenium\webdriver\remote\webdriver.py", line 321, in execute
    self.error_handler.check_response(response)
  File "C:\Users\jeffc\AppData\Local\Programs\Python\Python38\lib\site-packages\selenium\webdriver\remote\errorhandler.py", line 242, in check_response
    raise exception_class(message, screen, stacktrace)
selenium.common.exceptions.NoSuchElementException: Message: no such element: Unable to locate element: {"method":"link text","selector":"E-MTAB-5772"}
  (Session info: chrome=64.0.3282.186)
  (Driver info: chromedriver=2.33.506120 (e3e53437346286c0bc2d2dc9aa4915ba81d9023f),platform=Windows NT 6.1.7601 SP1 x86_64)

</p>
                            </td>
                        </tr>
                        <tr class='danger'>
                            <td class="col-xs-10">test_assay_results_tab_tpm_column</td>
                            <td class="col-xs-1">
                                <span class="label label-danger" style="display:block;width:40px;">Fail</span>
                            </td>
                            <td class="col-xs-1">
                                <button class="btn btn-default btn-xs">View</button>
                            </td>
                        </tr>
                        <tr style="display:none;">
                            <td class="col-xs-9" colspan="3"><p>[]
</p><p style="color:maroon;">AssertionError: 'Below Cutoff' not found in [] : Below Cutoff is not being found!</p><p style="color:maroon;">Traceback (most recent call last):
  File "C:\Users\jeffc\git\mgiselenium\PyTests\FeWI\gxd_results.py", line 449, in test_assay_results_tab_tpm_column
    self.assertIn('Below Cutoff', searchTextItems, 'Below Cutoff is not being found!')
AssertionError: 'Below Cutoff' not found in [] : Below Cutoff is not being found!
</p>
                            </td>
                        </tr>
                        <tr class='warning'>
                            <td class="col-xs-10">test_gene_tab_do_filter_gene_result</td>
                            <td class="col-xs-1">
                                <span class="label label-warning" style="display:block;width:40px;">Error</span>
                            </td>
                            <td class="col-xs-1">
                                <button class="btn btn-default btn-xs">View</button>
                            </td>
                        </tr>
                        <tr style="display:none;">
                            <td class="col-xs-9" colspan="3"><p style="color:maroon;">IndexError: list index out of range</p><p style="color:maroon;">Traceback (most recent call last):
  File "C:\Users\jeffc\git\mgiselenium\PyTests\FeWI\gxd_results.py", line 79, in test_gene_tab_do_filter_gene_result
    self.driver.find_elements_by_name('doFilter')[5].click()
IndexError: list index out of range
</p>
                            </td>
                        </tr>
                        <tr class='danger'>
                            <td class="col-xs-10">test_gene_tab_do_filter_list</td>
                            <td class="col-xs-1">
                                <span class="label label-danger" style="display:block;width:40px;">Fail</span>
                            </td>
                            <td class="col-xs-1">
                                <button class="btn btn-default btn-xs">View</button>
                            </td>
                        </tr>
                        <tr style="display:none;">
                            <td class="col-xs-9" colspan="3"><p>[]
</p><p style="color:maroon;">AssertionError: Lists differ: [] != ['benign neoplasm', 'cancer', 'cardiovascu[620 chars]bar']

Second list contains 26 additional elements.
First extra element 0:
'benign neoplasm'

Diff is 750 characters long. Set self.maxDiff to None to see it. : The list is not correct</p><p style="color:maroon;">Traceback (most recent call last):
  File "C:\Users\jeffc\git\mgiselenium\PyTests\FeWI\gxd_results.py", line 61, in test_gene_tab_do_filter_list
    self.assertEqual(diseases, ['benign neoplasm', 'cancer', 'cardiovascular system disease', 'central nervous system disease', 'chromosomal disease', 'disease by infectious agent', 'disease of mental health', 'disease of metabolism', 'endocrine system disease', 'gastrointestinal system disease', 'hematopoietic system disease', 'immune system disease', 'integumentary system disease', 'monogenic disease', 'musculoskeletal system disease', 'nervous system disease', 'peripheral nervous system disease', 'physical disorder', 'polygenic disease', 'reproductive system disease', 'respiratory system disease', 'sensory system disease', 'syndrome', 'thoracic disease', 'urinary system disease', 'bar'], 'The list is not correct')
AssertionError: Lists differ: [] != ['benign neoplasm', 'cancer', 'cardiovascu[620 chars]bar']

Second list contains 26 additional elements.
First extra element 0:
'benign neoplasm'

Diff is 750 characters long. Set self.maxDiff to None to see it. : The list is not correct
</p>
                            </td>
                        </tr>
                        <tr class='success'>
                            <td class="col-xs-10">test_gene_tab_do_filter_no_genes</td>
                            <td class="col-xs-1">
                                <span class="label label-success" style="display:block;width:40px;">Pass</span>
                            </td>
                            <td class="col-xs-1">
                                <button class="btn btn-default btn-xs">View</button>
                            </td>
                        </tr>
                        <tr style="display:none;">
                            <td class="col-xs-9" colspan="3"><p>No genes found with ontology associations.
</p>
                            </td>
                        </tr>
                        <tr class='warning'>
                            <td class="col-xs-10">test_gene_tab_go_biological_filter_gene_result</td>
                            <td class="col-xs-1">
                                <span class="label label-warning" style="display:block;width:40px;">Error</span>
                            </td>
                            <td class="col-xs-1">
                                <button class="btn btn-default btn-xs">View</button>
                            </td>
                        </tr>
                        <tr style="display:none;">
                            <td class="col-xs-9" colspan="3"><p style="color:maroon;">IndexError: list index out of range</p><p style="color:maroon;">Traceback (most recent call last):
  File "C:\Users\jeffc\git\mgiselenium\PyTests\FeWI\gxd_results.py", line 235, in test_gene_tab_go_biological_filter_gene_result
    self.driver.find_elements_by_name('goBpFilter')[5].click()
IndexError: list index out of range
</p>
                            </td>
                        </tr>
                        <tr class='danger'>
                            <td class="col-xs-10">test_gene_tab_go_biological_filter_list</td>
                            <td class="col-xs-1">
                                <span class="label label-danger" style="display:block;width:40px;">Fail</span>
                            </td>
                            <td class="col-xs-1">
                                <button class="btn btn-default btn-xs">View</button>
                            </td>
                        </tr>
                        <tr style="display:none;">
                            <td class="col-xs-9" colspan="3"><p>[]
</p><p style="color:maroon;">AssertionError: Lists differ: [] != ['carbohydrate derivative metabolism', 'ce[340 chars]bar']

Second list contains 15 additional elements.
First extra element 0:
'carbohydrate derivative metabolism'

- []
+ ['carbohydrate derivative metabolism',
+  'cell death',
+  'cell differentiation',
+  'cell population proliferation',
+  'cellular component organization',
+  'establishment of localization',
+  'homeostatic process',
+  'immune system process',
+  'lipid metabolic process',
+  'nucleic acid-templated transcription',
+  'protein metabolic process',
+  'response to stimulus',
+  'signaling',
+  'system development',
+  'bar']</p><p style="color:maroon;">Traceback (most recent call last):
  File "C:\Users\jeffc\git\mgiselenium\PyTests\FeWI\gxd_results.py", line 215, in test_gene_tab_go_biological_filter_list
    self.assertEqual(biologic, ['carbohydrate derivative metabolism', 'cell death', 'cell differentiation', 'cell population proliferation', 'cellular component organization', 'establishment of localization', 'homeostatic process', 'immune system process', 'lipid metabolic process', 'nucleic acid-templated transcription', 'protein metabolic process', 'response to stimulus', 'signaling', 'system development', 'bar'])
AssertionError: Lists differ: [] != ['carbohydrate derivative metabolism', 'ce[340 chars]bar']

Second list contains 15 additional elements.
First extra element 0:
'carbohydrate derivative metabolism'

- []
+ ['carbohydrate derivative metabolism',
+  'cell death',
+  'cell differentiation',
+  'cell population proliferation',
+  'cellular component organization',
+  'establishment of localization',
+  'homeostatic process',
+  'immune system process',
+  'lipid metabolic process',
+  'nucleic acid-templated transcription',
+  'protein metabolic process',
+  'response to stimulus',
+  'signaling',
+  'system development',
+  'bar']
</p>
                            </td>
                        </tr>
                        <tr class='success'>
                            <td class="col-xs-10">test_gene_tab_go_biological_filter_no_genes</td>
                            <td class="col-xs-1">
                                <span class="label label-success" style="display:block;width:40px;">Pass</span>
                            </td>
                            <td class="col-xs-1">
                                <button class="btn btn-default btn-xs">View</button>
                            </td>
                        </tr>
                        <tr style="display:none;">
                            <td class="col-xs-9" colspan="3"><p>No genes found with ontology associations.
</p>
                            </td>
                        </tr>
                        <tr class='warning'>
                            <td class="col-xs-10">test_gene_tab_go_cellular_filter_gene_result</td>
                            <td class="col-xs-1">
                                <span class="label label-warning" style="display:block;width:40px;">Error</span>
                            </td>
                            <td class="col-xs-1">
                                <button class="btn btn-default btn-xs">View</button>
                            </td>
                        </tr>
                        <tr style="display:none;">
                            <td class="col-xs-9" colspan="3"><p style="color:maroon;">IndexError: list index out of range</p><p style="color:maroon;">Traceback (most recent call last):
  File "C:\Users\jeffc\git\mgiselenium\PyTests\FeWI\gxd_results.py", line 313, in test_gene_tab_go_cellular_filter_gene_result
    self.driver.find_elements_by_name('goCcFilter')[0].click()
IndexError: list index out of range
</p>
                            </td>
                        </tr>
                        <tr class='danger'>
                            <td class="col-xs-10">test_gene_tab_go_cellular_filter_list</td>
                            <td class="col-xs-1">
                                <span class="label label-danger" style="display:block;width:40px;">Fail</span>
                            </td>
                            <td class="col-xs-1">
                                <button class="btn btn-default btn-xs">View</button>
                            </td>
                        </tr>
                        <tr style="display:none;">
                            <td class="col-xs-9" colspan="3"><p>[]
</p><p style="color:maroon;">AssertionError: Lists differ: [] != ['cell projection', 'cytoplasmic vesicle',[253 chars]bar']

Second list contains 17 additional elements.
First extra element 0:
'cell projection'

- []
+ ['cell projection',
+  'cytoplasmic vesicle',
+  'cytoskeleton',
+  'cytosol',
+  'endoplasmic reticulum',
+  'endosome',
+  'extracellular region',
+  'Golgi apparatus',
+  'mitochondrion',
+  'non-membrane-bounded organelle',
+  'nucleus',
+  'organelle envelope',
+  'organelle lumen',
+  'plasma membrane',
+  'synapse',
+  'vacuole',
+  'bar']</p><p style="color:maroon;">Traceback (most recent call last):
  File "C:\Users\jeffc\git\mgiselenium\PyTests\FeWI\gxd_results.py", line 293, in test_gene_tab_go_cellular_filter_list
    self.assertEqual(cellular, ['cell projection', 'cytoplasmic vesicle', 'cytoskeleton', 'cytosol', 'endoplasmic reticulum', 'endosome', 'extracellular region', 'Golgi apparatus', 'mitochondrion', 'non-membrane-bounded organelle', 'nucleus', 'organelle envelope', 'organelle lumen', 'plasma membrane', 'synapse', 'vacuole', 'bar'])
AssertionError: Lists differ: [] != ['cell projection', 'cytoplasmic vesicle',[253 chars]bar']

Second list contains 17 additional elements.
First extra element 0:
'cell projection'

- []
+ ['cell projection',
+  'cytoplasmic vesicle',
+  'cytoskeleton',
+  'cytosol',
+  'endoplasmic reticulum',
+  'endosome',
+  'extracellular region',
+  'Golgi apparatus',
+  'mitochondrion',
+  'non-membrane-bounded organelle',
+  'nucleus',
+  'organelle envelope',
+  'organelle lumen',
+  'plasma membrane',
+  'synapse',
+  'vacuole',
+  'bar']
</p>
                            </td>
                        </tr>
                        <tr class='success'>
                            <td class="col-xs-10">test_gene_tab_go_cellular_filter_no_genes</td>
                            <td class="col-xs-1">
                                <span class="label label-success" style="display:block;width:40px;">Pass</span>
                            </td>
                            <td class="col-xs-1">
                                <button class="btn btn-default btn-xs">View</button>
                            </td>
                        </tr>
                        <tr style="display:none;">
                            <td class="col-xs-9" colspan="3"><p>No genes found with ontology associations.
</p>
                            </td>
                        </tr>
                        <tr class='warning'>
                            <td class="col-xs-10">test_gene_tab_go_molecular_filter_gene_result</td>
                            <td class="col-xs-1">
                                <span class="label label-warning" style="display:block;width:40px;">Error</span>
                            </td>
                            <td class="col-xs-1">
                                <button class="btn btn-default btn-xs">View</button>
                            </td>
                        </tr>
                        <tr style="display:none;">
                            <td class="col-xs-9" colspan="3"><p style="color:maroon;">IndexError: list index out of range</p><p style="color:maroon;">Traceback (most recent call last):
  File "C:\Users\jeffc\git\mgiselenium\PyTests\FeWI\gxd_results.py", line 157, in test_gene_tab_go_molecular_filter_gene_result
    self.driver.find_elements_by_name('goMfFilter')[5].click()
IndexError: list index out of range
</p>
                            </td>
                        </tr>
                        <tr class='danger'>
                            <td class="col-xs-10">test_gene_tab_go_molecular_filter_list</td>
                            <td class="col-xs-1">
                                <span class="label label-danger" style="display:block;width:40px;">Fail</span>
                            </td>
                            <td class="col-xs-1">
                                <button class="btn btn-default btn-xs">View</button>
                            </td>
                        </tr>
                        <tr style="display:none;">
                            <td class="col-xs-9" colspan="3"><p>[]
</p><p style="color:maroon;">AssertionError: Lists differ: [] != ['carbohydrate derivative binding', 'cytos[243 chars]bar']

Second list contains 15 additional elements.
First extra element 0:
'carbohydrate derivative binding'

- []
+ ['carbohydrate derivative binding',
+  'cytoskeletal protein binding',
+  'DNA binding',
+  'enzyme regulator',
+  'hydrolase',
+  'ligase',
+  'lipid binding',
+  'oxidoreductase',
+  'RNA binding',
+  'signaling receptor activity',
+  'signaling receptor binding',
+  'transcription',
+  'transferase',
+  'transporter',
+  'bar']</p><p style="color:maroon;">Traceback (most recent call last):
  File "C:\Users\jeffc\git\mgiselenium\PyTests\FeWI\gxd_results.py", line 137, in test_gene_tab_go_molecular_filter_list
    self.assertEqual(molecular, ['carbohydrate derivative binding', 'cytoskeletal protein binding', 'DNA binding', 'enzyme regulator', 'hydrolase', 'ligase', 'lipid binding', 'oxidoreductase', 'RNA binding', 'signaling receptor activity', 'signaling receptor binding', 'transcription', 'transferase', 'transporter', 'bar'])
AssertionError: Lists differ: [] != ['carbohydrate derivative binding', 'cytos[243 chars]bar']

Second list contains 15 additional elements.
First extra element 0:
'carbohydrate derivative binding'

- []
+ ['carbohydrate derivative binding',
+  'cytoskeletal protein binding',
+  'DNA binding',
+  'enzyme regulator',
+  'hydrolase',
+  'ligase',
+  'lipid binding',
+  'oxidoreductase',
+  'RNA binding',
+  'signaling receptor activity',
+  'signaling receptor binding',
+  'transcription',
+  'transferase',
+  'transporter',
+  'bar']
</p>
                            </td>
                        </tr>
                        <tr class='success'>
                            <td class="col-xs-10">test_gene_tab_go_molecular_filter_no_genes</td>
                            <td class="col-xs-1">
                                <span class="label label-success" style="display:block;width:40px;">Pass</span>
                            </td>
                            <td class="col-xs-1">
                                <button class="btn btn-default btn-xs">View</button>
                            </td>
                        </tr>
                        <tr style="display:none;">
                            <td class="col-xs-9" colspan="3"><p>No genes found with ontology associations.
</p>
                            </td>
                        </tr>
                        <tr>
                            <td colspan="3">
                                Total: 20, Pass: 6, Fail: 6, Error: 8 -- Duration: 434.32 s
                            </td>
                        </tr>
                    </tbody>
                </table>
            </div>
        </div>
        <div class="row">
            <div class="col-xs-12 col-sm-10 col-md-10">
                <table class='table table-hover table-responsive'>
                    <thead>
                        <tr>
                            <th>gxd_rna_seq_qf_autocomplete_list.TestGxdRnaSeqAutocomplete</th>
                            <th>Status</th>
                            <th></th>
                        </tr>
                    </thead>
                    <tbody>
                        <tr class='success'>
                            <td class="col-xs-10">test_index_structureAC_headers</td>
                            <td class="col-xs-1">
                                <span class="label label-success" style="display:block;width:40px;">Pass</span>
                            </td>
                            <td class="col-xs-1">
                                <button class="btn btn-default btn-xs">View</button>
                            </td>
                        </tr>
                        <tr style="display:none;">
                            <td class="col-xs-9" colspan="3"><p>BEGIN test_structureAC_headers
heart
heart apex
heart atrium
heart endothelium
heart mesenchyme
heart mesentery
heart septum
heart trabecula
heart valve
heart ventricle
heart and pericardium
heart anulus fibrosus
heart blood vessel
heart elastic tissue
heart left ventricle
heart papillary muscle
heart right ventricle
heart valve primordium
heart ventricle papillary muscle
heart ventricle wall
heart muscle[syn. of cardiac muscle tissue]
heart rudiment[syn. of cardiogenic plate]
anterior heart field[syn. of secondary heart field]
apex of heart ventricle
dorsal heart mesentery[syn. of dorsal mesocardium]
dorsal mesentery of heart[syn. of dorsal mesocardium]
great vein of heart
great vessel of heart
heart great vessel[syn. of great vessel of heart]
primary heart field
primitive heart tube
second heart field[syn. of secondary heart field]
secondary heart field
primitive heart tube cardiac jelly
primitive heart tube cardiac muscle
primitive heart tube endocardial tube
</p>
                            </td>
                        </tr>
                        <tr>
                            <td colspan="3">
                                Total: 1, Pass: 1 -- Duration: 7.74 s
                            </td>
                        </tr>
                    </tbody>
                </table>
            </div>
        </div>
        <div class="row">
            <div class="col-xs-12 col-sm-10 col-md-10">
                <table class='table table-hover table-responsive'>
                    <thead>
                        <tr>
                            <th>gxd_rna_seq_qf_search.TestGxdRnaSeqSearching</th>
                            <th>Status</th>
                            <th></th>
                        </tr>
                    </thead>
                    <tbody>
                        <tr class='success'>
                            <td class="col-xs-10">test_rnaseq_age_search</td>
                            <td class="col-xs-1">
                                <span class="label label-success" style="display:block;width:40px;">Pass</span>
                            </td>
                            <td class="col-xs-1">
                                <button class="btn btn-default btn-xs">View</button>
                            </td>
                        </tr>
                        <tr style="display:none;">
                            <td class="col-xs-9" colspan="3"><p>BEGIN test_rnaseq_age_search
Transcription profiling of mouse preimplantation development
</p>
                            </td>
                        </tr>
                        <tr class='success'>
                            <td class="col-xs-10">test_rnaseq_array_id_search</td>
                            <td class="col-xs-1">
                                <span class="label label-success" style="display:block;width:40px;">Pass</span>
                            </td>
                            <td class="col-xs-1">
                                <button class="btn btn-default btn-xs">View</button>
                            </td>
                        </tr>
                        <tr style="display:none;">
                            <td class="col-xs-9" colspan="3"><p>BEGIN test_rnaseq_array_id_search
ArrayExpress: E-GEOD-45719
GEO: GSE45719
</p>
                            </td>
                        </tr>
                        <tr class='success'>
                            <td class="col-xs-10">test_rnaseq_geo_id_search</td>
                            <td class="col-xs-1">
                                <span class="label label-success" style="display:block;width:40px;">Pass</span>
                            </td>
                            <td class="col-xs-1">
                                <button class="btn btn-default btn-xs">View</button>
                            </td>
                        </tr>
                        <tr style="display:none;">
                            <td class="col-xs-9" colspan="3"><p>BEGIN test_rnaseq_geo_id_search
ArrayExpress: E-GEOD-41637
GEO: GSE41637
</p>
                            </td>
                        </tr>
                        <tr class='success'>
                            <td class="col-xs-10">test_rnaseq_method_search</td>
                            <td class="col-xs-1">
                                <span class="label label-success" style="display:block;width:40px;">Pass</span>
                            </td>
                            <td class="col-xs-1">
                                <button class="btn btn-default btn-xs">View</button>
                            </td>
                        </tr>
                        <tr style="display:none;">
                            <td class="col-xs-9" colspan="3"><p>BEGIN test_rnaseq_method_search
RNA-Seq
</p>
                            </td>
                        </tr>
                        <tr class='success'>
                            <td class="col-xs-10">test_rnaseq_mutant_search</td>
                            <td class="col-xs-1">
                                <span class="label label-success" style="display:block;width:40px;">Pass</span>
                            </td>
                            <td class="col-xs-1">
                                <button class="btn btn-default btn-xs">View</button>
                            </td>
                        </tr>
                        <tr style="display:none;">
                            <td class="col-xs-9" colspan="3"><p>BEGIN test_rnaseq_mutant_search
['Mutant Allele(s)', 'Hdac1tm1.1Eno/Hdac1tm1.1Eno\nTg(Zp3-cre)3Mrt/0', 'Hdac1tm1.1Eno/Hdac1tm1.1Eno\nTg(Zp3-cre)3Mrt/0', 'Hdac1tm1.1Eno/Hdac1tm1.1Eno\nTg(Zp3-cre)3Mrt/0', 'Hdac1tm1.1Eno/Hdac1tm1.1Eno\nTg(Zp3-cre)3Mrt/0', 'Hdac2tm1.1Eno/Hdac2tm1.1Eno\nTg(Zp3-cre)3Mrt/0', 'Hdac2tm1.1Eno/Hdac2tm1.1Eno\nTg(Zp3-cre)3Mrt/0', 'Hdac2tm1.1Eno/Hdac2tm1.1Eno\nTg(Zp3-cre)3Mrt/0', 'Hdac2tm1.1Eno/Hdac2tm1.1Eno\nTg(Zp3-cre)3Mrt/0', 'Hdac2tm1.1Eno/Hdac2tm1.1Eno\nHdac1tm1.1Eno/Hdac1tm1.1Eno\nTg(Zp3-cre)3Mrt/0', 'Hdac2tm1.1Eno/Hdac2tm1.1Eno\nHdac1tm1.1Eno/Hdac1tm1.1Eno\nTg(Zp3-cre)3Mrt/0', 'Hdac2tm1.1Eno/Hdac2tm1.1Eno\nHdac1tm1.1Eno/Hdac1tm1.1Eno\nTg(Zp3-cre)3Mrt/0', 'Hdac2tm1.1Eno/Hdac2tm1.1Eno\nHdac1tm1.1Eno/Hdac1tm1.1Eno\nTg(Zp3-cre)3Mrt/0', 'Hdac2tm1.1Eno/Hdac2tm1.1Eno\nHdac1tm1.1Eno/Hdac1tm1.1Eno', 'Hdac2tm1.1Eno/Hdac2tm1.1Eno\nHdac1tm1.1Eno/Hdac1tm1.1Eno', 'Hdac2tm1.1Eno/Hdac2tm1.1Eno\nHdac1tm1.1Eno/Hdac1tm1.1Eno', 'Hdac2tm1.1Eno/Hdac2tm1.1Eno\nHdac1tm1.1Eno/Hdac1tm1.1Eno']
</p>
                            </td>
                        </tr>
                        <tr class='success'>
                            <td class="col-xs-10">test_rnaseq_mutant_search1</td>
                            <td class="col-xs-1">
                                <span class="label label-success" style="display:block;width:40px;">Pass</span>
                            </td>
                            <td class="col-xs-1">
                                <button class="btn btn-default btn-xs">View</button>
                            </td>
                        </tr>
                        <tr style="display:none;">
                            <td class="col-xs-9" colspan="3"><p>BEGIN test_rnaseq_mutant_search1
['Mutant Allele(s)', 'Hnf1atm1.1Ylee/Hnf1atm1.1Ylee', 'Hnf1atm1.1Ylee/Hnf1atm1.1Ylee', 'Hnf1atm1.1Ylee/Hnf1atm1.1Ylee', 'Hnf1atm1.1Ylee/Hnf1atm1.1Ylee', '', '', '', '']
</p>
                            </td>
                        </tr>
                        <tr class='success'>
                            <td class="col-xs-10">test_rnaseq_mutant_search2</td>
                            <td class="col-xs-1">
                                <span class="label label-success" style="display:block;width:40px;">Pass</span>
                            </td>
                            <td class="col-xs-1">
                                <button class="btn btn-default btn-xs">View</button>
                            </td>
                        </tr>
                        <tr style="display:none;">
                            <td class="col-xs-9" colspan="3"><p>BEGIN test_rnaseq_mutant_search2
['Mutant Allele(s)', 'Gata1tm7Sho/Gata1tm7Sho', 'Gata1tm7Sho/Y', 'Gata1tm7Sho/Gata1tm7Sho', 'Gata1tm7Sho/Y', '', '', '', '']
</p>
                            </td>
                        </tr>
                        <tr class='success'>
                            <td class="col-xs-10">test_rnaseq_sex_search</td>
                            <td class="col-xs-1">
                                <span class="label label-success" style="display:block;width:40px;">Pass</span>
                            </td>
                            <td class="col-xs-1">
                                <button class="btn btn-default btn-xs">View</button>
                            </td>
                        </tr>
                        <tr style="display:none;">
                            <td class="col-xs-9" colspan="3"><p>BEGIN test_rnaseq_sex_search
['Sex', 'Pooled', 'Pooled', 'Pooled', 'Pooled', 'Pooled', 'Pooled']
</p>
                            </td>
                        </tr>
                        <tr class='success'>
                            <td class="col-xs-10">test_rnaseq_strain_search</td>
                            <td class="col-xs-1">
                                <span class="label label-success" style="display:block;width:40px;">Pass</span>
                            </td>
                            <td class="col-xs-1">
                                <button class="btn btn-default btn-xs">View</button>
                            </td>
                        </tr>
                        <tr style="display:none;">
                            <td class="col-xs-9" colspan="3"><p>BEGIN test_rnaseq_strain_search
['Genetic Background', 'C57BL/6JRj', 'C57BL/6JRj', 'C57BL/6JRj', 'C57BL/6JRj', 'C57BL/6JRj', 'C57BL/6JRj', 'C57BL/6JRj', 'C57BL/6JRj', 'C57BL/6JRj', 'C57BL/6JRj', 'C57BL/6JRj', 'C57BL/6JRj', 'C57BL/6JRj', 'C57BL/6JRj', 'C57BL/6JRj', 'C57BL/6JRj', 'C57BL/6JRj', 'C57BL/6JRj']
</p>
                            </td>
                        </tr>
                        <tr class='success'>
                            <td class="col-xs-10">test_rnaseq_strain_wild_search</td>
                            <td class="col-xs-1">
                                <span class="label label-success" style="display:block;width:40px;">Pass</span>
                            </td>
                            <td class="col-xs-1">
                                <button class="btn btn-default btn-xs">View</button>
                            </td>
                        </tr>
                        <tr style="display:none;">
                            <td class="col-xs-9" colspan="3"><p>BEGIN test_rnaseq_strain_wild_search
['Genetic Background', 'C57BL/6JRcc', 'C57BL/6JRcc', 'C57BL/6JRcc', 'C57BL/6JRcc', 'C57BL/6JRcc', 'C57BL/6JRcc', 'B6JRccHsd.Cg-Ppt1tm1Aj Cln5tm1Pltn', 'B6JRccHsd.Cg-Ppt1tm1Aj Cln5tm1Pltn', 'B6JRccHsd.Cg-Ppt1tm1Aj Cln5tm1Pltn', 'B6JRccHsd.Cg-Ppt1tm1Aj Cln5tm1Pltn', 'B6JRccHsd.Cg-Ppt1tm1Aj Cln5tm1Pltn', 'B6JRccHsd.Cg-Ppt1tm1Aj Cln5tm1Pltn']
</p>
                            </td>
                        </tr>
                        <tr class='success'>
                            <td class="col-xs-10">test_rnaseq_structure_search</td>
                            <td class="col-xs-1">
                                <span class="label label-success" style="display:block;width:40px;">Pass</span>
                            </td>
                            <td class="col-xs-1">
                                <button class="btn btn-default btn-xs">View</button>
                            </td>
                        </tr>
                        <tr style="display:none;">
                            <td class="col-xs-9" colspan="3"><p>BEGIN test_rnaseq_structure_search
Evolutionary dynamics of gene and isoform regulation in mammalian tissues
</p>
                            </td>
                        </tr>
                        <tr class='success'>
                            <td class="col-xs-10">test_rnaseq_text_search</td>
                            <td class="col-xs-1">
                                <span class="label label-success" style="display:block;width:40px;">Pass</span>
                            </td>
                            <td class="col-xs-1">
                                <button class="btn btn-default btn-xs">View</button>
                            </td>
                        </tr>
                        <tr style="display:none;">
                            <td class="col-xs-9" colspan="3"><p>BEGIN test_rnaseq_text_search
To unravel the molecular mechanisms mediating the effects of androgens on spermatogenesis, testicular gene expression was compared in mice with a Sertoli cell-selective androgen receptor knockout (SCARKO) and littermate controls on postnatal d 10. At this age testicular cell composition is still comparable in SCARKOs and controls. Microarray analysis identified 692 genes with significant differences in expression. A more than 2-fold up- or downregulation by androgen action in Sertoli cells was observed for 28 and 6 genes respectively. The biological relevance of the "strongly" upregulated genes was supported by the finding that several of them were previously described to be androgen-regulated or essential for spermatogenesis. Serine protease inhibitors were overrepresented in the same subgroup suggesting a role for androgens in cell junction dynamics and tissue restructuring events during spermatogenesis. A time course experiment (d8-d20), followed by cluster analysis allowed the identification of typical expression patterns of differentially expressed testicular genes during initiation of spermatogenesis. Three genes with a pattern closely resembling that of Pem, a prototypal androgen-regulated gene in Sertoli cells, were selected for confirmation by RT-PCR and further analysis. The data confirm that the SCARKO model allows identification of novel androgen-regulated genes in the testis. This series represents the time course data from d 8, d 10, d 12, d 16 and d 20. The expression data from the additional SCARKO vs control comparison on d 10 is represented by series GSE2260 (Testicular gene expression in SCARKO mice at day 10). Keywords = SCARKO Keywords = testis Keywords = spermatogenesis Keywords = androgens Keywords = microarray Keywords = Pem Keywords = serine protease inhibitor
</p>
                            </td>
                        </tr>
                        <tr class='success'>
                            <td class="col-xs-10">test_rnaseq_text_wild_search</td>
                            <td class="col-xs-1">
                                <span class="label label-success" style="display:block;width:40px;">Pass</span>
                            </td>
                            <td class="col-xs-1">
                                <button class="btn btn-default btn-xs">View</button>
                            </td>
                        </tr>
                        <tr style="display:none;">
                            <td class="col-xs-9" colspan="3"><p>BEGIN test_rnaseq_text_wild_search
To understand the molecular and cellular mechanisms of pathogenesis of autosomal recessive polycystic kidney disease , we performed a microarray gene expression profiling in early stage kidneys of B6C3Fe a/a-bpck mutant and wild-type mice at postnatal day 3. Genes with over 1.5-fold expression changes in mutant kidneys compared with age matched wild-type tissues were selected for analysis. This study represents the first widespread profiling of B6C3Fe a/a-bpck mutant mouse kidney and provides a valuable platform for better understanding the molecular mechanisms of polycystic kidney disease in human. Mutational analysis was performed in accordance with the protocol of Jackson Laboratory, total RNA was extracted from kidneys of 3 days of postnatal age using a monophasic solution of phenol/guanidine isothiocyanate and TRIzol reagent (Invitrogen) according to their manual, and the samples were incubated with RNase-free DNase I (Ambion). The quality and concentration of each sample were confirmed by spectrophotometry. Affymetrix 430 2.0 arrays were used according to standard Affymetrix procedures. Data analysis was performed with dChip software (Dec.2010 version). These measurements were confirmed by Real-Time PCR.
</p>
                            </td>
                        </tr>
                        <tr class='success'>
                            <td class="col-xs-10">test_rnaseq_theiler_search</td>
                            <td class="col-xs-1">
                                <span class="label label-success" style="display:block;width:40px;">Pass</span>
                            </td>
                            <td class="col-xs-1">
                                <button class="btn btn-default btn-xs">View</button>
                            </td>
                        </tr>
                        <tr style="display:none;">
                            <td class="col-xs-9" colspan="3"><p>BEGIN test_rnaseq_theiler_search
Transcription profiling by high throughput sequencing of Oct4 null and wild type mouse embryos at three embryonic stages
</p>
                            </td>
                        </tr>
                        <tr>
                            <td colspan="3">
                                Total: 14, Pass: 14 -- Duration: 117.81 s
                            </td>
                        </tr>
                    </tbody>
                </table>
            </div>
        </div>
        <div class="row">
            <div class="col-xs-12 col-sm-10 col-md-10">
                <table class='table table-hover table-responsive'>
                    <thead>
                        <tr>
                            <th>gxd_rna_seq_samples.TestGxdRnaSeqSamples</th>
                            <th>Status</th>
                            <th></th>
                        </tr>
                    </thead>
                    <tbody>
                        <tr class='success'>
                            <td class="col-xs-10">test_rnaseq_samples_array_express_link</td>
                            <td class="col-xs-1">
                                <span class="label label-success" style="display:block;width:40px;">Pass</span>
                            </td>
                            <td class="col-xs-1">
                                <button class="btn btn-default btn-xs">View</button>
                            </td>
                        </tr>
                        <tr style="display:none;">
                            <td class="col-xs-9" colspan="3"><p>BEGIN test_rnaseq_samples_array_express_link
https://www.ebi.ac.uk/arrayexpress/experiments/E-ERAD-433/
</p>
                            </td>
                        </tr>
                        <tr class='success'>
                            <td class="col-xs-10">test_rnaseq_samples_exp_atlas_link</td>
                            <td class="col-xs-1">
                                <span class="label label-success" style="display:block;width:40px;">Pass</span>
                            </td>
                            <td class="col-xs-1">
                                <button class="btn btn-default btn-xs">View</button>
                            </td>
                        </tr>
                        <tr style="display:none;">
                            <td class="col-xs-9" colspan="3"><p>BEGIN test_rnaseq_samples_exp_atlas_link
https://www.ebi.ac.uk/gxa/experiments/E-ERAD-169/Results
</p>
                            </td>
                        </tr>
                        <tr class='success'>
                            <td class="col-xs-10">test_rnaseq_samples_geo_link</td>
                            <td class="col-xs-1">
                                <span class="label label-success" style="display:block;width:40px;">Pass</span>
                            </td>
                            <td class="col-xs-1">
                                <button class="btn btn-default btn-xs">View</button>
                            </td>
                        </tr>
                        <tr style="display:none;">
                            <td class="col-xs-9" colspan="3"><p>BEGIN test_rnaseq_samples_geo_link
https://www.ncbi.nlm.nih.gov/geo/query/acc.cgi?acc=GSE868
</p>
                            </td>
                        </tr>
                        <tr class='success'>
                            <td class="col-xs-10">test_rnaseq_samples_mutant_note</td>
                            <td class="col-xs-1">
                                <span class="label label-success" style="display:block;width:40px;">Pass</span>
                            </td>
                            <td class="col-xs-1">
                                <button class="btn btn-default btn-xs">View</button>
                            </td>
                        </tr>
                        <tr style="display:none;">
                            <td class="col-xs-9" colspan="3"><p>BEGIN test_rnaseq_samples_mutant_note
['Note', 'Conditional mutant. day 6 of pregnancy', 'Conditional mutant. day 6 of pregnancy', 'Conditional mutant. day 6 of pregnancy', 'day 6 of pregnancy', 'day 6 of pregnancy', 'day 6 of pregnancy', 'day 6 of pregnancy', 'day 6 of pregnancy', 'day 6 of pregnancy', 'day 6 of pregnancy', 'day 6 of pregnancy', 'day 6 of pregnancy', 'day 6 of pregnancy', 'day 6 of pregnancy', 'day 6 of pregnancy', 'day 6 of pregnancy', 'day 6 of pregnancy', 'day 6 of pregnancy', 'Conditional mutant. day of parturition (within 12 hours after delivery)', 'Conditional mutant. day of parturition (within 12 hours after delivery)', 'day of parturition (within 12 hours after delivery)', 'day of parturition (within 12 hours after delivery)', 'day of parturition (within 12 hours after delivery)', 'day of parturition (within 12 hours after delivery)', 'day of parturition (within 12 hours after delivery)', 'day of parturition (within 12 hours after delivery)', 'day of parturition (within 12 hours after delivery)', 'day of parturition (within 12 hours after delivery)', 'day of parturition (within 12 hours after delivery)', 'day of parturition (within 12 hours after delivery)', 'day of parturition (within 12 hours after delivery)']
</p>
                            </td>
                        </tr>
                        <tr>
                            <td colspan="3">
                                Total: 4, Pass: 4 -- Duration: 48.74 s
                            </td>
                        </tr>
                    </tbody>
                </table>
            </div>
        </div>
        <div class="row">
            <div class="col-xs-12 col-sm-10 col-md-10">
                <table class='table table-hover table-responsive'>
                    <thead>
                        <tr>
                            <th>gxd_rna_seq_summary.TestGxdRnaSeqSummary</th>
                            <th>Status</th>
                            <th></th>
                        </tr>
                    </thead>
                    <tbody>
                        <tr class='success'>
                            <td class="col-xs-10">test_rnaseq_summary_array_express_link</td>
                            <td class="col-xs-1">
                                <span class="label label-success" style="display:block;width:40px;">Pass</span>
                            </td>
                            <td class="col-xs-1">
                                <button class="btn btn-default btn-xs">View</button>
                            </td>
                        </tr>
                        <tr style="display:none;">
                            <td class="col-xs-9" colspan="3"><p>BEGIN test_rnaseq_summary_array_express_link
E-ERAD-433
https://www.ebi.ac.uk/arrayexpress/experiments/E-ERAD-433/
</p>
                            </td>
                        </tr>
                        <tr class='success'>
                            <td class="col-xs-10">test_rnaseq_summary_exp_atlas_link</td>
                            <td class="col-xs-1">
                                <span class="label label-success" style="display:block;width:40px;">Pass</span>
                            </td>
                            <td class="col-xs-1">
                                <button class="btn btn-default btn-xs">View</button>
                            </td>
                        </tr>
                        <tr style="display:none;">
                            <td class="col-xs-9" colspan="3"><p>BEGIN test_rnaseq_summary_exp_atlas_link
E-ERAD-169
https://www.ebi.ac.uk/gxa/experiments/E-ERAD-169/Results
</p>
                            </td>
                        </tr>
                        <tr class='success'>
                            <td class="col-xs-10">test_rnaseq_summary_geo_link</td>
                            <td class="col-xs-1">
                                <span class="label label-success" style="display:block;width:40px;">Pass</span>
                            </td>
                            <td class="col-xs-1">
                                <button class="btn btn-default btn-xs">View</button>
                            </td>
                        </tr>
                        <tr style="display:none;">
                            <td class="col-xs-9" colspan="3"><p>BEGIN test_rnaseq_summary_geo_link
E-GEOD-868
https://www.ebi.ac.uk/arrayexpress/experiments/E-GEOD-868/
</p>
                            </td>
                        </tr>
                        <tr class='danger'>
                            <td class="col-xs-10">test_rnaseq_summary_gxd_link</td>
                            <td class="col-xs-1">
                                <span class="label label-danger" style="display:block;width:40px;">Fail</span>
                            </td>
                            <td class="col-xs-1">
                                <button class="btn btn-default btn-xs">View</button>
                            </td>
                        </tr>
                        <tr style="display:none;">
                            <td class="col-xs-9" colspan="3"><p>BEGIN test_rnaseq_summary_gxd_link
<selenium.webdriver.remote.webelement.WebElement (session="8c2a57fdf0beb8ea08951486be68d673", element="0.6506687451312427-1")>
http://scrumdogdev.informatics.jax.org/gxd/experiment/E-ERAD-169
</p><p style="color:maroon;">AssertionError: 'http://scrumdogdev.informatics.jax.org/gxd/experiment/E-ERAD-169' != 'http://test.informatics.jax.org/gxd/experiment/E-ERAD-169'
- http://scrumdogdev.informatics.jax.org/gxd/experiment/E-ERAD-169
?         ^^^^^^^^^^
+ http://test.informatics.jax.org/gxd/experiment/E-ERAD-169
?        ++ ^
</p><p style="color:maroon;">Traceback (most recent call last):
  File "C:\Users\jeffc\git\mgiselenium\PyTests\FeWI\gxd_rna_seq_summary.py", line 238, in test_rnaseq_summary_gxd_link
    self.assertEqual(page_url, "http://test.informatics.jax.org/gxd/experiment/E-ERAD-169")
AssertionError: 'http://scrumdogdev.informatics.jax.org/gxd/experiment/E-ERAD-169' != 'http://test.informatics.jax.org/gxd/experiment/E-ERAD-169'
- http://scrumdogdev.informatics.jax.org/gxd/experiment/E-ERAD-169
?         ^^^^^^^^^^
+ http://test.informatics.jax.org/gxd/experiment/E-ERAD-169
?        ++ ^

</p>
                            </td>
                        </tr>
                        <tr class='success'>
                            <td class="col-xs-10">test_rnaseq_summary_multi_var_filter</td>
                            <td class="col-xs-1">
                                <span class="label label-success" style="display:block;width:40px;">Pass</span>
                            </td>
                            <td class="col-xs-1">
                                <button class="btn btn-default btn-xs">View</button>
                            </td>
                        </tr>
                        <tr style="display:none;">
                            <td class="col-xs-9" colspan="3"><p>BEGIN test_rnaseq_summary_multi_var_filter
developmental stage
genotype
anatomical structure
developmental stage
genotype
single cell variation
</p>
                            </td>
                        </tr>
                        <tr class='success'>
                            <td class="col-xs-10">test_rnaseq_summary_single_var_filter</td>
                            <td class="col-xs-1">
                                <span class="label label-success" style="display:block;width:40px;">Pass</span>
                            </td>
                            <td class="col-xs-1">
                                <button class="btn btn-default btn-xs">View</button>
                            </td>
                        </tr>
                        <tr style="display:none;">
                            <td class="col-xs-9" colspan="3"><p>BEGIN test_rnaseq_summary_single_var_filter
developmental stage
genotype
</p>
                            </td>
                        </tr>
                        <tr class='success'>
                            <td class="col-xs-10">test_rnaseq_summary_study_filter</td>
                            <td class="col-xs-1">
                                <span class="label label-success" style="display:block;width:40px;">Pass</span>
                            </td>
                            <td class="col-xs-1">
                                <button class="btn btn-default btn-xs">View</button>
                            </td>
                        </tr>
                        <tr style="display:none;">
                            <td class="col-xs-9" colspan="3"><p>BEGIN test_rnaseq_summary_study_filter
WT vs. Mutant
</p>
                            </td>
                        </tr>
                        <tr class='success'>
                            <td class="col-xs-10">test_rnaseq_summary_vea_sort_order</td>
                            <td class="col-xs-1">
                                <span class="label label-success" style="display:block;width:40px;">Pass</span>
                            </td>
                            <td class="col-xs-1">
                                <button class="btn btn-default btn-xs">View</button>
                            </td>
                        </tr>
                        <tr style="display:none;">
                            <td class="col-xs-9" colspan="3"><p>BEGIN test_rnaseq_summary_vea_sort_order
GXD: E-ERAD-169
Expression Atlas: E-ERAD-169
ArrayExpress: E-ERAD-169
</p>
                            </td>
                        </tr>
                        <tr>
                            <td colspan="3">
                                Total: 8, Pass: 7, Fail: 1 -- Duration: 111.20 s
                            </td>
                        </tr>
                    </tbody>
                </table>
            </div>
        </div>
        <div class="row">
            <div class="col-xs-12 col-sm-10 col-md-10">
                <table class='table table-hover table-responsive'>
                    <thead>
                        <tr>
                            <th>gxd_diff_qf.TestGxdDifferentialQF</th>
                            <th>Status</th>
                            <th></th>
                        </tr>
                    </thead>
                    <tbody>
                        <tr class='warning'>
                            <td class="col-xs-10">test_diff_exp_notexp</td>
                            <td class="col-xs-1">
                                <span class="label label-warning" style="display:block;width:40px;">Error</span>
                            </td>
                            <td class="col-xs-1">
                                <button class="btn btn-default btn-xs">View</button>
                            </td>
                        </tr>
                        <tr style="display:none;">
                            <td class="col-xs-9" colspan="3"><p style="color:maroon;">NoSuchElementException: Message: no such element: Unable to locate element: {"method":"id","selector":"colGroup"}
  (Session info: chrome=64.0.3282.186)
  (Driver info: chromedriver=2.33.506120 (e3e53437346286c0bc2d2dc9aa4915ba81d9023f),platform=Windows NT 6.1.7601 SP1 x86_64)
</p><p style="color:maroon;">Traceback (most recent call last):
  File "C:\Users\jeffc\git\mgiselenium\PyTests\FeWI\gxd_diff_qf.py", line 223, in test_diff_exp_notexp
    self.driver.find_element(By.ID, 'colGroup')
  File "C:\Users\jeffc\AppData\Local\Programs\Python\Python38\lib\site-packages\selenium\webdriver\remote\webdriver.py", line 976, in find_element
    return self.execute(Command.FIND_ELEMENT, {
  File "C:\Users\jeffc\AppData\Local\Programs\Python\Python38\lib\site-packages\selenium\webdriver\remote\webdriver.py", line 321, in execute
    self.error_handler.check_response(response)
  File "C:\Users\jeffc\AppData\Local\Programs\Python\Python38\lib\site-packages\selenium\webdriver\remote\errorhandler.py", line 242, in check_response
    raise exception_class(message, screen, stacktrace)
selenium.common.exceptions.NoSuchElementException: Message: no such element: Unable to locate element: {"method":"id","selector":"colGroup"}
  (Session info: chrome=64.0.3282.186)
  (Driver info: chromedriver=2.33.506120 (e3e53437346286c0bc2d2dc9aa4915ba81d9023f),platform=Windows NT 6.1.7601 SP1 x86_64)

</p>
                            </td>
                        </tr>
                        <tr class='warning'>
                            <td class="col-xs-10">test_diff_parent</td>
                            <td class="col-xs-1">
                                <span class="label label-warning" style="display:block;width:40px;">Error</span>
                            </td>
                            <td class="col-xs-1">
                                <button class="btn btn-default btn-xs">View</button>
                            </td>
                        </tr>
                        <tr style="display:none;">
                            <td class="col-xs-9" colspan="3"><p style="color:maroon;">NoSuchElementException: Message: no such element: Unable to locate element: {"method":"id","selector":"colGroup"}
  (Session info: chrome=64.0.3282.186)
  (Driver info: chromedriver=2.33.506120 (e3e53437346286c0bc2d2dc9aa4915ba81d9023f),platform=Windows NT 6.1.7601 SP1 x86_64)
</p><p style="color:maroon;">Traceback (most recent call last):
  File "C:\Users\jeffc\git\mgiselenium\PyTests\FeWI\gxd_diff_qf.py", line 160, in test_diff_parent
    self.driver.find_element(By.ID, 'colGroup')
  File "C:\Users\jeffc\AppData\Local\Programs\Python\Python38\lib\site-packages\selenium\webdriver\remote\webdriver.py", line 976, in find_element
    return self.execute(Command.FIND_ELEMENT, {
  File "C:\Users\jeffc\AppData\Local\Programs\Python\Python38\lib\site-packages\selenium\webdriver\remote\webdriver.py", line 321, in execute
    self.error_handler.check_response(response)
  File "C:\Users\jeffc\AppData\Local\Programs\Python\Python38\lib\site-packages\selenium\webdriver\remote\errorhandler.py", line 242, in check_response
    raise exception_class(message, screen, stacktrace)
selenium.common.exceptions.NoSuchElementException: Message: no such element: Unable to locate element: {"method":"id","selector":"colGroup"}
  (Session info: chrome=64.0.3282.186)
  (Driver info: chromedriver=2.33.506120 (e3e53437346286c0bc2d2dc9aa4915ba81d9023f),platform=Windows NT 6.1.7601 SP1 x86_64)

</p>
                            </td>
                        </tr>
                        <tr class='warning'>
                            <td class="col-xs-10">test_diff_systems</td>
                            <td class="col-xs-1">
                                <span class="label label-warning" style="display:block;width:40px;">Error</span>
                            </td>
                            <td class="col-xs-1">
                                <button class="btn btn-default btn-xs">View</button>
                            </td>
                        </tr>
                        <tr style="display:none;">
                            <td class="col-xs-9" colspan="3"><p style="color:maroon;">NoSuchElementException: Message: no such element: Unable to locate element: {"method":"id","selector":"colGroup"}
  (Session info: chrome=64.0.3282.186)
  (Driver info: chromedriver=2.33.506120 (e3e53437346286c0bc2d2dc9aa4915ba81d9023f),platform=Windows NT 6.1.7601 SP1 x86_64)
</p><p style="color:maroon;">Traceback (most recent call last):
  File "C:\Users\jeffc\git\mgiselenium\PyTests\FeWI\gxd_diff_qf.py", line 103, in test_diff_systems
    self.driver.find_element(By.ID, 'colGroup')
  File "C:\Users\jeffc\AppData\Local\Programs\Python\Python38\lib\site-packages\selenium\webdriver\remote\webdriver.py", line 976, in find_element
    return self.execute(Command.FIND_ELEMENT, {
  File "C:\Users\jeffc\AppData\Local\Programs\Python\Python38\lib\site-packages\selenium\webdriver\remote\webdriver.py", line 321, in execute
    self.error_handler.check_response(response)
  File "C:\Users\jeffc\AppData\Local\Programs\Python\Python38\lib\site-packages\selenium\webdriver\remote\errorhandler.py", line 242, in check_response
    raise exception_class(message, screen, stacktrace)
selenium.common.exceptions.NoSuchElementException: Message: no such element: Unable to locate element: {"method":"id","selector":"colGroup"}
  (Session info: chrome=64.0.3282.186)
  (Driver info: chromedriver=2.33.506120 (e3e53437346286c0bc2d2dc9aa4915ba81d9023f),platform=Windows NT 6.1.7601 SP1 x86_64)

</p>
                            </td>
                        </tr>
                        <tr class='warning'>
                            <td class="col-xs-10">test_diff_wt_results</td>
                            <td class="col-xs-1">
                                <span class="label label-warning" style="display:block;width:40px;">Error</span>
                            </td>
                            <td class="col-xs-1">
                                <button class="btn btn-default btn-xs">View</button>
                            </td>
                        </tr>
                        <tr style="display:none;">
                            <td class="col-xs-9" colspan="3"><p style="color:maroon;">NoSuchElementException: Message: no such element: Unable to locate element: {"method":"id","selector":"colGroup"}
  (Session info: chrome=64.0.3282.186)
  (Driver info: chromedriver=2.33.506120 (e3e53437346286c0bc2d2dc9aa4915ba81d9023f),platform=Windows NT 6.1.7601 SP1 x86_64)
</p><p style="color:maroon;">Traceback (most recent call last):
  File "C:\Users\jeffc\git\mgiselenium\PyTests\FeWI\gxd_diff_qf.py", line 55, in test_diff_wt_results
    self.driver.find_element(By.ID, 'colGroup')
  File "C:\Users\jeffc\AppData\Local\Programs\Python\Python38\lib\site-packages\selenium\webdriver\remote\webdriver.py", line 976, in find_element
    return self.execute(Command.FIND_ELEMENT, {
  File "C:\Users\jeffc\AppData\Local\Programs\Python\Python38\lib\site-packages\selenium\webdriver\remote\webdriver.py", line 321, in execute
    self.error_handler.check_response(response)
  File "C:\Users\jeffc\AppData\Local\Programs\Python\Python38\lib\site-packages\selenium\webdriver\remote\errorhandler.py", line 242, in check_response
    raise exception_class(message, screen, stacktrace)
selenium.common.exceptions.NoSuchElementException: Message: no such element: Unable to locate element: {"method":"id","selector":"colGroup"}
  (Session info: chrome=64.0.3282.186)
  (Driver info: chromedriver=2.33.506120 (e3e53437346286c0bc2d2dc9aa4915ba81d9023f),platform=Windows NT 6.1.7601 SP1 x86_64)

</p>
                            </td>
                        </tr>
                        <tr>
                            <td colspan="3">
                                Total: 4, Pass: 0, Error: 4 -- Duration: 139.26 s
                            </td>
                        </tr>
                    </tbody>
                </table>
            </div>
        </div>
        <div class="row">
            <div class="col-xs-12 col-sm-10 col-md-10">
                <table class='table table-hover table-responsive'>
                    <thead>
                        <tr>
                            <th>gxd_image_summary.TestGxdImageSummary</th>
                            <th>Status</th>
                            <th></th>
                        </tr>
                    </thead>
                    <tbody>
                        <tr class='warning'>
                            <td class="col-xs-10">test_assaytype_column_sort</td>
                            <td class="col-xs-1">
                                <span class="label label-warning" style="display:block;width:40px;">Error</span>
                            </td>
                            <td class="col-xs-1">
                                <button class="btn btn-default btn-xs">View</button>
                            </td>
                        </tr>
                        <tr style="display:none;">
                            <td class="col-xs-9" colspan="3"><p style="color:maroon;">IndexError: list index out of range</p><p style="color:maroon;">Traceback (most recent call last):
  File "C:\Users\jeffc\git\mgiselenium\PyTests\FeWI\gxd_image_summary.py", line 146, in test_assaytype_column_sort
    items = assaylist[0].find_elements(By.TAG_NAME, 'li')
IndexError: list index out of range
</p>
                            </td>
                        </tr>
                        <tr class='warning'>
                            <td class="col-xs-10">test_default_sort_assaytype</td>
                            <td class="col-xs-1">
                                <span class="label label-warning" style="display:block;width:40px;">Error</span>
                            </td>
                            <td class="col-xs-1">
                                <button class="btn btn-default btn-xs">View</button>
                            </td>
                        </tr>
                        <tr style="display:none;">
                            <td class="col-xs-9" colspan="3"><p style="color:maroon;">IndexError: list index out of range</p><p style="color:maroon;">Traceback (most recent call last):
  File "C:\Users\jeffc\git\mgiselenium\PyTests\FeWI\gxd_image_summary.py", line 69, in test_default_sort_assaytype
    items = assaylist[0].find_elements(By.TAG_NAME, 'li')
IndexError: list index out of range
</p>
                            </td>
                        </tr>
                        <tr class='warning'>
                            <td class="col-xs-10">test_default_sort_genes</td>
                            <td class="col-xs-1">
                                <span class="label label-warning" style="display:block;width:40px;">Error</span>
                            </td>
                            <td class="col-xs-1">
                                <button class="btn btn-default btn-xs">View</button>
                            </td>
                        </tr>
                        <tr style="display:none;">
                            <td class="col-xs-9" colspan="3"><p style="color:maroon;">IndexError: list index out of range</p><p style="color:maroon;">Traceback (most recent call last):
  File "C:\Users\jeffc\git\mgiselenium\PyTests\FeWI\gxd_image_summary.py", line 46, in test_default_sort_genes
    items = genelist[19].find_elements(By.TAG_NAME, 'li')
IndexError: list index out of range
</p>
                            </td>
                        </tr>
                        <tr class='warning'>
                            <td class="col-xs-10">test_default_sort_specimentype</td>
                            <td class="col-xs-1">
                                <span class="label label-warning" style="display:block;width:40px;">Error</span>
                            </td>
                            <td class="col-xs-1">
                                <button class="btn btn-default btn-xs">View</button>
                            </td>
                        </tr>
                        <tr style="display:none;">
                            <td class="col-xs-9" colspan="3"><p style="color:maroon;">IndexError: list index out of range</p><p style="color:maroon;">Traceback (most recent call last):
  File "C:\Users\jeffc\git\mgiselenium\PyTests\FeWI\gxd_image_summary.py", line 89, in test_default_sort_specimentype
    items = typelist[0].find_elements(By.TAG_NAME, 'li')
IndexError: list index out of range
</p>
                            </td>
                        </tr>
                        <tr class='warning'>
                            <td class="col-xs-10">test_gene_column_sort</td>
                            <td class="col-xs-1">
                                <span class="label label-warning" style="display:block;width:40px;">Error</span>
                            </td>
                            <td class="col-xs-1">
                                <button class="btn btn-default btn-xs">View</button>
                            </td>
                        </tr>
                        <tr style="display:none;">
                            <td class="col-xs-9" colspan="3"><p style="color:maroon;">IndexError: list index out of range</p><p style="color:maroon;">Traceback (most recent call last):
  File "C:\Users\jeffc\git\mgiselenium\PyTests\FeWI\gxd_image_summary.py", line 112, in test_gene_column_sort
    items = genelist[0].find_elements(By.TAG_NAME, 'li')
IndexError: list index out of range
</p>
                            </td>
                        </tr>
                        <tr class='warning'>
                            <td class="col-xs-10">test_specimentype_column_sort</td>
                            <td class="col-xs-1">
                                <span class="label label-warning" style="display:block;width:40px;">Error</span>
                            </td>
                            <td class="col-xs-1">
                                <button class="btn btn-default btn-xs">View</button>
                            </td>
                        </tr>
                        <tr style="display:none;">
                            <td class="col-xs-9" colspan="3"><p style="color:maroon;">IndexError: list index out of range</p><p style="color:maroon;">Traceback (most recent call last):
  File "C:\Users\jeffc\git\mgiselenium\PyTests\FeWI\gxd_image_summary.py", line 190, in test_specimentype_column_sort
    items = typelist[0].find_elements(By.TAG_NAME, 'li')
IndexError: list index out of range
</p>
                            </td>
                        </tr>
                        <tr>
                            <td colspan="3">
                                Total: 6, Pass: 0, Error: 6 -- Duration: 117.77 s
                            </td>
                        </tr>
                    </tbody>
                </table>
            </div>
        </div>
        <div class="row">
            <div class="col-xs-12 col-sm-10 col-md-10">
                <table class='table table-hover table-responsive'>
                    <thead>
                        <tr>
                            <th>gxd_txp_matrix.TestGXDTissuePhenotypeMatrix</th>
                            <th>Status</th>
                            <th></th>
                        </tr>
                    </thead>
                    <tbody>
                        <tr class='warning'>
                            <td class="col-xs-10">test_bkgrnd_sense_and_normal</td>
                            <td class="col-xs-1">
                                <span class="label label-warning" style="display:block;width:40px;">Error</span>
                            </td>
                            <td class="col-xs-1">
                                <button class="btn btn-default btn-xs">View</button>
                            </td>
                        </tr>
                        <tr style="display:none;">
                            <td class="col-xs-9" colspan="3"><p style="color:maroon;">NoSuchElementException: Message: no such element: Unable to locate element: {"method":"link text","selector":"Sry"}
  (Session info: chrome=64.0.3282.186)
  (Driver info: chromedriver=2.33.506120 (e3e53437346286c0bc2d2dc9aa4915ba81d9023f),platform=Windows NT 6.1.7601 SP1 x86_64)
</p><p style="color:maroon;">Traceback (most recent call last):
  File "C:\Users\jeffc\git\mgiselenium\PyTests\FeWI\gxd_txp_matrix.py", line 397, in test_bkgrnd_sense_and_normal
    driver.find_element(By.LINK_TEXT, 'Sry').click()
  File "C:\Users\jeffc\AppData\Local\Programs\Python\Python38\lib\site-packages\selenium\webdriver\remote\webdriver.py", line 976, in find_element
    return self.execute(Command.FIND_ELEMENT, {
  File "C:\Users\jeffc\AppData\Local\Programs\Python\Python38\lib\site-packages\selenium\webdriver\remote\webdriver.py", line 321, in execute
    self.error_handler.check_response(response)
  File "C:\Users\jeffc\AppData\Local\Programs\Python\Python38\lib\site-packages\selenium\webdriver\remote\errorhandler.py", line 242, in check_response
    raise exception_class(message, screen, stacktrace)
selenium.common.exceptions.NoSuchElementException: Message: no such element: Unable to locate element: {"method":"link text","selector":"Sry"}
  (Session info: chrome=64.0.3282.186)
  (Driver info: chromedriver=2.33.506120 (e3e53437346286c0bc2d2dc9aa4915ba81d9023f),platform=Windows NT 6.1.7601 SP1 x86_64)

</p>
                            </td>
                        </tr>
                        <tr class='warning'>
                            <td class="col-xs-10">test_bkgrnd_sense_mp</td>
                            <td class="col-xs-1">
                                <span class="label label-warning" style="display:block;width:40px;">Error</span>
                            </td>
                            <td class="col-xs-1">
                                <button class="btn btn-default btn-xs">View</button>
                            </td>
                        </tr>
                        <tr style="display:none;">
                            <td class="col-xs-9" colspan="3"><p style="color:maroon;">NoSuchElementException: Message: no such element: Unable to locate element: {"method":"link text","selector":"Kras"}
  (Session info: chrome=64.0.3282.186)
  (Driver info: chromedriver=2.33.506120 (e3e53437346286c0bc2d2dc9aa4915ba81d9023f),platform=Windows NT 6.1.7601 SP1 x86_64)
</p><p style="color:maroon;">Traceback (most recent call last):
  File "C:\Users\jeffc\git\mgiselenium\PyTests\FeWI\gxd_txp_matrix.py", line 357, in test_bkgrnd_sense_mp
    driver.find_element(By.LINK_TEXT, 'Kras').click()
  File "C:\Users\jeffc\AppData\Local\Programs\Python\Python38\lib\site-packages\selenium\webdriver\remote\webdriver.py", line 976, in find_element
    return self.execute(Command.FIND_ELEMENT, {
  File "C:\Users\jeffc\AppData\Local\Programs\Python\Python38\lib\site-packages\selenium\webdriver\remote\webdriver.py", line 321, in execute
    self.error_handler.check_response(response)
  File "C:\Users\jeffc\AppData\Local\Programs\Python\Python38\lib\site-packages\selenium\webdriver\remote\errorhandler.py", line 242, in check_response
    raise exception_class(message, screen, stacktrace)
selenium.common.exceptions.NoSuchElementException: Message: no such element: Unable to locate element: {"method":"link text","selector":"Kras"}
  (Session info: chrome=64.0.3282.186)
  (Driver info: chromedriver=2.33.506120 (e3e53437346286c0bc2d2dc9aa4915ba81d9023f),platform=Windows NT 6.1.7601 SP1 x86_64)

</p>
                            </td>
                        </tr>
                        <tr class='warning'>
                            <td class="col-xs-10">test_high_cell_color</td>
                            <td class="col-xs-1">
                                <span class="label label-warning" style="display:block;width:40px;">Error</span>
                            </td>
                            <td class="col-xs-1">
                                <button class="btn btn-default btn-xs">View</button>
                            </td>
                        </tr>
                        <tr style="display:none;">
                            <td class="col-xs-9" colspan="3"><p style="color:maroon;">NoSuchElementException: Message: no such element: Unable to locate element: {"method":"link text","selector":"Lepr"}
  (Session info: chrome=64.0.3282.186)
  (Driver info: chromedriver=2.33.506120 (e3e53437346286c0bc2d2dc9aa4915ba81d9023f),platform=Windows NT 6.1.7601 SP1 x86_64)
</p><p style="color:maroon;">Traceback (most recent call last):
  File "C:\Users\jeffc\git\mgiselenium\PyTests\FeWI\gxd_txp_matrix.py", line 484, in test_high_cell_color
    driver.find_element(By.LINK_TEXT, 'Lepr').click()
  File "C:\Users\jeffc\AppData\Local\Programs\Python\Python38\lib\site-packages\selenium\webdriver\remote\webdriver.py", line 976, in find_element
    return self.execute(Command.FIND_ELEMENT, {
  File "C:\Users\jeffc\AppData\Local\Programs\Python\Python38\lib\site-packages\selenium\webdriver\remote\webdriver.py", line 321, in execute
    self.error_handler.check_response(response)
  File "C:\Users\jeffc\AppData\Local\Programs\Python\Python38\lib\site-packages\selenium\webdriver\remote\errorhandler.py", line 242, in check_response
    raise exception_class(message, screen, stacktrace)
selenium.common.exceptions.NoSuchElementException: Message: no such element: Unable to locate element: {"method":"link text","selector":"Lepr"}
  (Session info: chrome=64.0.3282.186)
  (Driver info: chromedriver=2.33.506120 (e3e53437346286c0bc2d2dc9aa4915ba81d9023f),platform=Windows NT 6.1.7601 SP1 x86_64)

</p>
                            </td>
                        </tr>
                        <tr class='warning'>
                            <td class="col-xs-10">test_mp_emapa_child</td>
                            <td class="col-xs-1">
                                <span class="label label-warning" style="display:block;width:40px;">Error</span>
                            </td>
                            <td class="col-xs-1">
                                <button class="btn btn-default btn-xs">View</button>
                            </td>
                        </tr>
                        <tr style="display:none;">
                            <td class="col-xs-9" colspan="3"><p style="color:maroon;">NoSuchElementException: Message: no such element: Unable to locate element: {"method":"link text","selector":"Avp"}
  (Session info: chrome=64.0.3282.186)
  (Driver info: chromedriver=2.33.506120 (e3e53437346286c0bc2d2dc9aa4915ba81d9023f),platform=Windows NT 6.1.7601 SP1 x86_64)
</p><p style="color:maroon;">Traceback (most recent call last):
  File "C:\Users\jeffc\git\mgiselenium\PyTests\FeWI\gxd_txp_matrix.py", line 127, in test_mp_emapa_child
    driver.find_element(By.LINK_TEXT, 'Avp').click()
  File "C:\Users\jeffc\AppData\Local\Programs\Python\Python38\lib\site-packages\selenium\webdriver\remote\webdriver.py", line 976, in find_element
    return self.execute(Command.FIND_ELEMENT, {
  File "C:\Users\jeffc\AppData\Local\Programs\Python\Python38\lib\site-packages\selenium\webdriver\remote\webdriver.py", line 321, in execute
    self.error_handler.check_response(response)
  File "C:\Users\jeffc\AppData\Local\Programs\Python\Python38\lib\site-packages\selenium\webdriver\remote\errorhandler.py", line 242, in check_response
    raise exception_class(message, screen, stacktrace)
selenium.common.exceptions.NoSuchElementException: Message: no such element: Unable to locate element: {"method":"link text","selector":"Avp"}
  (Session info: chrome=64.0.3282.186)
  (Driver info: chromedriver=2.33.506120 (e3e53437346286c0bc2d2dc9aa4915ba81d9023f),platform=Windows NT 6.1.7601 SP1 x86_64)

</p>
                            </td>
                        </tr>
                        <tr class='warning'>
                            <td class="col-xs-10">test_mp_emapa_jnum_diff</td>
                            <td class="col-xs-1">
                                <span class="label label-warning" style="display:block;width:40px;">Error</span>
                            </td>
                            <td class="col-xs-1">
                                <button class="btn btn-default btn-xs">View</button>
                            </td>
                        </tr>
                        <tr style="display:none;">
                            <td class="col-xs-9" colspan="3"><p style="color:maroon;">NoSuchElementException: Message: no such element: Unable to locate element: {"method":"link text","selector":"Bmp15"}
  (Session info: chrome=64.0.3282.186)
  (Driver info: chromedriver=2.33.506120 (e3e53437346286c0bc2d2dc9aa4915ba81d9023f),platform=Windows NT 6.1.7601 SP1 x86_64)
</p><p style="color:maroon;">Traceback (most recent call last):
  File "C:\Users\jeffc\git\mgiselenium\PyTests\FeWI\gxd_txp_matrix.py", line 166, in test_mp_emapa_jnum_diff
    driver.find_element(By.LINK_TEXT, 'Bmp15').click()
  File "C:\Users\jeffc\AppData\Local\Programs\Python\Python38\lib\site-packages\selenium\webdriver\remote\webdriver.py", line 976, in find_element
    return self.execute(Command.FIND_ELEMENT, {
  File "C:\Users\jeffc\AppData\Local\Programs\Python\Python38\lib\site-packages\selenium\webdriver\remote\webdriver.py", line 321, in execute
    self.error_handler.check_response(response)
  File "C:\Users\jeffc\AppData\Local\Programs\Python\Python38\lib\site-packages\selenium\webdriver\remote\errorhandler.py", line 242, in check_response
    raise exception_class(message, screen, stacktrace)
selenium.common.exceptions.NoSuchElementException: Message: no such element: Unable to locate element: {"method":"link text","selector":"Bmp15"}
  (Session info: chrome=64.0.3282.186)
  (Driver info: chromedriver=2.33.506120 (e3e53437346286c0bc2d2dc9aa4915ba81d9023f),platform=Windows NT 6.1.7601 SP1 x86_64)

</p>
                            </td>
                        </tr>
                        <tr class='warning'>
                            <td class="col-xs-10">test_mp_emapa_multi_geno</td>
                            <td class="col-xs-1">
                                <span class="label label-warning" style="display:block;width:40px;">Error</span>
                            </td>
                            <td class="col-xs-1">
                                <button class="btn btn-default btn-xs">View</button>
                            </td>
                        </tr>
                        <tr style="display:none;">
                            <td class="col-xs-9" colspan="3"><p style="color:maroon;">NoSuchElementException: Message: no such element: Unable to locate element: {"method":"link text","selector":"Pax4"}
  (Session info: chrome=64.0.3282.186)
  (Driver info: chromedriver=2.33.506120 (e3e53437346286c0bc2d2dc9aa4915ba81d9023f),platform=Windows NT 6.1.7601 SP1 x86_64)
</p><p style="color:maroon;">Traceback (most recent call last):
  File "C:\Users\jeffc\git\mgiselenium\PyTests\FeWI\gxd_txp_matrix.py", line 81, in test_mp_emapa_multi_geno
    driver.find_element(By.LINK_TEXT, 'Pax4').click()
  File "C:\Users\jeffc\AppData\Local\Programs\Python\Python38\lib\site-packages\selenium\webdriver\remote\webdriver.py", line 976, in find_element
    return self.execute(Command.FIND_ELEMENT, {
  File "C:\Users\jeffc\AppData\Local\Programs\Python\Python38\lib\site-packages\selenium\webdriver\remote\webdriver.py", line 321, in execute
    self.error_handler.check_response(response)
  File "C:\Users\jeffc\AppData\Local\Programs\Python\Python38\lib\site-packages\selenium\webdriver\remote\errorhandler.py", line 242, in check_response
    raise exception_class(message, screen, stacktrace)
selenium.common.exceptions.NoSuchElementException: Message: no such element: Unable to locate element: {"method":"link text","selector":"Pax4"}
  (Session info: chrome=64.0.3282.186)
  (Driver info: chromedriver=2.33.506120 (e3e53437346286c0bc2d2dc9aa4915ba81d9023f),platform=Windows NT 6.1.7601 SP1 x86_64)

</p>
                            </td>
                        </tr>
                        <tr class='warning'>
                            <td class="col-xs-10">test_mp_emapa_single_system</td>
                            <td class="col-xs-1">
                                <span class="label label-warning" style="display:block;width:40px;">Error</span>
                            </td>
                            <td class="col-xs-1">
                                <button class="btn btn-default btn-xs">View</button>
                            </td>
                        </tr>
                        <tr style="display:none;">
                            <td class="col-xs-9" colspan="3"><p style="color:maroon;">NoSuchElementException: Message: no such element: Unable to locate element: {"method":"link text","selector":"Foxe1"}
  (Session info: chrome=64.0.3282.186)
  (Driver info: chromedriver=2.33.506120 (e3e53437346286c0bc2d2dc9aa4915ba81d9023f),platform=Windows NT 6.1.7601 SP1 x86_64)
</p><p style="color:maroon;">Traceback (most recent call last):
  File "C:\Users\jeffc\git\mgiselenium\PyTests\FeWI\gxd_txp_matrix.py", line 40, in test_mp_emapa_single_system
    driver.find_element(By.LINK_TEXT, 'Foxe1').click()
  File "C:\Users\jeffc\AppData\Local\Programs\Python\Python38\lib\site-packages\selenium\webdriver\remote\webdriver.py", line 976, in find_element
    return self.execute(Command.FIND_ELEMENT, {
  File "C:\Users\jeffc\AppData\Local\Programs\Python\Python38\lib\site-packages\selenium\webdriver\remote\webdriver.py", line 321, in execute
    self.error_handler.check_response(response)
  File "C:\Users\jeffc\AppData\Local\Programs\Python\Python38\lib\site-packages\selenium\webdriver\remote\errorhandler.py", line 242, in check_response
    raise exception_class(message, screen, stacktrace)
selenium.common.exceptions.NoSuchElementException: Message: no such element: Unable to locate element: {"method":"link text","selector":"Foxe1"}
  (Session info: chrome=64.0.3282.186)
  (Driver info: chromedriver=2.33.506120 (e3e53437346286c0bc2d2dc9aa4915ba81d9023f),platform=Windows NT 6.1.7601 SP1 x86_64)

</p>
                            </td>
                        </tr>
                        <tr class='warning'>
                            <td class="col-xs-10">test_multi_mp_same_emapa</td>
                            <td class="col-xs-1">
                                <span class="label label-warning" style="display:block;width:40px;">Error</span>
                            </td>
                            <td class="col-xs-1">
                                <button class="btn btn-default btn-xs">View</button>
                            </td>
                        </tr>
                        <tr style="display:none;">
                            <td class="col-xs-9" colspan="3"><p style="color:maroon;">NoSuchElementException: Message: no such element: Unable to locate element: {"method":"link text","selector":"Foxe1"}
  (Session info: chrome=64.0.3282.186)
  (Driver info: chromedriver=2.33.506120 (e3e53437346286c0bc2d2dc9aa4915ba81d9023f),platform=Windows NT 6.1.7601 SP1 x86_64)
</p><p style="color:maroon;">Traceback (most recent call last):
  File "C:\Users\jeffc\git\mgiselenium\PyTests\FeWI\gxd_txp_matrix.py", line 205, in test_multi_mp_same_emapa
    driver.find_element(By.LINK_TEXT, 'Foxe1').click()
  File "C:\Users\jeffc\AppData\Local\Programs\Python\Python38\lib\site-packages\selenium\webdriver\remote\webdriver.py", line 976, in find_element
    return self.execute(Command.FIND_ELEMENT, {
  File "C:\Users\jeffc\AppData\Local\Programs\Python\Python38\lib\site-packages\selenium\webdriver\remote\webdriver.py", line 321, in execute
    self.error_handler.check_response(response)
  File "C:\Users\jeffc\AppData\Local\Programs\Python\Python38\lib\site-packages\selenium\webdriver\remote\errorhandler.py", line 242, in check_response
    raise exception_class(message, screen, stacktrace)
selenium.common.exceptions.NoSuchElementException: Message: no such element: Unable to locate element: {"method":"link text","selector":"Foxe1"}
  (Session info: chrome=64.0.3282.186)
  (Driver info: chromedriver=2.33.506120 (e3e53437346286c0bc2d2dc9aa4915ba81d9023f),platform=Windows NT 6.1.7601 SP1 x86_64)

</p>
                            </td>
                        </tr>
                        <tr class='warning'>
                            <td class="col-xs-10">test_norm_mp_only</td>
                            <td class="col-xs-1">
                                <span class="label label-warning" style="display:block;width:40px;">Error</span>
                            </td>
                            <td class="col-xs-1">
                                <button class="btn btn-default btn-xs">View</button>
                            </td>
                        </tr>
                        <tr style="display:none;">
                            <td class="col-xs-9" colspan="3"><p style="color:maroon;">NoSuchElementException: Message: no such element: Unable to locate element: {"method":"link text","selector":"Bmp15"}
  (Session info: chrome=64.0.3282.186)
  (Driver info: chromedriver=2.33.506120 (e3e53437346286c0bc2d2dc9aa4915ba81d9023f),platform=Windows NT 6.1.7601 SP1 x86_64)
</p><p style="color:maroon;">Traceback (most recent call last):
  File "C:\Users\jeffc\git\mgiselenium\PyTests\FeWI\gxd_txp_matrix.py", line 243, in test_norm_mp_only
    driver.find_element(By.LINK_TEXT, 'Bmp15').click()
  File "C:\Users\jeffc\AppData\Local\Programs\Python\Python38\lib\site-packages\selenium\webdriver\remote\webdriver.py", line 976, in find_element
    return self.execute(Command.FIND_ELEMENT, {
  File "C:\Users\jeffc\AppData\Local\Programs\Python\Python38\lib\site-packages\selenium\webdriver\remote\webdriver.py", line 321, in execute
    self.error_handler.check_response(response)
  File "C:\Users\jeffc\AppData\Local\Programs\Python\Python38\lib\site-packages\selenium\webdriver\remote\errorhandler.py", line 242, in check_response
    raise exception_class(message, screen, stacktrace)
selenium.common.exceptions.NoSuchElementException: Message: no such element: Unable to locate element: {"method":"link text","selector":"Bmp15"}
  (Session info: chrome=64.0.3282.186)
  (Driver info: chromedriver=2.33.506120 (e3e53437346286c0bc2d2dc9aa4915ba81d9023f),platform=Windows NT 6.1.7601 SP1 x86_64)

</p>
                            </td>
                        </tr>
                        <tr class='warning'>
                            <td class="col-xs-10">test_norm_mp_other_mp</td>
                            <td class="col-xs-1">
                                <span class="label label-warning" style="display:block;width:40px;">Error</span>
                            </td>
                            <td class="col-xs-1">
                                <button class="btn btn-default btn-xs">View</button>
                            </td>
                        </tr>
                        <tr style="display:none;">
                            <td class="col-xs-9" colspan="3"><p style="color:maroon;">NoSuchElementException: Message: no such element: Unable to locate element: {"method":"link text","selector":"Pax7"}
  (Session info: chrome=64.0.3282.186)
  (Driver info: chromedriver=2.33.506120 (e3e53437346286c0bc2d2dc9aa4915ba81d9023f),platform=Windows NT 6.1.7601 SP1 x86_64)
</p><p style="color:maroon;">Traceback (most recent call last):
  File "C:\Users\jeffc\git\mgiselenium\PyTests\FeWI\gxd_txp_matrix.py", line 319, in test_norm_mp_other_mp
    driver.find_element(By.LINK_TEXT, 'Pax7').click()
  File "C:\Users\jeffc\AppData\Local\Programs\Python\Python38\lib\site-packages\selenium\webdriver\remote\webdriver.py", line 976, in find_element
    return self.execute(Command.FIND_ELEMENT, {
  File "C:\Users\jeffc\AppData\Local\Programs\Python\Python38\lib\site-packages\selenium\webdriver\remote\webdriver.py", line 321, in execute
    self.error_handler.check_response(response)
  File "C:\Users\jeffc\AppData\Local\Programs\Python\Python38\lib\site-packages\selenium\webdriver\remote\errorhandler.py", line 242, in check_response
    raise exception_class(message, screen, stacktrace)
selenium.common.exceptions.NoSuchElementException: Message: no such element: Unable to locate element: {"method":"link text","selector":"Pax7"}
  (Session info: chrome=64.0.3282.186)
  (Driver info: chromedriver=2.33.506120 (e3e53437346286c0bc2d2dc9aa4915ba81d9023f),platform=Windows NT 6.1.7601 SP1 x86_64)

</p>
                            </td>
                        </tr>
                        <tr>
                            <td colspan="3">
                                Total: 10, Pass: 0, Error: 10 -- Duration: 60.89 s
                            </td>
                        </tr>
                    </tbody>
                </table>
            </div>
        </div>
        <div class="row">
            <div class="col-xs-12 col-sm-10 col-md-10">
                <table class='table table-hover table-responsive'>
                    <thead>
                        <tr>
                            <th>gxd_txs_matrix.TestGXDTissueStageMatrix</th>
                            <th>Status</th>
                            <th></th>
                        </tr>
                    </thead>
                    <tbody>
                        <tr class='warning'>
                            <td class="col-xs-10">test_anat_terms_results</td>
                            <td class="col-xs-1">
                                <span class="label label-warning" style="display:block;width:40px;">Error</span>
                            </td>
                            <td class="col-xs-1">
                                <button class="btn btn-default btn-xs">View</button>
                            </td>
                        </tr>
                        <tr style="display:none;">
                            <td class="col-xs-9" colspan="3"><p style="color:maroon;">NoSuchElementException: Message: no such element: Unable to locate element: {"method":"id","selector":"rowGroupInner"}
  (Session info: chrome=64.0.3282.186)
  (Driver info: chromedriver=2.33.506120 (e3e53437346286c0bc2d2dc9aa4915ba81d9023f),platform=Windows NT 6.1.7601 SP1 x86_64)
</p><p style="color:maroon;">Traceback (most recent call last):
  File "C:\Users\jeffc\git\mgiselenium\PyTests\FeWI\gxd_txs_matrix.py", line 86, in test_anat_terms_results
    termslist = driver.find_element(By.ID, "stagegriddata").find_element(By.ID, 'rowGroupInner')
  File "C:\Users\jeffc\AppData\Local\Programs\Python\Python38\lib\site-packages\selenium\webdriver\remote\webelement.py", line 658, in find_element
    return self._execute(Command.FIND_CHILD_ELEMENT,
  File "C:\Users\jeffc\AppData\Local\Programs\Python\Python38\lib\site-packages\selenium\webdriver\remote\webelement.py", line 633, in _execute
    return self._parent.execute(command, params)
  File "C:\Users\jeffc\AppData\Local\Programs\Python\Python38\lib\site-packages\selenium\webdriver\remote\webdriver.py", line 321, in execute
    self.error_handler.check_response(response)
  File "C:\Users\jeffc\AppData\Local\Programs\Python\Python38\lib\site-packages\selenium\webdriver\remote\errorhandler.py", line 242, in check_response
    raise exception_class(message, screen, stacktrace)
selenium.common.exceptions.NoSuchElementException: Message: no such element: Unable to locate element: {"method":"id","selector":"rowGroupInner"}
  (Session info: chrome=64.0.3282.186)
  (Driver info: chromedriver=2.33.506120 (e3e53437346286c0bc2d2dc9aa4915ba81d9023f),platform=Windows NT 6.1.7601 SP1 x86_64)

</p>
                            </td>
                        </tr>
                        <tr class='warning'>
                            <td class="col-xs-10">test_assaytype_column_sort</td>
                            <td class="col-xs-1">
                                <span class="label label-warning" style="display:block;width:40px;">Error</span>
                            </td>
                            <td class="col-xs-1">
                                <button class="btn btn-default btn-xs">View</button>
                            </td>
                        </tr>
                        <tr style="display:none;">
                            <td class="col-xs-9" colspan="3"><p style="color:maroon;">IndexError: list index out of range</p><p style="color:maroon;">Traceback (most recent call last):
  File "C:\Users\jeffc\git\mgiselenium\PyTests\FeWI\gxd_txs_matrix.py", line 190, in test_assaytype_column_sort
    items = assaylist[0].find_elements_by_tag_name("li")
IndexError: list index out of range
</p>
                            </td>
                        </tr>
                        <tr class='warning'>
                            <td class="col-xs-10">test_default_sort_specimentype</td>
                            <td class="col-xs-1">
                                <span class="label label-warning" style="display:block;width:40px;">Error</span>
                            </td>
                            <td class="col-xs-1">
                                <button class="btn btn-default btn-xs">View</button>
                            </td>
                        </tr>
                        <tr style="display:none;">
                            <td class="col-xs-9" colspan="3"><p style="color:maroon;">IndexError: list index out of range</p><p style="color:maroon;">Traceback (most recent call last):
  File "C:\Users\jeffc\git\mgiselenium\PyTests\FeWI\gxd_txs_matrix.py", line 124, in test_default_sort_specimentype
    items = typelist[0].find_elements_by_tag_name("li")
IndexError: list index out of range
</p>
                            </td>
                        </tr>
                        <tr class='warning'>
                            <td class="col-xs-10">test_gene_column_sort</td>
                            <td class="col-xs-1">
                                <span class="label label-warning" style="display:block;width:40px;">Error</span>
                            </td>
                            <td class="col-xs-1">
                                <button class="btn btn-default btn-xs">View</button>
                            </td>
                        </tr>
                        <tr style="display:none;">
                            <td class="col-xs-9" colspan="3"><p style="color:maroon;">IndexError: list index out of range</p><p style="color:maroon;">Traceback (most recent call last):
  File "C:\Users\jeffc\git\mgiselenium\PyTests\FeWI\gxd_txs_matrix.py", line 152, in test_gene_column_sort
    items = genelist[0].find_elements_by_tag_name("li")
IndexError: list index out of range
</p>
                            </td>
                        </tr>
                        <tr class='warning'>
                            <td class="col-xs-10">test_specimentype_column_sort</td>
                            <td class="col-xs-1">
                                <span class="label label-warning" style="display:block;width:40px;">Error</span>
                            </td>
                            <td class="col-xs-1">
                                <button class="btn btn-default btn-xs">View</button>
                            </td>
                        </tr>
                        <tr style="display:none;">
                            <td class="col-xs-9" colspan="3"><p style="color:maroon;">IndexError: list index out of range</p><p style="color:maroon;">Traceback (most recent call last):
  File "C:\Users\jeffc\git\mgiselenium\PyTests\FeWI\gxd_txs_matrix.py", line 237, in test_specimentype_column_sort
    items = typelist[0].find_elements_by_tag_name("li")
IndexError: list index out of range
</p>
                            </td>
                        </tr>
                        <tr class='warning'>
                            <td class="col-xs-10">test_structure_names_sort</td>
                            <td class="col-xs-1">
                                <span class="label label-warning" style="display:block;width:40px;">Error</span>
                            </td>
                            <td class="col-xs-1">
                                <button class="btn btn-default btn-xs">View</button>
                            </td>
                        </tr>
                        <tr style="display:none;">
                            <td class="col-xs-9" colspan="3"><p style="color:maroon;">NoSuchElementException: Message: no such element: Unable to locate element: {"method":"id","selector":"rowGroupInner"}
  (Session info: chrome=64.0.3282.186)
  (Driver info: chromedriver=2.33.506120 (e3e53437346286c0bc2d2dc9aa4915ba81d9023f),platform=Windows NT 6.1.7601 SP1 x86_64)
</p><p style="color:maroon;">Traceback (most recent call last):
  File "C:\Users\jeffc\git\mgiselenium\PyTests\FeWI\gxd_txs_matrix.py", line 49, in test_structure_names_sort
    termslist = driver.find_element(By.ID, 'stagegriddata').find_element(By.ID, 'rowGroupInner')
  File "C:\Users\jeffc\AppData\Local\Programs\Python\Python38\lib\site-packages\selenium\webdriver\remote\webelement.py", line 658, in find_element
    return self._execute(Command.FIND_CHILD_ELEMENT,
  File "C:\Users\jeffc\AppData\Local\Programs\Python\Python38\lib\site-packages\selenium\webdriver\remote\webelement.py", line 633, in _execute
    return self._parent.execute(command, params)
  File "C:\Users\jeffc\AppData\Local\Programs\Python\Python38\lib\site-packages\selenium\webdriver\remote\webdriver.py", line 321, in execute
    self.error_handler.check_response(response)
  File "C:\Users\jeffc\AppData\Local\Programs\Python\Python38\lib\site-packages\selenium\webdriver\remote\errorhandler.py", line 242, in check_response
    raise exception_class(message, screen, stacktrace)
selenium.common.exceptions.NoSuchElementException: Message: no such element: Unable to locate element: {"method":"id","selector":"rowGroupInner"}
  (Session info: chrome=64.0.3282.186)
  (Driver info: chromedriver=2.33.506120 (e3e53437346286c0bc2d2dc9aa4915ba81d9023f),platform=Windows NT 6.1.7601 SP1 x86_64)

</p>
                            </td>
                        </tr>
                        <tr>
                            <td colspan="3">
                                Total: 6, Pass: 0, Error: 6 -- Duration: 60.88 s
                            </td>
                        </tr>
                    </tbody>
                </table>
            </div>
        </div>
    </div>
    <script src="https://ajax.googleapis.com/ajax/libs/jquery/2.2.4/jquery.min.js"></script>
    <script type="text/javascript">
        $(document).ready(function(){
            $('td').on('click', '.btn', function(e){
                e.preventDefault();
                e.stopImmediatePropagation();
                var $this = $(this);
                var $nextRow = $this.closest('tr').next('tr');
                $nextRow.slideToggle("fast");
                $this.text(function(i, text){
                    if (text === 'View') {
                        return 'Hide';
                    } else {
                        return 'View';
                    };
                });
            });
        });
    </script>
</body>
</html