<!DOCTYPE html>
<html>
<head>
    <title>Unittest Results</title>
    <meta charset="utf-8">
    <meta name="viewport" content="width=device-width, initial-scale=1.0">
    <link rel="stylesheet" href="https://maxcdn.bootstrapcdn.com/bootstrap/3.3.6/css/bootstrap.min.css" integrity="sha384-1q8mTJOASx8j1Au+a5WDVnPi2lkFfwwEAa8hDDdjZlpLegxhjVME1fgjWPGmkzs7" crossorigin="anonymous">
</head>
<body>
    <div class="container">
        <div class="row">
            <div class="col-xs-12">
                <h2 class="text-capitalize">Unittest Results</h2>
                <p class='attribute'><strong>Start Time: </strong>2020-04-28 13:15:34</p>
                <p class='attribute'><strong>Duration: </strong>815.13 s</p>
                <p class='attribute'><strong>Summary: </strong>Total: 89, Pass: 55, Fail: 1, Error: 33</p>
            </div>
        </div>
        <div class="row">
            <div class="col-xs-12 col-sm-10 col-md-10">
                <table class='table table-hover table-responsive'>
                    <thead>
                        <tr>
                            <th>hmdc_autocomplete_list.TestHmdcAutocomplete</th>
                            <th>Status</th>
                            <th></th>
                        </tr>
                    </thead>
                    <tbody>
                        <tr class='success'>
                            <td class="col-xs-10">test_index_tab_headers</td>
                            <td class="col-xs-1">
                                <span class="label label-success" style="display:block;width:40px;">Pass</span>
                            </td>
                            <td class="col-xs-1">
                                <button class="btn btn-default btn-xs">View</button>
                            </td>
                        </tr>
                        <tr style="display:none;">
                            <td class="col-xs-9" colspan="3"><p>BEGIN test_index_tab_headers
systemic lupus
systemic lupus erythematosus
Lupus Erythematosus, systemic
SLE - Lupus Erythematosus, systemic
increased susceptibility to systemic lupus erythematosus
decreased susceptibility to systemic lupus erythematosus
increased resistance to systemic lupus erythematosus
reduced susceptibility to systemic lupus erythematosus
decreased resistance to systemic lupus erythematosus
</p>
                            </td>
                        </tr>
                        <tr>
                            <td colspan="3">
                                Total: 1, Pass: 1 -- Duration: 5.38 s
                            </td>
                        </tr>
                    </tbody>
                </table>
            </div>
        </div>
        <div class="row">
            <div class="col-xs-12 col-sm-10 col-md-10">
                <table class='table table-hover table-responsive'>
                    <thead>
                        <tr>
                            <th>hmdc_diseasetab.TestHmdcDiseaseTab</th>
                            <th>Status</th>
                            <th></th>
                        </tr>
                    </thead>
                    <tbody>
                        <tr class='success'>
                            <td class="col-xs-10">test_diseases_tab_diseases</td>
                            <td class="col-xs-1">
                                <span class="label label-success" style="display:block;width:40px;">Pass</span>
                            </td>
                            <td class="col-xs-1">
                                <button class="btn btn-default btn-xs">View</button>
                            </td>
                        </tr>
                        <tr style="display:none;">
                            <td class="col-xs-9" colspan="3"><p>BEGIN test_diseases_tab_diseases
Diseases (5)
['Disease', 'Down syndrome', 'myelodysplastic syndrome', 'myelofibrosis', 'thrombocytopenia', 'X-linked thrombocytopenia with beta-thalassemia', '']
</p>
                            </td>
                        </tr>
                        <tr class='success'>
                            <td class="col-xs-10">test_diseases_tab_diseases2</td>
                            <td class="col-xs-1">
                                <span class="label label-success" style="display:block;width:40px;">Pass</span>
                            </td>
                            <td class="col-xs-1">
                                <button class="btn btn-default btn-xs">View</button>
                            </td>
                        </tr>
                        <tr style="display:none;">
                            <td class="col-xs-9" colspan="3"><p>BEGIN test_diseases_tab_diseases2
Diseases (2)
['Disease', 'erythropoietic protoporphyria', 'xeroderma pigmentosum group G', '']
</p>
                            </td>
                        </tr>
                        <tr class='success'>
                            <td class="col-xs-10">test_diseases_tab_doids</td>
                            <td class="col-xs-1">
                                <span class="label label-success" style="display:block;width:40px;">Pass</span>
                            </td>
                            <td class="col-xs-1">
                                <button class="btn btn-default btn-xs">View</button>
                            </td>
                        </tr>
                        <tr style="display:none;">
                            <td class="col-xs-9" colspan="3"><p>BEGIN test_diseases_tab_doids
Diseases (2)
['DO ID', 'DOID:0050471', 'DOID:0060280']
</p>
                            </td>
                        </tr>
                        <tr class='success'>
                            <td class="col-xs-10">test_diseases_tab_headers</td>
                            <td class="col-xs-1">
                                <span class="label label-success" style="display:block;width:40px;">Pass</span>
                            </td>
                            <td class="col-xs-1">
                                <button class="btn btn-default btn-xs">View</button>
                            </td>
                        </tr>
                        <tr style="display:none;">
                            <td class="col-xs-9" colspan="3"><p>BEGIN test_diseases_tab_headers
Diseases (5)
</p>
                            </td>
                        </tr>
                        <tr>
                            <td colspan="3">
                                Total: 4, Pass: 4 -- Duration: 37.30 s
                            </td>
                        </tr>
                    </tbody>
                </table>
            </div>
        </div>
        <div class="row">
            <div class="col-xs-12 col-sm-10 col-md-10">
                <table class='table table-hover table-responsive'>
                    <thead>
                        <tr>
                            <th>hmdc_genetab.TestHmdcGeneTab</th>
                            <th>Status</th>
                            <th></th>
                        </tr>
                    </thead>
                    <tbody>
                        <tr class='danger'>
                            <td class="col-xs-10">test_genes_tab_diseases</td>
                            <td class="col-xs-1">
                                <span class="label label-danger" style="display:block;width:40px;">Fail</span>
                            </td>
                            <td class="col-xs-1">
                                <button class="btn btn-default btn-xs">View</button>
                            </td>
                        </tr>
                        <tr style="display:none;">
                            <td class="col-xs-9" colspan="3"><p>BEGIN test_genes_tab_diseases
Genes (6)
['Associated Human Diseases (Source)', 'Down syndrome\nthrombocytopenia\nX-linked thrombocytopenia with beta-thalassemia', 'myelodysplastic syndrome\nmyelofibrosis\nthrombocytopenia', '', '', 'thrombocytopenia', '']
</p><p style="color:maroon;">AssertionError: 'Down syndrome\nthrombocytopenia' not found in ['Associated Human Diseases (Source)', 'Down syndrome\nthrombocytopenia\nX-linked thrombocytopenia with beta-thalassemia', 'myelodysplastic syndrome\nmyelofibrosis\nthrombocytopenia', '', '', 'thrombocytopenia', '']</p><p style="color:maroon;">Traceback (most recent call last):
  File "C:\Users\jeffc\git\mgiselenium\PyTests\FeWI\hmdc_genetab.py", line 159, in test_genes_tab_diseases
    self.assertIn('Down syndrome\nthrombocytopenia', assocHumanDiseases) #diseases associated to GATA1
AssertionError: 'Down syndrome\nthrombocytopenia' not found in ['Associated Human Diseases (Source)', 'Down syndrome\nthrombocytopenia\nX-linked thrombocytopenia with beta-thalassemia', 'myelodysplastic syndrome\nmyelofibrosis\nthrombocytopenia', '', '', 'thrombocytopenia', '']
</p>
                            </td>
                        </tr>
                        <tr class='warning'>
                            <td class="col-xs-10">test_genes_tab_genes</td>
                            <td class="col-xs-1">
                                <span class="label label-warning" style="display:block;width:40px;">Error</span>
                            </td>
                            <td class="col-xs-1">
                                <button class="btn btn-default btn-xs">View</button>
                            </td>
                        </tr>
                        <tr style="display:none;">
                            <td class="col-xs-9" colspan="3"><p>BEGIN test_genes_tab_genes
</p><p style="color:maroon;">UnexpectedAlertPresentException: Alert Text: None
Message: unexpected alert open: {Alert text : WARNING!  Reference mark "templateBodyInsert" not found.}
  (Session info: chrome=64.0.3282.186)
  (Driver info: chromedriver=2.33.506120 (e3e53437346286c0bc2d2dc9aa4915ba81d9023f),platform=Windows NT 6.1.7601 SP1 x86_64)
</p><p style="color:maroon;">Traceback (most recent call last):
  File "C:\Users\jeffc\git\mgiselenium\PyTests\FeWI\hmdc_genetab.py", line 74, in test_genes_tab_genes
    for option in my_select.find_elements_by_tag_name("option"):
  File "C:\Users\jeffc\AppData\Local\Programs\Python\Python38\lib\site-packages\selenium\webdriver\remote\webelement.py", line 320, in find_elements_by_tag_name
    return self.find_elements(by=By.TAG_NAME, value=name)
  File "C:\Users\jeffc\AppData\Local\Programs\Python\Python38\lib\site-packages\selenium\webdriver\remote\webelement.py", line 684, in find_elements
    return self._execute(Command.FIND_CHILD_ELEMENTS,
  File "C:\Users\jeffc\AppData\Local\Programs\Python\Python38\lib\site-packages\selenium\webdriver\remote\webelement.py", line 633, in _execute
    return self._parent.execute(command, params)
  File "C:\Users\jeffc\AppData\Local\Programs\Python\Python38\lib\site-packages\selenium\webdriver\remote\webdriver.py", line 321, in execute
    self.error_handler.check_response(response)
  File "C:\Users\jeffc\AppData\Local\Programs\Python\Python38\lib\site-packages\selenium\webdriver\remote\errorhandler.py", line 241, in check_response
    raise exception_class(message, screen, stacktrace, alert_text)
selenium.common.exceptions.UnexpectedAlertPresentException: Alert Text: None
Message: unexpected alert open: {Alert text : WARNING!  Reference mark "templateBodyInsert" not found.}
  (Session info: chrome=64.0.3282.186)
  (Driver info: chromedriver=2.33.506120 (e3e53437346286c0bc2d2dc9aa4915ba81d9023f),platform=Windows NT 6.1.7601 SP1 x86_64)

</p>
                            </td>
                        </tr>
                        <tr class='success'>
                            <td class="col-xs-10">test_genes_tab_headers</td>
                            <td class="col-xs-1">
                                <span class="label label-success" style="display:block;width:40px;">Pass</span>
                            </td>
                            <td class="col-xs-1">
                                <button class="btn btn-default btn-xs">View</button>
                            </td>
                        </tr>
                        <tr style="display:none;">
                            <td class="col-xs-9" colspan="3"><p>BEGIN test_genes_tab_headers
Genes (6)
</p>
                            </td>
                        </tr>
                        <tr class='success'>
                            <td class="col-xs-10">test_uniquegenes_tab_genes</td>
                            <td class="col-xs-1">
                                <span class="label label-success" style="display:block;width:40px;">Pass</span>
                            </td>
                            <td class="col-xs-1">
                                <button class="btn btn-default btn-xs">View</button>
                            </td>
                        </tr>
                        <tr style="display:none;">
                            <td class="col-xs-9" colspan="3"><p>BEGIN test_uniquegenes_tab_genes
Genes (1)
['Gene Symbol', 'Tg(IGH@*)SALed']
</p>
                            </td>
                        </tr>
                        <tr>
                            <td colspan="3">
                                Total: 4, Pass: 2, Fail: 1, Error: 1 -- Duration: 26.40 s
                            </td>
                        </tr>
                    </tbody>
                </table>
            </div>
        </div>
        <div class="row">
            <div class="col-xs-12 col-sm-10 col-md-10">
                <table class='table table-hover table-responsive'>
                    <thead>
                        <tr>
                            <th>hmdc_indextab.TestHmdcIndex</th>
                            <th>Status</th>
                            <th></th>
                        </tr>
                    </thead>
                    <tbody>
                        <tr class='success'>
                            <td class="col-xs-10">test_genotype_popup</td>
                            <td class="col-xs-1">
                                <span class="label label-success" style="display:block;width:40px;">Pass</span>
                            </td>
                            <td class="col-xs-1">
                                <button class="btn btn-default btn-xs">View</button>
                            </td>
                        </tr>
                        <tr style="display:none;">
                            <td class="col-xs-9" colspan="3"><p>BEGIN test_genotype_popup
Gene Homologs x Phenotypes/Diseases (4 x 27)
Gene Homologs x Phenotypes/Diseases (4 x 27)
Human craniofacial abnormalities for GATA1/Gata1
Gene Homologs x Phenotypes/Diseases (4 x 27)
Mouse Phenotypes
['Mouse Phenotypes\nabnormal liver morphology\nsmall liver\nliver hypoplasia\npale liver', 'Availability Mouse Genotype', 'Gata1tm2Sho/Gata1tm2Sho', 'Gata1tm7Sho/Gata1tm7Sho', 'Gata1tm8.2Sho/Gata1tm8.2Sho', 'Gata1Plt13/Y', 'Gata1tm1Mym/Y', 'Gata1tm2Sho/Y', 'Gata1tm7Sho/Y', 'Gata1tm8.2Sho/Y']
Gata1<tm2Sho> genocluster found in phenotype pop-up
</p>
                            </td>
                        </tr>
                        <tr class='success'>
                            <td class="col-xs-10">test_index_tab_diseases</td>
                            <td class="col-xs-1">
                                <span class="label label-success" style="display:block;width:40px;">Pass</span>
                            </td>
                            <td class="col-xs-1">
                                <button class="btn btn-default btn-xs">View</button>
                            </td>
                        </tr>
                        <tr style="display:none;">
                            <td class="col-xs-9" colspan="3"><p>BEGIN test_index_tab_diseases
Gene Homologs x Phenotypes/Diseases (1 x 14)
Human Genes and Mouse Models for autosomal genetic disease and GUCY2C/Gucy2c
disease cell with only human: Gene Homologs x Phenotypes/Diseases (1 x 14)
header text is: Human Genes for gastrointestinal system disease and GUCY2C/Gucy2c
disease cell with only mouse: Gene Homologs x Phenotypes/Diseases (1 x 14)
header text is: Mouse Models for acquired metabolic disease and GUCY2C/Gucy2c
Diseases
['Diseases\nobesity', 'Availability Mouse Genotype', 'Gucy2ctm1Gar/Gucy2ctm1Gar']
Gucy2c<tm1Gar> genocluster found in disease pop-up
</p>
                            </td>
                        </tr>
                        <tr class='warning'>
                            <td class="col-xs-10">test_index_tab_genes</td>
                            <td class="col-xs-1">
                                <span class="label label-warning" style="display:block;width:40px;">Error</span>
                            </td>
                            <td class="col-xs-1">
                                <button class="btn btn-default btn-xs">View</button>
                            </td>
                        </tr>
                        <tr style="display:none;">
                            <td class="col-xs-9" colspan="3"><p>BEGIN test_index_tab_genes
</p><p style="color:maroon;">UnexpectedAlertPresentException: Alert Text: None
Message: unexpected alert open
  (Session info: chrome=64.0.3282.186)
  (Driver info: chromedriver=2.33.506120 (e3e53437346286c0bc2d2dc9aa4915ba81d9023f),platform=Windows NT 6.1.7601 SP1 x86_64)
</p><p style="color:maroon;">Traceback (most recent call last):
  File "C:\Users\jeffc\git\mgiselenium\PyTests\FeWI\hmdc_indextab.py", line 153, in test_index_tab_genes
    for option in my_select.find_elements_by_tag_name("option"):
  File "C:\Users\jeffc\AppData\Local\Programs\Python\Python38\lib\site-packages\selenium\webdriver\remote\webelement.py", line 320, in find_elements_by_tag_name
    return self.find_elements(by=By.TAG_NAME, value=name)
  File "C:\Users\jeffc\AppData\Local\Programs\Python\Python38\lib\site-packages\selenium\webdriver\remote\webelement.py", line 684, in find_elements
    return self._execute(Command.FIND_CHILD_ELEMENTS,
  File "C:\Users\jeffc\AppData\Local\Programs\Python\Python38\lib\site-packages\selenium\webdriver\remote\webelement.py", line 633, in _execute
    return self._parent.execute(command, params)
  File "C:\Users\jeffc\AppData\Local\Programs\Python\Python38\lib\site-packages\selenium\webdriver\remote\webdriver.py", line 321, in execute
    self.error_handler.check_response(response)
  File "C:\Users\jeffc\AppData\Local\Programs\Python\Python38\lib\site-packages\selenium\webdriver\remote\errorhandler.py", line 241, in check_response
    raise exception_class(message, screen, stacktrace, alert_text)
selenium.common.exceptions.UnexpectedAlertPresentException: Alert Text: None
Message: unexpected alert open
  (Session info: chrome=64.0.3282.186)
  (Driver info: chromedriver=2.33.506120 (e3e53437346286c0bc2d2dc9aa4915ba81d9023f),platform=Windows NT 6.1.7601 SP1 x86_64)

</p>
                            </td>
                        </tr>
                        <tr class='success'>
                            <td class="col-xs-10">test_index_tab_genes_Unique_symbol</td>
                            <td class="col-xs-1">
                                <span class="label label-success" style="display:block;width:40px;">Pass</span>
                            </td>
                            <td class="col-xs-1">
                                <button class="btn btn-default btn-xs">View</button>
                            </td>
                        </tr>
                        <tr style="display:none;">
                            <td class="col-xs-9" colspan="3"><p>BEGIN test_index_tab_genes_Unique_symbol
Gene Homologs x Phenotypes/Diseases (1 x 2)
['Tg(IGH@*)SALed']
</p>
                            </td>
                        </tr>
                        <tr class='success'>
                            <td class="col-xs-10">test_index_tab_headers</td>
                            <td class="col-xs-1">
                                <span class="label label-success" style="display:block;width:40px;">Pass</span>
                            </td>
                            <td class="col-xs-1">
                                <button class="btn btn-default btn-xs">View</button>
                            </td>
                        </tr>
                        <tr style="display:none;">
                            <td class="col-xs-9" colspan="3"><p>BEGIN test_index_tab_headers
Gene Homologs x Phenotypes/Diseases
</p>
                            </td>
                        </tr>
                        <tr>
                            <td colspan="3">
                                Total: 5, Pass: 4, Error: 1 -- Duration: 52.80 s
                            </td>
                        </tr>
                    </tbody>
                </table>
            </div>
        </div>
        <div class="row">
            <div class="col-xs-12 col-sm-10 col-md-10">
                <table class='table table-hover table-responsive'>
                    <thead>
                        <tr>
                            <th>hmdc_search_gene.TestHmdcGenesSearch</th>
                            <th>Status</th>
                            <th></th>
                        </tr>
                    </thead>
                    <tbody>
                        <tr class='warning'>
                            <td class="col-xs-10">test_gene_NOT_disease</td>
                            <td class="col-xs-1">
                                <span class="label label-warning" style="display:block;width:40px;">Error</span>
                            </td>
                            <td class="col-xs-1">
                                <button class="btn btn-default btn-xs">View</button>
                            </td>
                        </tr>
                        <tr style="display:none;">
                            <td class="col-xs-9" colspan="3"><p>BEGIN test_gene_NOT_disease
</p><p style="color:maroon;">UnexpectedAlertPresentException: Alert Text: None
Message: unexpected alert open: {Alert text : WARNING!  Reference mark "templateBodyInsert" not found.}
  (Session info: chrome=64.0.3282.186)
  (Driver info: chromedriver=2.33.506120 (e3e53437346286c0bc2d2dc9aa4915ba81d9023f),platform=Windows NT 6.1.7601 SP1 x86_64)
</p><p style="color:maroon;">Traceback (most recent call last):
  File "C:\Users\jeffc\git\mgiselenium\PyTests\FeWI\hmdc_search_gene.py", line 754, in test_gene_NOT_disease
    for option in my_select.find_elements_by_tag_name("option"):
  File "C:\Users\jeffc\AppData\Local\Programs\Python\Python38\lib\site-packages\selenium\webdriver\remote\webelement.py", line 320, in find_elements_by_tag_name
    return self.find_elements(by=By.TAG_NAME, value=name)
  File "C:\Users\jeffc\AppData\Local\Programs\Python\Python38\lib\site-packages\selenium\webdriver\remote\webelement.py", line 684, in find_elements
    return self._execute(Command.FIND_CHILD_ELEMENTS,
  File "C:\Users\jeffc\AppData\Local\Programs\Python\Python38\lib\site-packages\selenium\webdriver\remote\webelement.py", line 633, in _execute
    return self._parent.execute(command, params)
  File "C:\Users\jeffc\AppData\Local\Programs\Python\Python38\lib\site-packages\selenium\webdriver\remote\webdriver.py", line 321, in execute
    self.error_handler.check_response(response)
  File "C:\Users\jeffc\AppData\Local\Programs\Python\Python38\lib\site-packages\selenium\webdriver\remote\errorhandler.py", line 241, in check_response
    raise exception_class(message, screen, stacktrace, alert_text)
selenium.common.exceptions.UnexpectedAlertPresentException: Alert Text: None
Message: unexpected alert open: {Alert text : WARNING!  Reference mark "templateBodyInsert" not found.}
  (Session info: chrome=64.0.3282.186)
  (Driver info: chromedriver=2.33.506120 (e3e53437346286c0bc2d2dc9aa4915ba81d9023f),platform=Windows NT 6.1.7601 SP1 x86_64)

</p>
                            </td>
                        </tr>
                        <tr class='success'>
                            <td class="col-xs-10">test_gene_gtrosa</td>
                            <td class="col-xs-1">
                                <span class="label label-success" style="display:block;width:40px;">Pass</span>
                            </td>
                            <td class="col-xs-1">
                                <button class="btn btn-default btn-xs">View</button>
                            </td>
                        </tr>
                        <tr style="display:none;">
                            <td class="col-xs-9" colspan="3"><p>BEGIN test_gene_gtrosa
Gene Homologs x Phenotypes/Diseases (0 x 0)
Genes (2)
Gene Homologs x Phenotypes/Diseases (5 x 10)
Genes (13)
</p>
                            </td>
                        </tr>
                        <tr class='success'>
                            <td class="col-xs-10">test_gene_homology_union</td>
                            <td class="col-xs-1">
                                <span class="label label-success" style="display:block;width:40px;">Pass</span>
                            </td>
                            <td class="col-xs-1">
                                <button class="btn btn-default btn-xs">View</button>
                            </td>
                        </tr>
                        <tr style="display:none;">
                            <td class="col-xs-9" colspan="3"><p>BEGIN test_gene_homology_union
Genes (3)
</p>
                            </td>
                        </tr>
                        <tr class='warning'>
                            <td class="col-xs-10">test_gene_human_no_homology</td>
                            <td class="col-xs-1">
                                <span class="label label-warning" style="display:block;width:40px;">Error</span>
                            </td>
                            <td class="col-xs-1">
                                <button class="btn btn-default btn-xs">View</button>
                            </td>
                        </tr>
                        <tr style="display:none;">
                            <td class="col-xs-9" colspan="3"><p>BEGIN test_gene_symbol_non_mousegenetab
</p><p style="color:maroon;">UnexpectedAlertPresentException: Alert Text: None
Message: unexpected alert open: {Alert text : WARNING!  Reference mark "templateBodyInsert" not found.}
  (Session info: chrome=64.0.3282.186)
  (Driver info: chromedriver=2.33.506120 (e3e53437346286c0bc2d2dc9aa4915ba81d9023f),platform=Windows NT 6.1.7601 SP1 x86_64)
</p><p style="color:maroon;">Traceback (most recent call last):
  File "C:\Users\jeffc\git\mgiselenium\PyTests\FeWI\hmdc_search_gene.py", line 1092, in test_gene_human_no_homology
    my_select = self.driver.find_element_by_xpath("//select[starts-with(@id, 'field_0_')]")#identifies the select field and picks the gene symbols option
  File "C:\Users\jeffc\AppData\Local\Programs\Python\Python38\lib\site-packages\selenium\webdriver\remote\webdriver.py", line 394, in find_element_by_xpath
    return self.find_element(by=By.XPATH, value=xpath)
  File "C:\Users\jeffc\AppData\Local\Programs\Python\Python38\lib\site-packages\selenium\webdriver\remote\webdriver.py", line 976, in find_element
    return self.execute(Command.FIND_ELEMENT, {
  File "C:\Users\jeffc\AppData\Local\Programs\Python\Python38\lib\site-packages\selenium\webdriver\remote\webdriver.py", line 321, in execute
    self.error_handler.check_response(response)
  File "C:\Users\jeffc\AppData\Local\Programs\Python\Python38\lib\site-packages\selenium\webdriver\remote\errorhandler.py", line 241, in check_response
    raise exception_class(message, screen, stacktrace, alert_text)
selenium.common.exceptions.UnexpectedAlertPresentException: Alert Text: None
Message: unexpected alert open: {Alert text : WARNING!  Reference mark "templateBodyInsert" not found.}
  (Session info: chrome=64.0.3282.186)
  (Driver info: chromedriver=2.33.506120 (e3e53437346286c0bc2d2dc9aa4915ba81d9023f),platform=Windows NT 6.1.7601 SP1 x86_64)

</p>
                            </td>
                        </tr>
                        <tr class='success'>
                            <td class="col-xs-10">test_gene_human_symbol</td>
                            <td class="col-xs-1">
                                <span class="label label-success" style="display:block;width:40px;">Pass</span>
                            </td>
                            <td class="col-xs-1">
                                <button class="btn btn-default btn-xs">View</button>
                            </td>
                        </tr>
                        <tr style="display:none;">
                            <td class="col-xs-9" colspan="3"><p>BEGIN test_gene_symbol_dual_match
Genes (17)
</p>
                            </td>
                        </tr>
                        <tr class='warning'>
                            <td class="col-xs-10">test_gene_human_synonym</td>
                            <td class="col-xs-1">
                                <span class="label label-warning" style="display:block;width:40px;">Error</span>
                            </td>
                            <td class="col-xs-1">
                                <button class="btn btn-default btn-xs">View</button>
                            </td>
                        </tr>
                        <tr style="display:none;">
                            <td class="col-xs-9" colspan="3"><p>BEGIN test_gene_human_synonym
</p><p style="color:maroon;">UnexpectedAlertPresentException: Alert Text: None
Message: unexpected alert open: {Alert text : WARNING!  Reference mark "templateBodyInsert" not found.}
  (Session info: chrome=64.0.3282.186)
  (Driver info: chromedriver=2.33.506120 (e3e53437346286c0bc2d2dc9aa4915ba81d9023f),platform=Windows NT 6.1.7601 SP1 x86_64)
</p><p style="color:maroon;">Traceback (most recent call last):
  File "C:\Users\jeffc\git\mgiselenium\PyTests\FeWI\hmdc_search_gene.py", line 647, in test_gene_human_synonym
    for option in my_select.find_elements_by_tag_name("option"):
  File "C:\Users\jeffc\AppData\Local\Programs\Python\Python38\lib\site-packages\selenium\webdriver\remote\webelement.py", line 320, in find_elements_by_tag_name
    return self.find_elements(by=By.TAG_NAME, value=name)
  File "C:\Users\jeffc\AppData\Local\Programs\Python\Python38\lib\site-packages\selenium\webdriver\remote\webelement.py", line 684, in find_elements
    return self._execute(Command.FIND_CHILD_ELEMENTS,
  File "C:\Users\jeffc\AppData\Local\Programs\Python\Python38\lib\site-packages\selenium\webdriver\remote\webelement.py", line 633, in _execute
    return self._parent.execute(command, params)
  File "C:\Users\jeffc\AppData\Local\Programs\Python\Python38\lib\site-packages\selenium\webdriver\remote\webdriver.py", line 321, in execute
    self.error_handler.check_response(response)
  File "C:\Users\jeffc\AppData\Local\Programs\Python\Python38\lib\site-packages\selenium\webdriver\remote\errorhandler.py", line 241, in check_response
    raise exception_class(message, screen, stacktrace, alert_text)
selenium.common.exceptions.UnexpectedAlertPresentException: Alert Text: None
Message: unexpected alert open: {Alert text : WARNING!  Reference mark "templateBodyInsert" not found.}
  (Session info: chrome=64.0.3282.186)
  (Driver info: chromedriver=2.33.506120 (e3e53437346286c0bc2d2dc9aa4915ba81d9023f),platform=Windows NT 6.1.7601 SP1 x86_64)

</p>
                            </td>
                        </tr>
                        <tr class='success'>
                            <td class="col-xs-10">test_gene_mltgene_homology</td>
                            <td class="col-xs-1">
                                <span class="label label-success" style="display:block;width:40px;">Pass</span>
                            </td>
                            <td class="col-xs-1">
                                <button class="btn btn-default btn-xs">View</button>
                            </td>
                        </tr>
                        <tr style="display:none;">
                            <td class="col-xs-9" colspan="3"><p>BEGIN test_gene_mltgene_homology
Gene Homologs x Phenotypes/Diseases (1 x 12)
Genes (4)
</p>
                            </td>
                        </tr>
                        <tr class='success'>
                            <td class="col-xs-10">test_gene_mouse_synonym</td>
                            <td class="col-xs-1">
                                <span class="label label-success" style="display:block;width:40px;">Pass</span>
                            </td>
                            <td class="col-xs-1">
                                <button class="btn btn-default btn-xs">View</button>
                            </td>
                        </tr>
                        <tr style="display:none;">
                            <td class="col-xs-9" colspan="3"><p>BEGIN test_gene_mouse_synonym
Genes (2)
</p>
                            </td>
                        </tr>
                        <tr class='success'>
                            <td class="col-xs-10">test_gene_mult_token_syn</td>
                            <td class="col-xs-1">
                                <span class="label label-success" style="display:block;width:40px;">Pass</span>
                            </td>
                            <td class="col-xs-1">
                                <button class="btn btn-default btn-xs">View</button>
                            </td>
                        </tr>
                        <tr style="display:none;">
                            <td class="col-xs-9" colspan="3"><p>BEGIN test_gene_mult_token_syn
Gene Homologs x Phenotypes/Diseases (4 x 27)
Gene Homologs x Phenotypes/Diseases (2 x 25)
</p>
                            </td>
                        </tr>
                        <tr class='success'>
                            <td class="col-xs-10">test_gene_name</td>
                            <td class="col-xs-1">
                                <span class="label label-success" style="display:block;width:40px;">Pass</span>
                            </td>
                            <td class="col-xs-1">
                                <button class="btn btn-default btn-xs">View</button>
                            </td>
                        </tr>
                        <tr style="display:none;">
                            <td class="col-xs-9" colspan="3"><p>BEGIN test_gene_name
Gene Homologs x Phenotypes/Diseases (13 x 43)
Gene Homologs x Phenotypes/Diseases (13 x 43)
</p>
                            </td>
                        </tr>
                        <tr class='success'>
                            <td class="col-xs-10">test_gene_name_leptin</td>
                            <td class="col-xs-1">
                                <span class="label label-success" style="display:block;width:40px;">Pass</span>
                            </td>
                            <td class="col-xs-1">
                                <button class="btn btn-default btn-xs">View</button>
                            </td>
                        </tr>
                        <tr style="display:none;">
                            <td class="col-xs-9" colspan="3"><p>BEGIN test_gene_name_leptin
Gene Homologs x Phenotypes/Diseases (13 x 29)
Gene Homologs x Phenotypes/Diseases (0 x 0)
</p>
                            </td>
                        </tr>
                        <tr class='success'>
                            <td class="col-xs-10">test_gene_name_no_disease</td>
                            <td class="col-xs-1">
                                <span class="label label-success" style="display:block;width:40px;">Pass</span>
                            </td>
                            <td class="col-xs-1">
                                <button class="btn btn-default btn-xs">View</button>
                            </td>
                        </tr>
                        <tr style="display:none;">
                            <td class="col-xs-9" colspan="3"><p>BEGIN test_gene_name_no_disease
Gene Homologs x Phenotypes/Diseases (1 x 6)
Diseases
</p>
                            </td>
                        </tr>
                        <tr class='success'>
                            <td class="col-xs-10">test_gene_name_spec_char</td>
                            <td class="col-xs-1">
                                <span class="label label-success" style="display:block;width:40px;">Pass</span>
                            </td>
                            <td class="col-xs-1">
                                <button class="btn btn-default btn-xs">View</button>
                            </td>
                        </tr>
                        <tr style="display:none;">
                            <td class="col-xs-9" colspan="3"><p>BEGIN test_gene_name_spec_char
Genes (2)
Genes (2)
</p>
                            </td>
                        </tr>
                        <tr class='warning'>
                            <td class="col-xs-10">test_gene_name_symbol</td>
                            <td class="col-xs-1">
                                <span class="label label-warning" style="display:block;width:40px;">Error</span>
                            </td>
                            <td class="col-xs-1">
                                <button class="btn btn-default btn-xs">View</button>
                            </td>
                        </tr>
                        <tr style="display:none;">
                            <td class="col-xs-9" colspan="3"><p>BEGIN test_gene_name_symbol
</p><p style="color:maroon;">UnexpectedAlertPresentException: Alert Text: None
Message: unexpected alert open: {Alert text : WARNING!  Reference mark "templateBodyInsert" not found.}
  (Session info: chrome=64.0.3282.186)
  (Driver info: chromedriver=2.33.506120 (e3e53437346286c0bc2d2dc9aa4915ba81d9023f),platform=Windows NT 6.1.7601 SP1 x86_64)
</p><p style="color:maroon;">Traceback (most recent call last):
  File "C:\Users\jeffc\git\mgiselenium\PyTests\FeWI\hmdc_search_gene.py", line 366, in test_gene_name_symbol
    for option in my_select.find_elements_by_tag_name("option"):
  File "C:\Users\jeffc\AppData\Local\Programs\Python\Python38\lib\site-packages\selenium\webdriver\remote\webelement.py", line 320, in find_elements_by_tag_name
    return self.find_elements(by=By.TAG_NAME, value=name)
  File "C:\Users\jeffc\AppData\Local\Programs\Python\Python38\lib\site-packages\selenium\webdriver\remote\webelement.py", line 684, in find_elements
    return self._execute(Command.FIND_CHILD_ELEMENTS,
  File "C:\Users\jeffc\AppData\Local\Programs\Python\Python38\lib\site-packages\selenium\webdriver\remote\webelement.py", line 633, in _execute
    return self._parent.execute(command, params)
  File "C:\Users\jeffc\AppData\Local\Programs\Python\Python38\lib\site-packages\selenium\webdriver\remote\webdriver.py", line 321, in execute
    self.error_handler.check_response(response)
  File "C:\Users\jeffc\AppData\Local\Programs\Python\Python38\lib\site-packages\selenium\webdriver\remote\errorhandler.py", line 241, in check_response
    raise exception_class(message, screen, stacktrace, alert_text)
selenium.common.exceptions.UnexpectedAlertPresentException: Alert Text: None
Message: unexpected alert open: {Alert text : WARNING!  Reference mark "templateBodyInsert" not found.}
  (Session info: chrome=64.0.3282.186)
  (Driver info: chromedriver=2.33.506120 (e3e53437346286c0bc2d2dc9aa4915ba81d9023f),platform=Windows NT 6.1.7601 SP1 x86_64)

</p>
                            </td>
                        </tr>
                        <tr class='success'>
                            <td class="col-xs-10">test_gene_ortholog_symbol</td>
                            <td class="col-xs-1">
                                <span class="label label-success" style="display:block;width:40px;">Pass</span>
                            </td>
                            <td class="col-xs-1">
                                <button class="btn btn-default btn-xs">View</button>
                            </td>
                        </tr>
                        <tr style="display:none;">
                            <td class="col-xs-9" colspan="3"><p>BEGIN test_gene_symbol_non_mousegridgene
Genes (2)
</p>
                            </td>
                        </tr>
                        <tr class='warning'>
                            <td class="col-xs-10">test_gene_search_superscript</td>
                            <td class="col-xs-1">
                                <span class="label label-warning" style="display:block;width:40px;">Error</span>
                            </td>
                            <td class="col-xs-1">
                                <button class="btn btn-default btn-xs">View</button>
                            </td>
                        </tr>
                        <tr style="display:none;">
                            <td class="col-xs-9" colspan="3"><p>BEGIN test_gene_search_superscript
</p><p style="color:maroon;">UnexpectedAlertPresentException: Alert Text: None
Message: unexpected alert open: {Alert text : WARNING!  Reference mark "templateBodyInsert" not found.}
  (Session info: chrome=64.0.3282.186)
  (Driver info: chromedriver=2.33.506120 (e3e53437346286c0bc2d2dc9aa4915ba81d9023f),platform=Windows NT 6.1.7601 SP1 x86_64)
</p><p style="color:maroon;">Traceback (most recent call last):
  File "C:\Users\jeffc\git\mgiselenium\PyTests\FeWI\hmdc_search_gene.py", line 685, in test_gene_search_superscript
    for option in my_select.find_elements_by_tag_name("option"):
  File "C:\Users\jeffc\AppData\Local\Programs\Python\Python38\lib\site-packages\selenium\webdriver\remote\webelement.py", line 320, in find_elements_by_tag_name
    return self.find_elements(by=By.TAG_NAME, value=name)
  File "C:\Users\jeffc\AppData\Local\Programs\Python\Python38\lib\site-packages\selenium\webdriver\remote\webelement.py", line 684, in find_elements
    return self._execute(Command.FIND_CHILD_ELEMENTS,
  File "C:\Users\jeffc\AppData\Local\Programs\Python\Python38\lib\site-packages\selenium\webdriver\remote\webelement.py", line 633, in _execute
    return self._parent.execute(command, params)
  File "C:\Users\jeffc\AppData\Local\Programs\Python\Python38\lib\site-packages\selenium\webdriver\remote\webdriver.py", line 321, in execute
    self.error_handler.check_response(response)
  File "C:\Users\jeffc\AppData\Local\Programs\Python\Python38\lib\site-packages\selenium\webdriver\remote\errorhandler.py", line 241, in check_response
    raise exception_class(message, screen, stacktrace, alert_text)
selenium.common.exceptions.UnexpectedAlertPresentException: Alert Text: None
Message: unexpected alert open: {Alert text : WARNING!  Reference mark "templateBodyInsert" not found.}
  (Session info: chrome=64.0.3282.186)
  (Driver info: chromedriver=2.33.506120 (e3e53437346286c0bc2d2dc9aa4915ba81d9023f),platform=Windows NT 6.1.7601 SP1 x86_64)

</p>
                            </td>
                        </tr>
                        <tr class='success'>
                            <td class="col-xs-10">test_gene_symbol_multiples</td>
                            <td class="col-xs-1">
                                <span class="label label-success" style="display:block;width:40px;">Pass</span>
                            </td>
                            <td class="col-xs-1">
                                <button class="btn btn-default btn-xs">View</button>
                            </td>
                        </tr>
                        <tr style="display:none;">
                            <td class="col-xs-9" colspan="3"><p>BEGIN test_gene_symbol_multiples
Genes (17)
Genes (17)
Genes
</p>
                            </td>
                        </tr>
                        <tr class='success'>
                            <td class="col-xs-10">test_gene_symbol_name_not_found</td>
                            <td class="col-xs-1">
                                <span class="label label-success" style="display:block;width:40px;">Pass</span>
                            </td>
                            <td class="col-xs-1">
                                <button class="btn btn-default btn-xs">View</button>
                            </td>
                        </tr>
                        <tr style="display:none;">
                            <td class="col-xs-9" colspan="3"><p>BEGIN test_gene_symbol_not_found
Gene Homologs x Phenotypes/Diseases
Genes
</p>
                            </td>
                        </tr>
                        <tr class='warning'>
                            <td class="col-xs-10">test_gene_symbol_nodiseases</td>
                            <td class="col-xs-1">
                                <span class="label label-warning" style="display:block;width:40px;">Error</span>
                            </td>
                            <td class="col-xs-1">
                                <button class="btn btn-default btn-xs">View</button>
                            </td>
                        </tr>
                        <tr style="display:none;">
                            <td class="col-xs-9" colspan="3"><p>BEGIN test_gene_symbol_nodiseases
</p><p style="color:maroon;">UnexpectedAlertPresentException: Alert Text: None
Message: unexpected alert open
  (Session info: chrome=64.0.3282.186)
  (Driver info: chromedriver=2.33.506120 (e3e53437346286c0bc2d2dc9aa4915ba81d9023f),platform=Windows NT 6.1.7601 SP1 x86_64)
</p><p style="color:maroon;">Traceback (most recent call last):
  File "C:\Users\jeffc\git\mgiselenium\PyTests\FeWI\hmdc_search_gene.py", line 207, in test_gene_symbol_nodiseases
    my_select = self.driver.find_element_by_xpath("//select[starts-with(@id, 'field_0_')]")#identifies the select field and picks the gene symbols option
  File "C:\Users\jeffc\AppData\Local\Programs\Python\Python38\lib\site-packages\selenium\webdriver\remote\webdriver.py", line 394, in find_element_by_xpath
    return self.find_element(by=By.XPATH, value=xpath)
  File "C:\Users\jeffc\AppData\Local\Programs\Python\Python38\lib\site-packages\selenium\webdriver\remote\webdriver.py", line 976, in find_element
    return self.execute(Command.FIND_ELEMENT, {
  File "C:\Users\jeffc\AppData\Local\Programs\Python\Python38\lib\site-packages\selenium\webdriver\remote\webdriver.py", line 321, in execute
    self.error_handler.check_response(response)
  File "C:\Users\jeffc\AppData\Local\Programs\Python\Python38\lib\site-packages\selenium\webdriver\remote\errorhandler.py", line 241, in check_response
    raise exception_class(message, screen, stacktrace, alert_text)
selenium.common.exceptions.UnexpectedAlertPresentException: Alert Text: None
Message: unexpected alert open
  (Session info: chrome=64.0.3282.186)
  (Driver info: chromedriver=2.33.506120 (e3e53437346286c0bc2d2dc9aa4915ba81d9023f),platform=Windows NT 6.1.7601 SP1 x86_64)

</p>
                            </td>
                        </tr>
                        <tr class='warning'>
                            <td class="col-xs-10">test_gene_symbol_only_genes</td>
                            <td class="col-xs-1">
                                <span class="label label-warning" style="display:block;width:40px;">Error</span>
                            </td>
                            <td class="col-xs-1">
                                <button class="btn btn-default btn-xs">View</button>
                            </td>
                        </tr>
                        <tr style="display:none;">
                            <td class="col-xs-9" colspan="3"><p>BEGIN test_gene_symbol_only_genes
</p><p style="color:maroon;">UnexpectedAlertPresentException: Alert Text: None
Message: unexpected alert open: {Alert text : WARNING!  Reference mark "templateBodyInsert" not found.}
  (Session info: chrome=64.0.3282.186)
  (Driver info: chromedriver=2.33.506120 (e3e53437346286c0bc2d2dc9aa4915ba81d9023f),platform=Windows NT 6.1.7601 SP1 x86_64)
</p><p style="color:maroon;">Traceback (most recent call last):
  File "C:\Users\jeffc\git\mgiselenium\PyTests\FeWI\hmdc_search_gene.py", line 469, in test_gene_symbol_only_genes
    self.driver.find_element_by_name("formly_3_input_input_0").send_keys("paupar")#identifies the input field and enters a gene symbol
  File "C:\Users\jeffc\AppData\Local\Programs\Python\Python38\lib\site-packages\selenium\webdriver\remote\webdriver.py", line 496, in find_element_by_name
    return self.find_element(by=By.NAME, value=name)
  File "C:\Users\jeffc\AppData\Local\Programs\Python\Python38\lib\site-packages\selenium\webdriver\remote\webdriver.py", line 976, in find_element
    return self.execute(Command.FIND_ELEMENT, {
  File "C:\Users\jeffc\AppData\Local\Programs\Python\Python38\lib\site-packages\selenium\webdriver\remote\webdriver.py", line 321, in execute
    self.error_handler.check_response(response)
  File "C:\Users\jeffc\AppData\Local\Programs\Python\Python38\lib\site-packages\selenium\webdriver\remote\errorhandler.py", line 241, in check_response
    raise exception_class(message, screen, stacktrace, alert_text)
selenium.common.exceptions.UnexpectedAlertPresentException: Alert Text: None
Message: unexpected alert open: {Alert text : WARNING!  Reference mark "templateBodyInsert" not found.}
  (Session info: chrome=64.0.3282.186)
  (Driver info: chromedriver=2.33.506120 (e3e53437346286c0bc2d2dc9aa4915ba81d9023f),platform=Windows NT 6.1.7601 SP1 x86_64)

</p>
                            </td>
                        </tr>
                        <tr class='success'>
                            <td class="col-xs-10">test_gene_synonym_special_char</td>
                            <td class="col-xs-1">
                                <span class="label label-success" style="display:block;width:40px;">Pass</span>
                            </td>
                            <td class="col-xs-1">
                                <button class="btn btn-default btn-xs">View</button>
                            </td>
                        </tr>
                        <tr style="display:none;">
                            <td class="col-xs-9" colspan="3"><p>BEGIN test_gene_synonym_special_char
Genes (2)
</p>
                            </td>
                        </tr>
                        <tr class='success'>
                            <td class="col-xs-10">test_genotype_popup</td>
                            <td class="col-xs-1">
                                <span class="label label-success" style="display:block;width:40px;">Pass</span>
                            </td>
                            <td class="col-xs-1">
                                <button class="btn btn-default btn-xs">View</button>
                            </td>
                        </tr>
                        <tr style="display:none;">
                            <td class="col-xs-9" colspan="3"><p>BEGIN test_genotype_popup
Gene Homologs x Phenotypes/Diseases (1 x 15)
Mouse Phenotypes
</p>
                            </td>
                        </tr>
                        <tr class='warning'>
                            <td class="col-xs-10">test_multi_gene_homology_class</td>
                            <td class="col-xs-1">
                                <span class="label label-warning" style="display:block;width:40px;">Error</span>
                            </td>
                            <td class="col-xs-1">
                                <button class="btn btn-default btn-xs">View</button>
                            </td>
                        </tr>
                        <tr style="display:none;">
                            <td class="col-xs-9" colspan="3"><p>BEGIN test_multi_gene_homology_class
</p><p style="color:maroon;">AttributeError: 'NoneType' object has no attribute 'find_elements_by_tag_name'</p><p style="color:maroon;">Traceback (most recent call last):
  File "C:\Users\jeffc\git\mgiselenium\PyTests\FeWI\hmdc_search_gene.py", line 131, in test_multi_gene_homology_class
    for option in my_select.find_elements_by_tag_name("option"):
AttributeError: 'NoneType' object has no attribute 'find_elements_by_tag_name'
</p>
                            </td>
                        </tr>
                        <tr class='success'>
                            <td class="col-xs-10">test_no_wildcards</td>
                            <td class="col-xs-1">
                                <span class="label label-success" style="display:block;width:40px;">Pass</span>
                            </td>
                            <td class="col-xs-1">
                                <button class="btn btn-default btn-xs">View</button>
                            </td>
                        </tr>
                        <tr style="display:none;">
                            <td class="col-xs-9" colspan="3"><p>BEGIN test_no_wildcards
Genes
</p>
                            </td>
                        </tr>
                        <tr>
                            <td colspan="3">
                                Total: 24, Pass: 16, Error: 8 -- Duration: 224.30 s
                            </td>
                        </tr>
                    </tbody>
                </table>
            </div>
        </div>
        <div class="row">
            <div class="col-xs-12 col-sm-10 col-md-10">
                <table class='table table-hover table-responsive'>
                    <thead>
                        <tr>
                            <th>hmdc_search_geneid.TestHmdcSearchGeneid</th>
                            <th>Status</th>
                            <th></th>
                        </tr>
                    </thead>
                    <tbody>
                        <tr class='success'>
                            <td class="col-xs-10">test_allele_id_fails</td>
                            <td class="col-xs-1">
                                <span class="label label-success" style="display:block;width:40px;">Pass</span>
                            </td>
                            <td class="col-xs-1">
                                <button class="btn btn-default btn-xs">View</button>
                            </td>
                        </tr>
                        <tr style="display:none;">
                            <td class="col-xs-9" colspan="3"><p>BEGIN test_allele_id_fails
Genes
</p>
                            </td>
                        </tr>
                        <tr class='warning'>
                            <td class="col-xs-10">test_gene_ID_rgd</td>
                            <td class="col-xs-1">
                                <span class="label label-warning" style="display:block;width:40px;">Error</span>
                            </td>
                            <td class="col-xs-1">
                                <button class="btn btn-default btn-xs">View</button>
                            </td>
                        </tr>
                        <tr style="display:none;">
                            <td class="col-xs-9" colspan="3"><p>BEGIN test_gene_ID_rgd
</p><p style="color:maroon;">AttributeError: 'NoneType' object has no attribute 'find_elements_by_tag_name'</p><p style="color:maroon;">Traceback (most recent call last):
  File "C:\Users\jeffc\git\mgiselenium\PyTests\FeWI\hmdc_search_geneid.py", line 1090, in test_gene_ID_rgd
    for option in my_select.find_elements_by_tag_name("option"):
AttributeError: 'NoneType' object has no attribute 'find_elements_by_tag_name'
</p>
                            </td>
                        </tr>
                        <tr class='success'>
                            <td class="col-xs-10">test_gene_affy_ids</td>
                            <td class="col-xs-1">
                                <span class="label label-success" style="display:block;width:40px;">Pass</span>
                            </td>
                            <td class="col-xs-1">
                                <button class="btn btn-default btn-xs">View</button>
                            </td>
                        </tr>
                        <tr style="display:none;">
                            <td class="col-xs-9" colspan="3"><p>BEGIN test_gene_affy_ids
Genes (2)
Genes (2)
Genes (2)
</p>
                            </td>
                        </tr>
                        <tr class='warning'>
                            <td class="col-xs-10">test_gene_all_ensembl_ids</td>
                            <td class="col-xs-1">
                                <span class="label label-warning" style="display:block;width:40px;">Error</span>
                            </td>
                            <td class="col-xs-1">
                                <button class="btn btn-default btn-xs">View</button>
                            </td>
                        </tr>
                        <tr style="display:none;">
                            <td class="col-xs-9" colspan="3"><p>BEGIN test_gene_all_ensembl_ids
</p><p style="color:maroon;">UnexpectedAlertPresentException: Alert Text: None
Message: unexpected alert open: {Alert text : WARNING!  Reference mark "templateBodyInsert" not found.}
  (Session info: chrome=64.0.3282.186)
  (Driver info: chromedriver=2.33.506120 (e3e53437346286c0bc2d2dc9aa4915ba81d9023f),platform=Windows NT 6.1.7601 SP1 x86_64)
</p><p style="color:maroon;">Traceback (most recent call last):
  File "C:\Users\jeffc\git\mgiselenium\PyTests\FeWI\hmdc_search_geneid.py", line 288, in test_gene_all_ensembl_ids
    for option in my_select.find_elements_by_tag_name("option"):
  File "C:\Users\jeffc\AppData\Local\Programs\Python\Python38\lib\site-packages\selenium\webdriver\remote\webelement.py", line 320, in find_elements_by_tag_name
    return self.find_elements(by=By.TAG_NAME, value=name)
  File "C:\Users\jeffc\AppData\Local\Programs\Python\Python38\lib\site-packages\selenium\webdriver\remote\webelement.py", line 684, in find_elements
    return self._execute(Command.FIND_CHILD_ELEMENTS,
  File "C:\Users\jeffc\AppData\Local\Programs\Python\Python38\lib\site-packages\selenium\webdriver\remote\webelement.py", line 633, in _execute
    return self._parent.execute(command, params)
  File "C:\Users\jeffc\AppData\Local\Programs\Python\Python38\lib\site-packages\selenium\webdriver\remote\webdriver.py", line 321, in execute
    self.error_handler.check_response(response)
  File "C:\Users\jeffc\AppData\Local\Programs\Python\Python38\lib\site-packages\selenium\webdriver\remote\errorhandler.py", line 241, in check_response
    raise exception_class(message, screen, stacktrace, alert_text)
selenium.common.exceptions.UnexpectedAlertPresentException: Alert Text: None
Message: unexpected alert open: {Alert text : WARNING!  Reference mark "templateBodyInsert" not found.}
  (Session info: chrome=64.0.3282.186)
  (Driver info: chromedriver=2.33.506120 (e3e53437346286c0bc2d2dc9aa4915ba81d9023f),platform=Windows NT 6.1.7601 SP1 x86_64)

</p>
                            </td>
                        </tr>
                        <tr class='success'>
                            <td class="col-xs-10">test_gene_all_uniprot_ids</td>
                            <td class="col-xs-1">
                                <span class="label label-success" style="display:block;width:40px;">Pass</span>
                            </td>
                            <td class="col-xs-1">
                                <button class="btn btn-default btn-xs">View</button>
                            </td>
                        </tr>
                        <tr style="display:none;">
                            <td class="col-xs-9" colspan="3"><p>BEGIN test_gene_all_uniprot_ids
Genes (2)
Genes (2)
</p>
                            </td>
                        </tr>
                        <tr class='warning'>
                            <td class="col-xs-10">test_gene_all_vega_ids</td>
                            <td class="col-xs-1">
                                <span class="label label-warning" style="display:block;width:40px;">Error</span>
                            </td>
                            <td class="col-xs-1">
                                <button class="btn btn-default btn-xs">View</button>
                            </td>
                        </tr>
                        <tr style="display:none;">
                            <td class="col-xs-9" colspan="3"><p>BEGIN test_gene_all_vega_ids
</p><p style="color:maroon;">UnexpectedAlertPresentException: Alert Text: None
Message: unexpected alert open
  (Session info: chrome=64.0.3282.186)
  (Driver info: chromedriver=2.33.506120 (e3e53437346286c0bc2d2dc9aa4915ba81d9023f),platform=Windows NT 6.1.7601 SP1 x86_64)
</p><p style="color:maroon;">Traceback (most recent call last):
  File "C:\Users\jeffc\git\mgiselenium\PyTests\FeWI\hmdc_search_geneid.py", line 197, in test_gene_all_vega_ids
    my_select = self.driver.find_element_by_xpath("//select[starts-with(@id, 'field_0_')]")#identifies the select field and picks the gene symbols option
  File "C:\Users\jeffc\AppData\Local\Programs\Python\Python38\lib\site-packages\selenium\webdriver\remote\webdriver.py", line 394, in find_element_by_xpath
    return self.find_element(by=By.XPATH, value=xpath)
  File "C:\Users\jeffc\AppData\Local\Programs\Python\Python38\lib\site-packages\selenium\webdriver\remote\webdriver.py", line 976, in find_element
    return self.execute(Command.FIND_ELEMENT, {
  File "C:\Users\jeffc\AppData\Local\Programs\Python\Python38\lib\site-packages\selenium\webdriver\remote\webdriver.py", line 321, in execute
    self.error_handler.check_response(response)
  File "C:\Users\jeffc\AppData\Local\Programs\Python\Python38\lib\site-packages\selenium\webdriver\remote\errorhandler.py", line 241, in check_response
    raise exception_class(message, screen, stacktrace, alert_text)
selenium.common.exceptions.UnexpectedAlertPresentException: Alert Text: None
Message: unexpected alert open
  (Session info: chrome=64.0.3282.186)
  (Driver info: chromedriver=2.33.506120 (e3e53437346286c0bc2d2dc9aa4915ba81d9023f),platform=Windows NT 6.1.7601 SP1 x86_64)

</p>
                            </td>
                        </tr>
                        <tr class='success'>
                            <td class="col-xs-10">test_gene_ccds_id</td>
                            <td class="col-xs-1">
                                <span class="label label-success" style="display:block;width:40px;">Pass</span>
                            </td>
                            <td class="col-xs-1">
                                <button class="btn btn-default btn-xs">View</button>
                            </td>
                        </tr>
                        <tr style="display:none;">
                            <td class="col-xs-9" colspan="3"><p>BEGIN test_gene_ccds_id
Genes (7)
</p>
                            </td>
                        </tr>
                        <tr class='success'>
                            <td class="col-xs-10">test_gene_ec_id</td>
                            <td class="col-xs-1">
                                <span class="label label-success" style="display:block;width:40px;">Pass</span>
                            </td>
                            <td class="col-xs-1">
                                <button class="btn btn-default btn-xs">View</button>
                            </td>
                        </tr>
                        <tr style="display:none;">
                            <td class="col-xs-9" colspan="3"><p>BEGIN test_gene_ec_id
Genes (5)
</p>
                            </td>
                        </tr>
                        <tr class='warning'>
                            <td class="col-xs-10">test_gene_genbank_ids</td>
                            <td class="col-xs-1">
                                <span class="label label-warning" style="display:block;width:40px;">Error</span>
                            </td>
                            <td class="col-xs-1">
                                <button class="btn btn-default btn-xs">View</button>
                            </td>
                        </tr>
                        <tr style="display:none;">
                            <td class="col-xs-9" colspan="3"><p>BEGIN test_gene_genbank_ids
</p><p style="color:maroon;">UnexpectedAlertPresentException: Alert Text: None
Message: unexpected alert open: {Alert text : WARNING!  Reference mark "templateBodyInsert" not found.}
  (Session info: chrome=64.0.3282.186)
  (Driver info: chromedriver=2.33.506120 (e3e53437346286c0bc2d2dc9aa4915ba81d9023f),platform=Windows NT 6.1.7601 SP1 x86_64)
</p><p style="color:maroon;">Traceback (most recent call last):
  File "C:\Users\jeffc\git\mgiselenium\PyTests\FeWI\hmdc_search_geneid.py", line 500, in test_gene_genbank_ids
    for option in my_select.find_elements_by_tag_name("option"):
  File "C:\Users\jeffc\AppData\Local\Programs\Python\Python38\lib\site-packages\selenium\webdriver\remote\webelement.py", line 320, in find_elements_by_tag_name
    return self.find_elements(by=By.TAG_NAME, value=name)
  File "C:\Users\jeffc\AppData\Local\Programs\Python\Python38\lib\site-packages\selenium\webdriver\remote\webelement.py", line 684, in find_elements
    return self._execute(Command.FIND_CHILD_ELEMENTS,
  File "C:\Users\jeffc\AppData\Local\Programs\Python\Python38\lib\site-packages\selenium\webdriver\remote\webelement.py", line 633, in _execute
    return self._parent.execute(command, params)
  File "C:\Users\jeffc\AppData\Local\Programs\Python\Python38\lib\site-packages\selenium\webdriver\remote\webdriver.py", line 321, in execute
    self.error_handler.check_response(response)
  File "C:\Users\jeffc\AppData\Local\Programs\Python\Python38\lib\site-packages\selenium\webdriver\remote\errorhandler.py", line 241, in check_response
    raise exception_class(message, screen, stacktrace, alert_text)
selenium.common.exceptions.UnexpectedAlertPresentException: Alert Text: None
Message: unexpected alert open: {Alert text : WARNING!  Reference mark "templateBodyInsert" not found.}
  (Session info: chrome=64.0.3282.186)
  (Driver info: chromedriver=2.33.506120 (e3e53437346286c0bc2d2dc9aa4915ba81d9023f),platform=Windows NT 6.1.7601 SP1 x86_64)

</p>
                            </td>
                        </tr>
                        <tr class='warning'>
                            <td class="col-xs-10">test_gene_gtrosa_id</td>
                            <td class="col-xs-1">
                                <span class="label label-warning" style="display:block;width:40px;">Error</span>
                            </td>
                            <td class="col-xs-1">
                                <button class="btn btn-default btn-xs">View</button>
                            </td>
                        </tr>
                        <tr style="display:none;">
                            <td class="col-xs-9" colspan="3"><p>BEGIN test_gene_gtrosa_id
</p><p style="color:maroon;">UnexpectedAlertPresentException: Alert Text: None
Message: unexpected alert open
  (Session info: chrome=64.0.3282.186)
  (Driver info: chromedriver=2.33.506120 (e3e53437346286c0bc2d2dc9aa4915ba81d9023f),platform=Windows NT 6.1.7601 SP1 x86_64)
</p><p style="color:maroon;">Traceback (most recent call last):
  File "C:\Users\jeffc\git\mgiselenium\PyTests\FeWI\hmdc_search_geneid.py", line 748, in test_gene_gtrosa_id
    my_select = self.driver.find_element_by_xpath("//select[starts-with(@id, 'field_0_')]")#identifies the select field and picks the gene symbols option
  File "C:\Users\jeffc\AppData\Local\Programs\Python\Python38\lib\site-packages\selenium\webdriver\remote\webdriver.py", line 394, in find_element_by_xpath
    return self.find_element(by=By.XPATH, value=xpath)
  File "C:\Users\jeffc\AppData\Local\Programs\Python\Python38\lib\site-packages\selenium\webdriver\remote\webdriver.py", line 976, in find_element
    return self.execute(Command.FIND_ELEMENT, {
  File "C:\Users\jeffc\AppData\Local\Programs\Python\Python38\lib\site-packages\selenium\webdriver\remote\webdriver.py", line 321, in execute
    self.error_handler.check_response(response)
  File "C:\Users\jeffc\AppData\Local\Programs\Python\Python38\lib\site-packages\selenium\webdriver\remote\errorhandler.py", line 241, in check_response
    raise exception_class(message, screen, stacktrace, alert_text)
selenium.common.exceptions.UnexpectedAlertPresentException: Alert Text: None
Message: unexpected alert open
  (Session info: chrome=64.0.3282.186)
  (Driver info: chromedriver=2.33.506120 (e3e53437346286c0bc2d2dc9aa4915ba81d9023f),platform=Windows NT 6.1.7601 SP1 x86_64)

</p>
                            </td>
                        </tr>
                        <tr class='success'>
                            <td class="col-xs-10">test_gene_human_OMIM_id</td>
                            <td class="col-xs-1">
                                <span class="label label-success" style="display:block;width:40px;">Pass</span>
                            </td>
                            <td class="col-xs-1">
                                <button class="btn btn-default btn-xs">View</button>
                            </td>
                        </tr>
                        <tr style="display:none;">
                            <td class="col-xs-9" colspan="3"><p>BEGIN test_gene_human_OMIM_id
Genes (17)
Genes
</p>
                            </td>
                        </tr>
                        <tr class='warning'>
                            <td class="col-xs-10">test_gene_human_genbank_id</td>
                            <td class="col-xs-1">
                                <span class="label label-warning" style="display:block;width:40px;">Error</span>
                            </td>
                            <td class="col-xs-1">
                                <button class="btn btn-default btn-xs">View</button>
                            </td>
                        </tr>
                        <tr style="display:none;">
                            <td class="col-xs-9" colspan="3"><p>BEGIN test_gene_human_refseq_id
</p><p style="color:maroon;">AttributeError: 'NoneType' object has no attribute 'find_elements_by_tag_name'</p><p style="color:maroon;">Traceback (most recent call last):
  File "C:\Users\jeffc\git\mgiselenium\PyTests\FeWI\hmdc_search_geneid.py", line 972, in test_gene_human_genbank_id
    for option in my_select.find_elements_by_tag_name("option"):
AttributeError: 'NoneType' object has no attribute 'find_elements_by_tag_name'
</p>
                            </td>
                        </tr>
                        <tr class='success'>
                            <td class="col-xs-10">test_gene_human_hgnc_id</td>
                            <td class="col-xs-1">
                                <span class="label label-success" style="display:block;width:40px;">Pass</span>
                            </td>
                            <td class="col-xs-1">
                                <button class="btn btn-default btn-xs">View</button>
                            </td>
                        </tr>
                        <tr style="display:none;">
                            <td class="col-xs-9" colspan="3"><p>BEGIN test_gene_human_hgnc_id
Genes (4)
</p>
                            </td>
                        </tr>
                        <tr class='success'>
                            <td class="col-xs-10">test_gene_human_ncbi_id</td>
                            <td class="col-xs-1">
                                <span class="label label-success" style="display:block;width:40px;">Pass</span>
                            </td>
                            <td class="col-xs-1">
                                <button class="btn btn-default btn-xs">View</button>
                            </td>
                        </tr>
                        <tr style="display:none;">
                            <td class="col-xs-9" colspan="3"><p>BEGIN test_gene_human_ncbi_id
Gene Homologs x Phenotypes/Diseases (1 x 18)
Genes (2)
Diseases (1)
</p>
                            </td>
                        </tr>
                        <tr class='warning'>
                            <td class="col-xs-10">test_gene_human_nextprot_id</td>
                            <td class="col-xs-1">
                                <span class="label label-warning" style="display:block;width:40px;">Error</span>
                            </td>
                            <td class="col-xs-1">
                                <button class="btn btn-default btn-xs">View</button>
                            </td>
                        </tr>
                        <tr style="display:none;">
                            <td class="col-xs-9" colspan="3"><p>BEGIN test_gene_human_nextprot_id
</p><p style="color:maroon;">AttributeError: 'NoneType' object has no attribute 'find_elements_by_tag_name'</p><p style="color:maroon;">Traceback (most recent call last):
  File "C:\Users\jeffc\git\mgiselenium\PyTests\FeWI\hmdc_search_geneid.py", line 910, in test_gene_human_nextprot_id
    for option in my_select.find_elements_by_tag_name("option"):
AttributeError: 'NoneType' object has no attribute 'find_elements_by_tag_name'
</p>
                            </td>
                        </tr>
                        <tr class='warning'>
                            <td class="col-xs-10">test_gene_human_refseq_id</td>
                            <td class="col-xs-1">
                                <span class="label label-warning" style="display:block;width:40px;">Error</span>
                            </td>
                            <td class="col-xs-1">
                                <button class="btn btn-default btn-xs">View</button>
                            </td>
                        </tr>
                        <tr style="display:none;">
                            <td class="col-xs-9" colspan="3"><p>BEGIN test_gene_human_refseq_id
</p><p style="color:maroon;">AttributeError: 'NoneType' object has no attribute 'find_elements_by_tag_name'</p><p style="color:maroon;">Traceback (most recent call last):
  File "C:\Users\jeffc\git\mgiselenium\PyTests\FeWI\hmdc_search_geneid.py", line 941, in test_gene_human_refseq_id
    for option in my_select.find_elements_by_tag_name("option"):
AttributeError: 'NoneType' object has no attribute 'find_elements_by_tag_name'
</p>
                            </td>
                        </tr>
                        <tr class='warning'>
                            <td class="col-xs-10">test_gene_human_uniprot_id</td>
                            <td class="col-xs-1">
                                <span class="label label-warning" style="display:block;width:40px;">Error</span>
                            </td>
                            <td class="col-xs-1">
                                <button class="btn btn-default btn-xs">View</button>
                            </td>
                        </tr>
                        <tr style="display:none;">
                            <td class="col-xs-9" colspan="3"><p>BEGIN test_gene_human_uniprot_id
</p><p style="color:maroon;">UnexpectedAlertPresentException: Alert Text: None
Message: unexpected alert open
  (Session info: chrome=64.0.3282.186)
  (Driver info: chromedriver=2.33.506120 (e3e53437346286c0bc2d2dc9aa4915ba81d9023f),platform=Windows NT 6.1.7601 SP1 x86_64)
</p><p style="color:maroon;">Traceback (most recent call last):
  File "C:\Users\jeffc\git\mgiselenium\PyTests\FeWI\hmdc_search_geneid.py", line 879, in test_gene_human_uniprot_id
    for option in my_select.find_elements_by_tag_name("option"):
  File "C:\Users\jeffc\AppData\Local\Programs\Python\Python38\lib\site-packages\selenium\webdriver\remote\webelement.py", line 320, in find_elements_by_tag_name
    return self.find_elements(by=By.TAG_NAME, value=name)
  File "C:\Users\jeffc\AppData\Local\Programs\Python\Python38\lib\site-packages\selenium\webdriver\remote\webelement.py", line 684, in find_elements
    return self._execute(Command.FIND_CHILD_ELEMENTS,
  File "C:\Users\jeffc\AppData\Local\Programs\Python\Python38\lib\site-packages\selenium\webdriver\remote\webelement.py", line 633, in _execute
    return self._parent.execute(command, params)
  File "C:\Users\jeffc\AppData\Local\Programs\Python\Python38\lib\site-packages\selenium\webdriver\remote\webdriver.py", line 321, in execute
    self.error_handler.check_response(response)
  File "C:\Users\jeffc\AppData\Local\Programs\Python\Python38\lib\site-packages\selenium\webdriver\remote\errorhandler.py", line 241, in check_response
    raise exception_class(message, screen, stacktrace, alert_text)
selenium.common.exceptions.UnexpectedAlertPresentException: Alert Text: None
Message: unexpected alert open
  (Session info: chrome=64.0.3282.186)
  (Driver info: chromedriver=2.33.506120 (e3e53437346286c0bc2d2dc9aa4915ba81d9023f),platform=Windows NT 6.1.7601 SP1 x86_64)

</p>
                            </td>
                        </tr>
                        <tr class='success'>
                            <td class="col-xs-10">test_gene_id_multiples</td>
                            <td class="col-xs-1">
                                <span class="label label-success" style="display:block;width:40px;">Pass</span>
                            </td>
                            <td class="col-xs-1">
                                <button class="btn btn-default btn-xs">View</button>
                            </td>
                        </tr>
                        <tr style="display:none;">
                            <td class="col-xs-9" colspan="3"><p>BEGIN test_gene_id_multiples
Genes (18)
Genes (18)
</p>
                            </td>
                        </tr>
                        <tr class='warning'>
                            <td class="col-xs-10">test_gene_mgi_id</td>
                            <td class="col-xs-1">
                                <span class="label label-warning" style="display:block;width:40px;">Error</span>
                            </td>
                            <td class="col-xs-1">
                                <button class="btn btn-default btn-xs">View</button>
                            </td>
                        </tr>
                        <tr style="display:none;">
                            <td class="col-xs-9" colspan="3"><p>BEGIN test_gene_mgi_id
</p><p style="color:maroon;">AttributeError: 'NoneType' object has no attribute 'find_elements_by_tag_name'</p><p style="color:maroon;">Traceback (most recent call last):
  File "C:\Users\jeffc\git\mgiselenium\PyTests\FeWI\hmdc_search_geneid.py", line 46, in test_gene_mgi_id
    for option in my_select.find_elements_by_tag_name("option"):
AttributeError: 'NoneType' object has no attribute 'find_elements_by_tag_name'
</p>
                            </td>
                        </tr>
                        <tr class='success'>
                            <td class="col-xs-10">test_gene_miRBase_id</td>
                            <td class="col-xs-1">
                                <span class="label label-success" style="display:block;width:40px;">Pass</span>
                            </td>
                            <td class="col-xs-1">
                                <button class="btn btn-default btn-xs">View</button>
                            </td>
                        </tr>
                        <tr style="display:none;">
                            <td class="col-xs-9" colspan="3"><p>BEGIN test_gene_miRBase_id
Genes (2)
</p>
                            </td>
                        </tr>
                        <tr class='warning'>
                            <td class="col-xs-10">test_gene_ncbi_id_1</td>
                            <td class="col-xs-1">
                                <span class="label label-warning" style="display:block;width:40px;">Error</span>
                            </td>
                            <td class="col-xs-1">
                                <button class="btn btn-default btn-xs">View</button>
                            </td>
                        </tr>
                        <tr style="display:none;">
                            <td class="col-xs-9" colspan="3"><p>BEGIN test_gene_ncbi_id_1
</p><p style="color:maroon;">UnexpectedAlertPresentException: Alert Text: None
Message: unexpected alert open: {Alert text : WARNING!  Reference mark "templateBodyInsert" not found.}
  (Session info: chrome=64.0.3282.186)
  (Driver info: chromedriver=2.33.506120 (e3e53437346286c0bc2d2dc9aa4915ba81d9023f),platform=Windows NT 6.1.7601 SP1 x86_64)
</p><p style="color:maroon;">Traceback (most recent call last):
  File "C:\Users\jeffc\git\mgiselenium\PyTests\FeWI\hmdc_search_geneid.py", line 105, in test_gene_ncbi_id_1
    for option in my_select.find_elements_by_tag_name("option"):
  File "C:\Users\jeffc\AppData\Local\Programs\Python\Python38\lib\site-packages\selenium\webdriver\remote\webelement.py", line 320, in find_elements_by_tag_name
    return self.find_elements(by=By.TAG_NAME, value=name)
  File "C:\Users\jeffc\AppData\Local\Programs\Python\Python38\lib\site-packages\selenium\webdriver\remote\webelement.py", line 684, in find_elements
    return self._execute(Command.FIND_CHILD_ELEMENTS,
  File "C:\Users\jeffc\AppData\Local\Programs\Python\Python38\lib\site-packages\selenium\webdriver\remote\webelement.py", line 633, in _execute
    return self._parent.execute(command, params)
  File "C:\Users\jeffc\AppData\Local\Programs\Python\Python38\lib\site-packages\selenium\webdriver\remote\webdriver.py", line 321, in execute
    self.error_handler.check_response(response)
  File "C:\Users\jeffc\AppData\Local\Programs\Python\Python38\lib\site-packages\selenium\webdriver\remote\errorhandler.py", line 241, in check_response
    raise exception_class(message, screen, stacktrace, alert_text)
selenium.common.exceptions.UnexpectedAlertPresentException: Alert Text: None
Message: unexpected alert open: {Alert text : WARNING!  Reference mark "templateBodyInsert" not found.}
  (Session info: chrome=64.0.3282.186)
  (Driver info: chromedriver=2.33.506120 (e3e53437346286c0bc2d2dc9aa4915ba81d9023f),platform=Windows NT 6.1.7601 SP1 x86_64)

</p>
                            </td>
                        </tr>
                        <tr class='warning'>
                            <td class="col-xs-10">test_gene_ncbi_id_2</td>
                            <td class="col-xs-1">
                                <span class="label label-warning" style="display:block;width:40px;">Error</span>
                            </td>
                            <td class="col-xs-1">
                                <button class="btn btn-default btn-xs">View</button>
                            </td>
                        </tr>
                        <tr style="display:none;">
                            <td class="col-xs-9" colspan="3"><p>BEGIN test_gene_ncbi_id_2
</p><p style="color:maroon;">UnexpectedAlertPresentException: Alert Text: None
Message: unexpected alert open: {Alert text : WARNING!  Reference mark "templateBodyInsert" not found.}
  (Session info: chrome=64.0.3282.186)
  (Driver info: chromedriver=2.33.506120 (e3e53437346286c0bc2d2dc9aa4915ba81d9023f),platform=Windows NT 6.1.7601 SP1 x86_64)
</p><p style="color:maroon;">Traceback (most recent call last):
  File "C:\Users\jeffc\git\mgiselenium\PyTests\FeWI\hmdc_search_geneid.py", line 137, in test_gene_ncbi_id_2
    for option in my_select.find_elements_by_tag_name("option"):
  File "C:\Users\jeffc\AppData\Local\Programs\Python\Python38\lib\site-packages\selenium\webdriver\remote\webelement.py", line 320, in find_elements_by_tag_name
    return self.find_elements(by=By.TAG_NAME, value=name)
  File "C:\Users\jeffc\AppData\Local\Programs\Python\Python38\lib\site-packages\selenium\webdriver\remote\webelement.py", line 684, in find_elements
    return self._execute(Command.FIND_CHILD_ELEMENTS,
  File "C:\Users\jeffc\AppData\Local\Programs\Python\Python38\lib\site-packages\selenium\webdriver\remote\webelement.py", line 633, in _execute
    return self._parent.execute(command, params)
  File "C:\Users\jeffc\AppData\Local\Programs\Python\Python38\lib\site-packages\selenium\webdriver\remote\webdriver.py", line 321, in execute
    self.error_handler.check_response(response)
  File "C:\Users\jeffc\AppData\Local\Programs\Python\Python38\lib\site-packages\selenium\webdriver\remote\errorhandler.py", line 241, in check_response
    raise exception_class(message, screen, stacktrace, alert_text)
selenium.common.exceptions.UnexpectedAlertPresentException: Alert Text: None
Message: unexpected alert open: {Alert text : WARNING!  Reference mark "templateBodyInsert" not found.}
  (Session info: chrome=64.0.3282.186)
  (Driver info: chromedriver=2.33.506120 (e3e53437346286c0bc2d2dc9aa4915ba81d9023f),platform=Windows NT 6.1.7601 SP1 x86_64)

</p>
                            </td>
                        </tr>
                        <tr class='success'>
                            <td class="col-xs-10">test_gene_protein_ids</td>
                            <td class="col-xs-1">
                                <span class="label label-success" style="display:block;width:40px;">Pass</span>
                            </td>
                            <td class="col-xs-1">
                                <button class="btn btn-default btn-xs">View</button>
                            </td>
                        </tr>
                        <tr style="display:none;">
                            <td class="col-xs-9" colspan="3"><p>BEGIN test_gene_protein_ids
Genes (3)
Genes (3)
</p>
                            </td>
                        </tr>
                        <tr>
                            <td colspan="3">
                                Total: 23, Pass: 11, Error: 12 -- Duration: 173.41 s
                            </td>
                        </tr>
                    </tbody>
                </table>
            </div>
        </div>
        <div class="row">
            <div class="col-xs-12 col-sm-10 col-md-10">
                <table class='table table-hover table-responsive'>
                    <thead>
                        <tr>
                            <th>hmdc_search_id.TestHmdcSearchID</th>
                            <th>Status</th>
                            <th></th>
                        </tr>
                    </thead>
                    <tbody>
                        <tr class='success'>
                            <td class="col-xs-10">test_OMIM_term_id</td>
                            <td class="col-xs-1">
                                <span class="label label-success" style="display:block;width:40px;">Pass</span>
                            </td>
                            <td class="col-xs-1">
                                <button class="btn btn-default btn-xs">View</button>
                            </td>
                        </tr>
                        <tr style="display:none;">
                            <td class="col-xs-9" colspan="3"><p>BEGIN test_do_term_id
Diseases (1)
Diseases (1)
Diseases
</p>
                            </td>
                        </tr>
                        <tr class='success'>
                            <td class="col-xs-10">test_do_alt_ids</td>
                            <td class="col-xs-1">
                                <span class="label label-success" style="display:block;width:40px;">Pass</span>
                            </td>
                            <td class="col-xs-1">
                                <button class="btn btn-default btn-xs">View</button>
                            </td>
                        </tr>
                        <tr style="display:none;">
                            <td class="col-xs-9" colspan="3"><p>BEGIN test_do_term_id
Diseases (1)
Diseases (1)
Diseases (1)
Diseases (1)
</p>
                            </td>
                        </tr>
                        <tr class='success'>
                            <td class="col-xs-10">test_do_term_id</td>
                            <td class="col-xs-1">
                                <span class="label label-success" style="display:block;width:40px;">Pass</span>
                            </td>
                            <td class="col-xs-1">
                                <button class="btn btn-default btn-xs">View</button>
                            </td>
                        </tr>
                        <tr style="display:none;">
                            <td class="col-xs-9" colspan="3"><p>BEGIN test_do_term_id
Gene Homologs x Phenotypes/Diseases (4 x 10)
Diseases (1)
Diseases
</p>
                            </td>
                        </tr>
                        <tr class='success'>
                            <td class="col-xs-10">test_do_term_id_down_dag</td>
                            <td class="col-xs-1">
                                <span class="label label-success" style="display:block;width:40px;">Pass</span>
                            </td>
                            <td class="col-xs-1">
                                <button class="btn btn-default btn-xs">View</button>
                            </td>
                        </tr>
                        <tr style="display:none;">
                            <td class="col-xs-9" colspan="3"><p>BEGIN test_do_term_id_down_dag
Gene Homologs x Phenotypes/Diseases (7 x 26)
Diseases (8)
</p>
                            </td>
                        </tr>
                        <tr class='success'>
                            <td class="col-xs-10">test_do_term_xref_id</td>
                            <td class="col-xs-1">
                                <span class="label label-success" style="display:block;width:40px;">Pass</span>
                            </td>
                            <td class="col-xs-1">
                                <button class="btn btn-default btn-xs">View</button>
                            </td>
                        </tr>
                        <tr style="display:none;">
                            <td class="col-xs-9" colspan="3"><p>BEGIN test_do_term_xref_id
</p>
                            </td>
                        </tr>
                        <tr class='success'>
                            <td class="col-xs-10">test_hp_term_id</td>
                            <td class="col-xs-1">
                                <span class="label label-success" style="display:block;width:40px;">Pass</span>
                            </td>
                            <td class="col-xs-1">
                                <button class="btn btn-default btn-xs">View</button>
                            </td>
                        </tr>
                        <tr style="display:none;">
                            <td class="col-xs-9" colspan="3"><p>BEGIN test_hp_term_id
Gene Homologs x Phenotypes/Diseases (1 x 4)
</p>
                            </td>
                        </tr>
                        <tr class='warning'>
                            <td class="col-xs-10">test_hp_term_multi_id</td>
                            <td class="col-xs-1">
                                <span class="label label-warning" style="display:block;width:40px;">Error</span>
                            </td>
                            <td class="col-xs-1">
                                <button class="btn btn-default btn-xs">View</button>
                            </td>
                        </tr>
                        <tr style="display:none;">
                            <td class="col-xs-9" colspan="3"><p>BEGIN test_hp_term_multi_id
</p><p style="color:maroon;">UnexpectedAlertPresentException: Alert Text: None
Message: unexpected alert open: {Alert text : WARNING!  Reference mark "templateBodyInsert" not found.}
  (Session info: chrome=64.0.3282.186)
  (Driver info: chromedriver=2.33.506120 (e3e53437346286c0bc2d2dc9aa4915ba81d9023f),platform=Windows NT 6.1.7601 SP1 x86_64)
</p><p style="color:maroon;">Traceback (most recent call last):
  File "C:\Users\jeffc\git\mgiselenium\PyTests\FeWI\hmdc_search_id.py", line 582, in test_hp_term_multi_id
    for option in my_select.find_elements(By.TAG_NAME, "option"):
  File "C:\Users\jeffc\AppData\Local\Programs\Python\Python38\lib\site-packages\selenium\webdriver\remote\webelement.py", line 684, in find_elements
    return self._execute(Command.FIND_CHILD_ELEMENTS,
  File "C:\Users\jeffc\AppData\Local\Programs\Python\Python38\lib\site-packages\selenium\webdriver\remote\webelement.py", line 633, in _execute
    return self._parent.execute(command, params)
  File "C:\Users\jeffc\AppData\Local\Programs\Python\Python38\lib\site-packages\selenium\webdriver\remote\webdriver.py", line 321, in execute
    self.error_handler.check_response(response)
  File "C:\Users\jeffc\AppData\Local\Programs\Python\Python38\lib\site-packages\selenium\webdriver\remote\errorhandler.py", line 241, in check_response
    raise exception_class(message, screen, stacktrace, alert_text)
selenium.common.exceptions.UnexpectedAlertPresentException: Alert Text: None
Message: unexpected alert open: {Alert text : WARNING!  Reference mark "templateBodyInsert" not found.}
  (Session info: chrome=64.0.3282.186)
  (Driver info: chromedriver=2.33.506120 (e3e53437346286c0bc2d2dc9aa4915ba81d9023f),platform=Windows NT 6.1.7601 SP1 x86_64)

</p>
                            </td>
                        </tr>
                        <tr class='success'>
                            <td class="col-xs-10">test_mixed_term_multi_id</td>
                            <td class="col-xs-1">
                                <span class="label label-success" style="display:block;width:40px;">Pass</span>
                            </td>
                            <td class="col-xs-1">
                                <button class="btn btn-default btn-xs">View</button>
                            </td>
                        </tr>
                        <tr style="display:none;">
                            <td class="col-xs-9" colspan="3"><p>BEGIN test_mixed_term_multi_id
Gene Homologs x Phenotypes/Diseases (1 x 6)
</p>
                            </td>
                        </tr>
                        <tr class='success'>
                            <td class="col-xs-10">test_mp_term_altid</td>
                            <td class="col-xs-1">
                                <span class="label label-success" style="display:block;width:40px;">Pass</span>
                            </td>
                            <td class="col-xs-1">
                                <button class="btn btn-default btn-xs">View</button>
                            </td>
                        </tr>
                        <tr style="display:none;">
                            <td class="col-xs-9" colspan="3"><p>BEGIN test_mp_term_altid
</p>
                            </td>
                        </tr>
                        <tr class='warning'>
                            <td class="col-xs-10">test_mp_term_id</td>
                            <td class="col-xs-1">
                                <span class="label label-warning" style="display:block;width:40px;">Error</span>
                            </td>
                            <td class="col-xs-1">
                                <button class="btn btn-default btn-xs">View</button>
                            </td>
                        </tr>
                        <tr style="display:none;">
                            <td class="col-xs-9" colspan="3"><p>BEGIN test_mp_term_id
</p><p style="color:maroon;">AttributeError: 'NoneType' object has no attribute 'find_elements'</p><p style="color:maroon;">Traceback (most recent call last):
  File "C:\Users\jeffc\git\mgiselenium\PyTests\FeWI\hmdc_search_id.py", line 327, in test_mp_term_id
    for option in my_select.find_elements(By.TAG_NAME, "option"):
AttributeError: 'NoneType' object has no attribute 'find_elements'
</p>
                            </td>
                        </tr>
                        <tr class='success'>
                            <td class="col-xs-10">test_mp_term_multi_id</td>
                            <td class="col-xs-1">
                                <span class="label label-success" style="display:block;width:40px;">Pass</span>
                            </td>
                            <td class="col-xs-1">
                                <button class="btn btn-default btn-xs">View</button>
                            </td>
                        </tr>
                        <tr style="display:none;">
                            <td class="col-xs-9" colspan="3"><p>BEGIN test_mp_term_multi_id
Gene Homologs x Phenotypes/Diseases (3 x 13)
</p>
                            </td>
                        </tr>
                        <tr>
                            <td colspan="3">
                                Total: 11, Pass: 9, Error: 2 -- Duration: 130.68 s
                            </td>
                        </tr>
                    </tbody>
                </table>
            </div>
        </div>
        <div class="row">
            <div class="col-xs-12 col-sm-10 col-md-10">
                <table class='table table-hover table-responsive'>
                    <thead>
                        <tr>
                            <th>hmdc_search_term.TestHmdcSearchTerm</th>
                            <th>Status</th>
                            <th></th>
                        </tr>
                    </thead>
                    <tbody>
                        <tr class='warning'>
                            <td class="col-xs-10">test_do_term_down_dag</td>
                            <td class="col-xs-1">
                                <span class="label label-warning" style="display:block;width:40px;">Error</span>
                            </td>
                            <td class="col-xs-1">
                                <button class="btn btn-default btn-xs">View</button>
                            </td>
                        </tr>
                        <tr style="display:none;">
                            <td class="col-xs-9" colspan="3"><p>BEGIN test_do_term_down_dag
</p><p style="color:maroon;">AttributeError: 'NoneType' object has no attribute 'find_elements_by_tag_name'</p><p style="color:maroon;">Traceback (most recent call last):
  File "C:\Users\jeffc\git\mgiselenium\PyTests\FeWI\hmdc_search_term.py", line 436, in test_do_term_down_dag
    for option in my_select.find_elements_by_tag_name("option"):
AttributeError: 'NoneType' object has no attribute 'find_elements_by_tag_name'
</p>
                            </td>
                        </tr>
                        <tr class='success'>
                            <td class="col-xs-10">test_do_term_name</td>
                            <td class="col-xs-1">
                                <span class="label label-success" style="display:block;width:40px;">Pass</span>
                            </td>
                            <td class="col-xs-1">
                                <button class="btn btn-default btn-xs">View</button>
                            </td>
                        </tr>
                        <tr style="display:none;">
                            <td class="col-xs-9" colspan="3"><p>BEGIN test_do_term_name
Gene Homologs x Phenotypes/Diseases (1 x 20)
inherited metabolic disorder
mucosulfatidosis
</p>
                            </td>
                        </tr>
                        <tr class='warning'>
                            <td class="col-xs-10">test_do_term_syn_name</td>
                            <td class="col-xs-1">
                                <span class="label label-warning" style="display:block;width:40px;">Error</span>
                            </td>
                            <td class="col-xs-1">
                                <button class="btn btn-default btn-xs">View</button>
                            </td>
                        </tr>
                        <tr style="display:none;">
                            <td class="col-xs-9" colspan="3"><p>BEGIN test_do_term_syn_name
</p><p style="color:maroon;">UnexpectedAlertPresentException: Alert Text: None
Message: unexpected alert open
  (Session info: chrome=64.0.3282.186)
  (Driver info: chromedriver=2.33.506120 (e3e53437346286c0bc2d2dc9aa4915ba81d9023f),platform=Windows NT 6.1.7601 SP1 x86_64)
</p><p style="color:maroon;">Traceback (most recent call last):
  File "C:\Users\jeffc\git\mgiselenium\PyTests\FeWI\hmdc_search_term.py", line 242, in test_do_term_syn_name
    my_select = self.driver.find_element_by_xpath("//select[starts-with(@id, 'field_0_')]")#identifies the select field and picks the gene symbols option
  File "C:\Users\jeffc\AppData\Local\Programs\Python\Python38\lib\site-packages\selenium\webdriver\remote\webdriver.py", line 394, in find_element_by_xpath
    return self.find_element(by=By.XPATH, value=xpath)
  File "C:\Users\jeffc\AppData\Local\Programs\Python\Python38\lib\site-packages\selenium\webdriver\remote\webdriver.py", line 976, in find_element
    return self.execute(Command.FIND_ELEMENT, {
  File "C:\Users\jeffc\AppData\Local\Programs\Python\Python38\lib\site-packages\selenium\webdriver\remote\webdriver.py", line 321, in execute
    self.error_handler.check_response(response)
  File "C:\Users\jeffc\AppData\Local\Programs\Python\Python38\lib\site-packages\selenium\webdriver\remote\errorhandler.py", line 241, in check_response
    raise exception_class(message, screen, stacktrace, alert_text)
selenium.common.exceptions.UnexpectedAlertPresentException: Alert Text: None
Message: unexpected alert open
  (Session info: chrome=64.0.3282.186)
  (Driver info: chromedriver=2.33.506120 (e3e53437346286c0bc2d2dc9aa4915ba81d9023f),platform=Windows NT 6.1.7601 SP1 x86_64)

</p>
                            </td>
                        </tr>
                        <tr class='warning'>
                            <td class="col-xs-10">test_hp_term_name</td>
                            <td class="col-xs-1">
                                <span class="label label-warning" style="display:block;width:40px;">Error</span>
                            </td>
                            <td class="col-xs-1">
                                <button class="btn btn-default btn-xs">View</button>
                            </td>
                        </tr>
                        <tr style="display:none;">
                            <td class="col-xs-9" colspan="3"><p>BEGIN test_hp_term_name
</p><p style="color:maroon;">AttributeError: 'NoneType' object has no attribute 'find_elements_by_tag_name'</p><p style="color:maroon;">Traceback (most recent call last):
  File "C:\Users\jeffc\git\mgiselenium\PyTests\FeWI\hmdc_search_term.py", line 179, in test_hp_term_name
    for option in my_select.find_elements_by_tag_name("option"):
AttributeError: 'NoneType' object has no attribute 'find_elements_by_tag_name'
</p>
                            </td>
                        </tr>
                        <tr class='success'>
                            <td class="col-xs-10">test_hp_term_syn_name</td>
                            <td class="col-xs-1">
                                <span class="label label-success" style="display:block;width:40px;">Pass</span>
                            </td>
                            <td class="col-xs-1">
                                <button class="btn btn-default btn-xs">View</button>
                            </td>
                        </tr>
                        <tr style="display:none;">
                            <td class="col-xs-9" colspan="3"><p>BEGIN test_hp_term_syn_name
Please select a field
Gene Symbol(s) or ID(s)
</p>
                            </td>
                        </tr>
                        <tr class='warning'>
                            <td class="col-xs-10">test_index_tab_headers</td>
                            <td class="col-xs-1">
                                <span class="label label-warning" style="display:block;width:40px;">Error</span>
                            </td>
                            <td class="col-xs-1">
                                <button class="btn btn-default btn-xs">View</button>
                            </td>
                        </tr>
                        <tr style="display:none;">
                            <td class="col-xs-9" colspan="3"><p>BEGIN test_index_tab_headers
</p><p style="color:maroon;">AttributeError: 'NoneType' object has no attribute 'find_elements_by_tag_name'</p><p style="color:maroon;">Traceback (most recent call last):
  File "C:\Users\jeffc\git\mgiselenium\PyTests\FeWI\hmdc_search_term.py", line 43, in test_index_tab_headers
    for option in my_select.find_elements_by_tag_name("option"):
AttributeError: 'NoneType' object has no attribute 'find_elements_by_tag_name'
</p>
                            </td>
                        </tr>
                        <tr class='success'>
                            <td class="col-xs-10">test_mp_term_Cond_Recomb</td>
                            <td class="col-xs-1">
                                <span class="label label-success" style="display:block;width:40px;">Pass</span>
                            </td>
                            <td class="col-xs-1">
                                <button class="btn btn-default btn-xs">View</button>
                            </td>
                        </tr>
                        <tr style="display:none;">
                            <td class="col-xs-9" colspan="3"><p>BEGIN test_mp_term_Cond_Recomb
Please select a field
Gene Symbol(s) or ID(s)
</p>
                            </td>
                        </tr>
                        <tr class='warning'>
                            <td class="col-xs-10">test_mp_term_Cond_Recomb_1</td>
                            <td class="col-xs-1">
                                <span class="label label-warning" style="display:block;width:40px;">Error</span>
                            </td>
                            <td class="col-xs-1">
                                <button class="btn btn-default btn-xs">View</button>
                            </td>
                        </tr>
                        <tr style="display:none;">
                            <td class="col-xs-9" colspan="3"><p>BEGIN test_mp_term_Cond_Recomb_1
</p><p style="color:maroon;">AttributeError: 'NoneType' object has no attribute 'find_elements_by_tag_name'</p><p style="color:maroon;">Traceback (most recent call last):
  File "C:\Users\jeffc\git\mgiselenium\PyTests\FeWI\hmdc_search_term.py", line 734, in test_mp_term_Cond_Recomb_1
    for option in my_select.find_elements_by_tag_name("option"):
AttributeError: 'NoneType' object has no attribute 'find_elements_by_tag_name'
</p>
                            </td>
                        </tr>
                        <tr class='success'>
                            <td class="col-xs-10">test_mp_term_Cond_Recomb_2</td>
                            <td class="col-xs-1">
                                <span class="label label-success" style="display:block;width:40px;">Pass</span>
                            </td>
                            <td class="col-xs-1">
                                <button class="btn btn-default btn-xs">View</button>
                            </td>
                        </tr>
                        <tr style="display:none;">
                            <td class="col-xs-9" colspan="3"><p>BEGIN test_mp_term_Cond_Recomb_2
Please select a field
Gene Symbol(s) or ID(s)
</p>
                            </td>
                        </tr>
                        <tr class='warning'>
                            <td class="col-xs-10">test_mp_term_Large_Complex_Geno</td>
                            <td class="col-xs-1">
                                <span class="label label-warning" style="display:block;width:40px;">Error</span>
                            </td>
                            <td class="col-xs-1">
                                <button class="btn btn-default btn-xs">View</button>
                            </td>
                        </tr>
                        <tr style="display:none;">
                            <td class="col-xs-9" colspan="3"><p>BEGIN test_mp_term_Large_Complex_Geno
</p><p style="color:maroon;">UnexpectedAlertPresentException: Alert Text: None
Message: unexpected alert open: {Alert text : WARNING!  Reference mark "templateBodyInsert" not found.}
  (Session info: chrome=64.0.3282.186)
  (Driver info: chromedriver=2.33.506120 (e3e53437346286c0bc2d2dc9aa4915ba81d9023f),platform=Windows NT 6.1.7601 SP1 x86_64)
</p><p style="color:maroon;">Traceback (most recent call last):
  File "C:\Users\jeffc\git\mgiselenium\PyTests\FeWI\hmdc_search_term.py", line 865, in test_mp_term_Large_Complex_Geno
    for option in my_select.find_elements_by_tag_name("option"):
  File "C:\Users\jeffc\AppData\Local\Programs\Python\Python38\lib\site-packages\selenium\webdriver\remote\webelement.py", line 320, in find_elements_by_tag_name
    return self.find_elements(by=By.TAG_NAME, value=name)
  File "C:\Users\jeffc\AppData\Local\Programs\Python\Python38\lib\site-packages\selenium\webdriver\remote\webelement.py", line 684, in find_elements
    return self._execute(Command.FIND_CHILD_ELEMENTS,
  File "C:\Users\jeffc\AppData\Local\Programs\Python\Python38\lib\site-packages\selenium\webdriver\remote\webelement.py", line 633, in _execute
    return self._parent.execute(command, params)
  File "C:\Users\jeffc\AppData\Local\Programs\Python\Python38\lib\site-packages\selenium\webdriver\remote\webdriver.py", line 321, in execute
    self.error_handler.check_response(response)
  File "C:\Users\jeffc\AppData\Local\Programs\Python\Python38\lib\site-packages\selenium\webdriver\remote\errorhandler.py", line 241, in check_response
    raise exception_class(message, screen, stacktrace, alert_text)
selenium.common.exceptions.UnexpectedAlertPresentException: Alert Text: None
Message: unexpected alert open: {Alert text : WARNING!  Reference mark "templateBodyInsert" not found.}
  (Session info: chrome=64.0.3282.186)
  (Driver info: chromedriver=2.33.506120 (e3e53437346286c0bc2d2dc9aa4915ba81d9023f),platform=Windows NT 6.1.7601 SP1 x86_64)

</p>
                            </td>
                        </tr>
                        <tr class='success'>
                            <td class="col-xs-10">test_mp_term_Trans_Reporter</td>
                            <td class="col-xs-1">
                                <span class="label label-success" style="display:block;width:40px;">Pass</span>
                            </td>
                            <td class="col-xs-1">
                                <button class="btn btn-default btn-xs">View</button>
                            </td>
                        </tr>
                        <tr style="display:none;">
                            <td class="col-xs-9" colspan="3"><p>BEGIN test_mp_term_Trans_Reporter
Please select a field
Gene Symbol(s) or ID(s)
</p>
                            </td>
                        </tr>
                        <tr class='warning'>
                            <td class="col-xs-10">test_mp_term_name</td>
                            <td class="col-xs-1">
                                <span class="label label-warning" style="display:block;width:40px;">Error</span>
                            </td>
                            <td class="col-xs-1">
                                <button class="btn btn-default btn-xs">View</button>
                            </td>
                        </tr>
                        <tr style="display:none;">
                            <td class="col-xs-9" colspan="3"><p>BEGIN test_mp_term_name
</p><p style="color:maroon;">UnexpectedAlertPresentException: Alert Text: None
Message: unexpected alert open: {Alert text : WARNING!  Reference mark "templateBodyInsert" not found.}
  (Session info: chrome=64.0.3282.186)
  (Driver info: chromedriver=2.33.506120 (e3e53437346286c0bc2d2dc9aa4915ba81d9023f),platform=Windows NT 6.1.7601 SP1 x86_64)
</p><p style="color:maroon;">Traceback (most recent call last):
  File "C:\Users\jeffc\git\mgiselenium\PyTests\FeWI\hmdc_search_term.py", line 126, in test_mp_term_name
    for option in my_select.find_elements_by_tag_name("option"):
  File "C:\Users\jeffc\AppData\Local\Programs\Python\Python38\lib\site-packages\selenium\webdriver\remote\webelement.py", line 320, in find_elements_by_tag_name
    return self.find_elements(by=By.TAG_NAME, value=name)
  File "C:\Users\jeffc\AppData\Local\Programs\Python\Python38\lib\site-packages\selenium\webdriver\remote\webelement.py", line 684, in find_elements
    return self._execute(Command.FIND_CHILD_ELEMENTS,
  File "C:\Users\jeffc\AppData\Local\Programs\Python\Python38\lib\site-packages\selenium\webdriver\remote\webelement.py", line 633, in _execute
    return self._parent.execute(command, params)
  File "C:\Users\jeffc\AppData\Local\Programs\Python\Python38\lib\site-packages\selenium\webdriver\remote\webdriver.py", line 321, in execute
    self.error_handler.check_response(response)
  File "C:\Users\jeffc\AppData\Local\Programs\Python\Python38\lib\site-packages\selenium\webdriver\remote\errorhandler.py", line 241, in check_response
    raise exception_class(message, screen, stacktrace, alert_text)
selenium.common.exceptions.UnexpectedAlertPresentException: Alert Text: None
Message: unexpected alert open: {Alert text : WARNING!  Reference mark "templateBodyInsert" not found.}
  (Session info: chrome=64.0.3282.186)
  (Driver info: chromedriver=2.33.506120 (e3e53437346286c0bc2d2dc9aa4915ba81d9023f),platform=Windows NT 6.1.7601 SP1 x86_64)

</p>
                            </td>
                        </tr>
                        <tr class='success'>
                            <td class="col-xs-10">test_mp_term_normal_models</td>
                            <td class="col-xs-1">
                                <span class="label label-success" style="display:block;width:40px;">Pass</span>
                            </td>
                            <td class="col-xs-1">
                                <button class="btn btn-default btn-xs">View</button>
                            </td>
                        </tr>
                        <tr style="display:none;">
                            <td class="col-xs-9" colspan="3"><p>BEGIN test_mp_term_normal_models
[' ', ' ', ' ', ' ', ' ', ' ', ' ', ' ', ' ', ' ', ' ', ' ', ' ', 'N', ' ', ' ', ' ', ' ', ' ', '', '', '', '', '', '', '', '', '']
</p>
                            </td>
                        </tr>
                        <tr class='success'>
                            <td class="col-xs-10">test_mp_term_simple_Hemizygous</td>
                            <td class="col-xs-1">
                                <span class="label label-success" style="display:block;width:40px;">Pass</span>
                            </td>
                            <td class="col-xs-1">
                                <button class="btn btn-default btn-xs">View</button>
                            </td>
                        </tr>
                        <tr style="display:none;">
                            <td class="col-xs-9" colspan="3"><p>BEGIN test_mp_term_simple_Hemizygous
Please select a field
Gene Symbol(s) or ID(s)
</p>
                            </td>
                        </tr>
                        <tr class='warning'>
                            <td class="col-xs-10">test_mp_term_simple_Homozygous</td>
                            <td class="col-xs-1">
                                <span class="label label-warning" style="display:block;width:40px;">Error</span>
                            </td>
                            <td class="col-xs-1">
                                <button class="btn btn-default btn-xs">View</button>
                            </td>
                        </tr>
                        <tr style="display:none;">
                            <td class="col-xs-9" colspan="3"><p>BEGIN test_mp_term_simple_Homozygous
</p><p style="color:maroon;">UnexpectedAlertPresentException: Alert Text: None
Message: unexpected alert open: {Alert text : WARNING!  Reference mark "templateBodyInsert" not found.}
  (Session info: chrome=64.0.3282.186)
  (Driver info: chromedriver=2.33.506120 (e3e53437346286c0bc2d2dc9aa4915ba81d9023f),platform=Windows NT 6.1.7601 SP1 x86_64)
</p><p style="color:maroon;">Traceback (most recent call last):
  File "C:\Users\jeffc\git\mgiselenium\PyTests\FeWI\hmdc_search_term.py", line 531, in test_mp_term_simple_Homozygous
    for option in my_select.find_elements_by_tag_name("option"):
  File "C:\Users\jeffc\AppData\Local\Programs\Python\Python38\lib\site-packages\selenium\webdriver\remote\webelement.py", line 320, in find_elements_by_tag_name
    return self.find_elements(by=By.TAG_NAME, value=name)
  File "C:\Users\jeffc\AppData\Local\Programs\Python\Python38\lib\site-packages\selenium\webdriver\remote\webelement.py", line 684, in find_elements
    return self._execute(Command.FIND_CHILD_ELEMENTS,
  File "C:\Users\jeffc\AppData\Local\Programs\Python\Python38\lib\site-packages\selenium\webdriver\remote\webelement.py", line 633, in _execute
    return self._parent.execute(command, params)
  File "C:\Users\jeffc\AppData\Local\Programs\Python\Python38\lib\site-packages\selenium\webdriver\remote\webdriver.py", line 321, in execute
    self.error_handler.check_response(response)
  File "C:\Users\jeffc\AppData\Local\Programs\Python\Python38\lib\site-packages\selenium\webdriver\remote\errorhandler.py", line 241, in check_response
    raise exception_class(message, screen, stacktrace, alert_text)
selenium.common.exceptions.UnexpectedAlertPresentException: Alert Text: None
Message: unexpected alert open: {Alert text : WARNING!  Reference mark "templateBodyInsert" not found.}
  (Session info: chrome=64.0.3282.186)
  (Driver info: chromedriver=2.33.506120 (e3e53437346286c0bc2d2dc9aa4915ba81d9023f),platform=Windows NT 6.1.7601 SP1 x86_64)

</p>
                            </td>
                        </tr>
                        <tr class='success'>
                            <td class="col-xs-10">test_mp_term_simple_Indeterminate</td>
                            <td class="col-xs-1">
                                <span class="label label-success" style="display:block;width:40px;">Pass</span>
                            </td>
                            <td class="col-xs-1">
                                <button class="btn btn-default btn-xs">View</button>
                            </td>
                        </tr>
                        <tr style="display:none;">
                            <td class="col-xs-9" colspan="3"><p>BEGIN test_mp_term_simple_Indeterminate
Please select a field
Gene Symbol(s) or ID(s)
</p>
                            </td>
                        </tr>
                        <tr class='warning'>
                            <td class="col-xs-10">test_mp_term_syn_name</td>
                            <td class="col-xs-1">
                                <span class="label label-warning" style="display:block;width:40px;">Error</span>
                            </td>
                            <td class="col-xs-1">
                                <button class="btn btn-default btn-xs">View</button>
                            </td>
                        </tr>
                        <tr style="display:none;">
                            <td class="col-xs-9" colspan="3"><p>BEGIN test_mp_term_syn_name
</p><p style="color:maroon;">AttributeError: 'NoneType' object has no attribute 'find_elements_by_tag_name'</p><p style="color:maroon;">Traceback (most recent call last):
  File "C:\Users\jeffc\git\mgiselenium\PyTests\FeWI\hmdc_search_term.py", line 289, in test_mp_term_syn_name
    for option in my_select.find_elements_by_tag_name("option"):
AttributeError: 'NoneType' object has no attribute 'find_elements_by_tag_name'
</p>
                            </td>
                        </tr>
                        <tr>
                            <td colspan="3">
                                Total: 17, Pass: 8, Error: 9 -- Duration: 164.86 s
                            </td>
                        </tr>
                    </tbody>
                </table>
            </div>
        </div>
    </div>
    <script src="https://ajax.googleapis.com/ajax/libs/jquery/2.2.4/jquery.min.js"></script>
    <script type="text/javascript">
        $(document).ready(function(){
            $('td').on('click', '.btn', function(e){
                e.preventDefault();
                e.stopImmediatePropagation();
                var $this = $(this);
                var $nextRow = $this.closest('tr').next('tr');
                $nextRow.slideToggle("fast");
                $this.text(function(i, text){
                    if (text === 'View') {
                        return 'Hide';
                    } else {
                        return 'View';
                    };
                });
            });
        });
    </script>
</body>
</html