<!DOCTYPE html>
<html>
<head>
    <title>Unittest Results</title>
    <meta charset="utf-8">
    <meta name="viewport" content="width=device-width, initial-scale=1.0">
    <link rel="stylesheet" href="https://maxcdn.bootstrapcdn.com/bootstrap/3.3.6/css/bootstrap.min.css" integrity="sha384-1q8mTJOASx8j1Au+a5WDVnPi2lkFfwwEAa8hDDdjZlpLegxhjVME1fgjWPGmkzs7" crossorigin="anonymous">
</head>
<body>
    <div class="container">
        <div class="row">
            <div class="col-xs-12">
                <h2 class="text-capitalize">Unittest Results</h2>
                <p class='attribute'><strong>Start Time: </strong>2020-04-28 11:56:11</p>
                <p class='attribute'><strong>Duration: </strong>381.83 s</p>
                <p class='attribute'><strong>Summary: </strong>Total: 93, Pass: 41, Error: 52</p>
            </div>
        </div>
        <div class="row">
            <div class="col-xs-12 col-sm-10 col-md-10">
                <table class='table table-hover table-responsive'>
                    <thead>
                        <tr>
                            <th>Genotype.genotype_search_tests.TestEiGenotypeSearch</th>
                            <th>Status</th>
                            <th></th>
                        </tr>
                    </thead>
                    <tbody>
                        <tr class='success'>
                            <td class="col-xs-10">testGenoAlleleSearch</td>
                            <td class="col-xs-1">
                                <span class="label label-success" style="display:block;width:40px;">Pass</span>
                            </td>
                            <td class="col-xs-1">
                                <button class="btn btn-default btn-xs">View</button>
                            </td>
                        </tr>
                        <tr style="display:none;">
                            <td class="col-xs-9" colspan="3"><p>Slc11a1<r>
</p>
                            </td>
                        </tr>
                        <tr class='success'>
                            <td class="col-xs-10">testGenoChromosomeSearch</td>
                            <td class="col-xs-1">
                                <span class="label label-success" style="display:block;width:40px;">Pass</span>
                            </td>
                            <td class="col-xs-1">
                                <button class="btn btn-default btn-xs">View</button>
                            </td>
                        </tr>
                        <tr style="display:none;">
                            <td class="col-xs-9" colspan="3"><p>string:X
</p>
                            </td>
                        </tr>
                        <tr class='success'>
                            <td class="col-xs-10">testGenoCompoundSearch</td>
                            <td class="col-xs-1">
                                <span class="label label-success" style="display:block;width:40px;">Pass</span>
                            </td>
                            <td class="col-xs-1">
                                <button class="btn btn-default btn-xs">View</button>
                            </td>
                        </tr>
                        <tr style="display:none;">
                            <td class="col-xs-9" colspan="3"><p>string:847165
</p>
                            </td>
                        </tr>
                        <tr class='success'>
                            <td class="col-xs-10">testGenoExistsCellLineSearch</td>
                            <td class="col-xs-1">
                                <span class="label label-success" style="display:block;width:40px;">Pass</span>
                            </td>
                            <td class="col-xs-1">
                                <button class="btn btn-default btn-xs">View</button>
                            </td>
                        </tr>
                        <tr style="display:none;">
                            <td class="col-xs-9" colspan="3"><p>string:3982947
</p>
                            </td>
                        </tr>
                        <tr class='success'>
                            <td class="col-xs-10">testGenoExistsChimericSearch</td>
                            <td class="col-xs-1">
                                <span class="label label-success" style="display:block;width:40px;">Pass</span>
                            </td>
                            <td class="col-xs-1">
                                <button class="btn btn-default btn-xs">View</button>
                            </td>
                        </tr>
                        <tr style="display:none;">
                            <td class="col-xs-9" colspan="3"><p>string:3982948
</p>
                            </td>
                        </tr>
                        <tr class='success'>
                            <td class="col-xs-10">testGenoExistsMouseLineSearch</td>
                            <td class="col-xs-1">
                                <span class="label label-success" style="display:block;width:40px;">Pass</span>
                            </td>
                            <td class="col-xs-1">
                                <button class="btn btn-default btn-xs">View</button>
                            </td>
                        </tr>
                        <tr style="display:none;">
                            <td class="col-xs-9" colspan="3"><p>string:3982946
</p>
                            </td>
                        </tr>
                        <tr class='success'>
                            <td class="col-xs-10">testGenoExistsNotSpecifiedSearch</td>
                            <td class="col-xs-1">
                                <span class="label label-success" style="display:block;width:40px;">Pass</span>
                            </td>
                            <td class="col-xs-1">
                                <button class="btn btn-default btn-xs">View</button>
                            </td>
                        </tr>
                        <tr style="display:none;">
                            <td class="col-xs-9" colspan="3"><p>string:3982949
</p>
                            </td>
                        </tr>
                        <tr class='success'>
                            <td class="col-xs-10">testGenoJnumSearch</td>
                            <td class="col-xs-1">
                                <span class="label label-success" style="display:block;width:40px;">Pass</span>
                            </td>
                            <td class="col-xs-1">
                                <button class="btn btn-default btn-xs">View</button>
                            </td>
                        </tr>
                        <tr style="display:none;">
                            <td class="col-xs-9" colspan="3"><p>J:124405
</p>
                            </td>
                        </tr>
                        <tr class='success'>
                            <td class="col-xs-10">testGenoMrkSymSearch</td>
                            <td class="col-xs-1">
                                <span class="label label-success" style="display:block;width:40px;">Pass</span>
                            </td>
                            <td class="col-xs-1">
                                <button class="btn btn-default btn-xs">View</button>
                            </td>
                        </tr>
                        <tr style="display:none;">
                            <td class="col-xs-9" colspan="3"><p>Gata1
</p>
                            </td>
                        </tr>
                        <tr class='success'>
                            <td class="col-xs-10">testGenoStateSearch</td>
                            <td class="col-xs-1">
                                <span class="label label-success" style="display:block;width:40px;">Pass</span>
                            </td>
                            <td class="col-xs-1">
                                <button class="btn btn-default btn-xs">View</button>
                            </td>
                        </tr>
                        <tr style="display:none;">
                            <td class="col-xs-9" colspan="3"><p>string:7107400
</p>
                            </td>
                        </tr>
                        <tr class='success'>
                            <td class="col-xs-10">testGenoStrainSearch</td>
                            <td class="col-xs-1">
                                <span class="label label-success" style="display:block;width:40px;">Pass</span>
                            </td>
                            <td class="col-xs-1">
                                <button class="btn btn-default btn-xs">View</button>
                            </td>
                        </tr>
                        <tr style="display:none;">
                            <td class="col-xs-9" colspan="3"><p>['', '#', 'Chr', 'Marker', 'Allele 1', 'Allele 2', 'State', 'Compound', 'Mutant 1', 'Mutant 2']
Adamts13
Adamts13<s>
Adamts13<s>
string:847138
string:847167
Adamts13<s>/Adamts13<s>

</p>
                            </td>
                        </tr>
                        <tr class='success'>
                            <td class="col-xs-10">testGenotypeCondTargetSearch</td>
                            <td class="col-xs-1">
                                <span class="label label-success" style="display:block;width:40px;">Pass</span>
                            </td>
                            <td class="col-xs-1">
                                <button class="btn btn-default btn-xs">View</button>
                            </td>
                        </tr>
                        <tr style="display:none;">
                            <td class="col-xs-9" colspan="3"><p>string:1
</p>
                            </td>
                        </tr>
                        <tr>
                            <td colspan="3">
                                Total: 12, Pass: 12 -- Duration: 108.78 s
                            </td>
                        </tr>
                    </tbody>
                </table>
            </div>
        </div>
        <div class="row">
            <div class="col-xs-12 col-sm-10 col-md-10">
                <table class='table table-hover table-responsive'>
                    <thead>
                        <tr>
                            <th>GxdIndex.gxdindex_clear_test.TestEiGxdIndexClear</th>
                            <th>Status</th>
                            <th></th>
                        </tr>
                    </thead>
                    <tbody>
                        <tr class='success'>
                            <td class="col-xs-10">testClearFields</td>
                            <td class="col-xs-1">
                                <span class="label label-success" style="display:block;width:40px;">Pass</span>
                            </td>
                            <td class="col-xs-1">
                                <button class="btn btn-default btn-xs">View</button>
                            </td>
                        </tr>
                        <tr style="display:none;">
                            <td class="col-xs-9" colspan="3"><p>Abdelwahid E, Cell Tissue Res 2001 Jul;305(1):67-78
Bmp2
false
High
Not Specified
MGI_2.97
MGI_2.97
04/23/2002
04/23/2002



Search All
Search All




</p>
                            </td>
                        </tr>
                        <tr>
                            <td colspan="3">
                                Total: 1, Pass: 1 -- Duration: 10.83 s
                            </td>
                        </tr>
                    </tbody>
                </table>
            </div>
        </div>
        <div class="row">
            <div class="col-xs-12 col-sm-10 col-md-10">
                <table class='table table-hover table-responsive'>
                    <thead>
                        <tr>
                            <th>GxdIndex.gxdindex_notes_picklist_test.TestEiGxdIndexNotesPicklist</th>
                            <th>Status</th>
                            <th></th>
                        </tr>
                    </thead>
                    <tbody>
                        <tr class='success'>
                            <td class="col-xs-10">testAgeAssigned</td>
                            <td class="col-xs-1">
                                <span class="label label-success" style="display:block;width:40px;">Pass</span>
                            </td>
                            <td class="col-xs-1">
                                <button class="btn btn-default btn-xs">View</button>
                            </td>
                        </tr>
                        <tr style="display:none;">
                            <td class="col-xs-9" colspan="3"><p>Bmp2
</p>
                            </td>
                        </tr>
                        <tr class='success'>
                            <td class="col-xs-10">testAgeNormalized</td>
                            <td class="col-xs-1">
                                <span class="label label-success" style="display:block;width:40px;">Pass</span>
                            </td>
                            <td class="col-xs-1">
                                <button class="btn btn-default btn-xs">View</button>
                            </td>
                        </tr>
                        <tr style="display:none;">
                            <td class="col-xs-9" colspan="3"><p>Bmp2
</p>
                            </td>
                        </tr>
                        <tr class='success'>
                            <td class="col-xs-10">testAgeNotSpecified</td>
                            <td class="col-xs-1">
                                <span class="label label-success" style="display:block;width:40px;">Pass</span>
                            </td>
                            <td class="col-xs-1">
                                <button class="btn btn-default btn-xs">View</button>
                            </td>
                        </tr>
                        <tr style="display:none;">
                            <td class="col-xs-9" colspan="3"><p>Bmp2
</p>
                            </td>
                        </tr>
                        <tr class='success'>
                            <td class="col-xs-10">testSelectedNotes</td>
                            <td class="col-xs-1">
                                <span class="label label-success" style="display:block;width:40px;">Pass</span>
                            </td>
                            <td class="col-xs-1">
                                <button class="btn btn-default btn-xs">View</button>
                            </td>
                        </tr>
                        <tr style="display:none;">
                            <td class="col-xs-9" colspan="3"><p>Bmp4
</p>
                            </td>
                        </tr>
                        <tr>
                            <td colspan="3">
                                Total: 4, Pass: 4 -- Duration: 34.42 s
                            </td>
                        </tr>
                    </tbody>
                </table>
            </div>
        </div>
        <div class="row">
            <div class="col-xs-12 col-sm-10 col-md-10">
                <table class='table table-hover table-responsive'>
                    <thead>
                        <tr>
                            <th>GxdIndex.gxdindex_search_test.TestEiGxdIndexSearch</th>
                            <th>Status</th>
                            <th></th>
                        </tr>
                    </thead>
                    <tbody>
                        <tr class='success'>
                            <td class="col-xs-10">testBetweenDateSearch</td>
                            <td class="col-xs-1">
                                <span class="label label-success" style="display:block;width:40px;">Pass</span>
                            </td>
                            <td class="col-xs-1">
                                <button class="btn btn-default btn-xs">View</button>
                            </td>
                        </tr>
                        <tr style="display:none;">
                            <td class="col-xs-9" colspan="3"><p>['Marker', ':', 'Citation']
['Flrt3', 'J:224719', 'Leyva-Diaz E, Curr Biol 2014 Mar 3;24(5):494-508']
</p>
                            </td>
                        </tr>
                        <tr class='success'>
                            <td class="col-xs-10">testCitationWildcardSearch</td>
                            <td class="col-xs-1">
                                <span class="label label-success" style="display:block;width:40px;">Pass</span>
                            </td>
                            <td class="col-xs-1">
                                <button class="btn btn-default btn-xs">View</button>
                            </td>
                        </tr>
                        <tr style="display:none;">
                            <td class="col-xs-9" colspan="3"><p>['Marker', ':', 'Citation']
['Ptpn1', 'J:29004', 'Yi T, Blood 1991 Nov 1;78(9):2222-8']
</p>
                            </td>
                        </tr>
                        <tr class='success'>
                            <td class="col-xs-10">testCreateDateSearch</td>
                            <td class="col-xs-1">
                                <span class="label label-success" style="display:block;width:40px;">Pass</span>
                            </td>
                            <td class="col-xs-1">
                                <button class="btn btn-default btn-xs">View</button>
                            </td>
                        </tr>
                        <tr style="display:none;">
                            <td class="col-xs-9" colspan="3"><p>['Marker', ':', 'Citation']
['Mbp', 'J:142504', 'Park J, J Neurosci 2008 Nov 26;28(48):12815-9']
</p>
                            </td>
                        </tr>
                        <tr class='success'>
                            <td class="col-xs-10">testCreatededBySearch</td>
                            <td class="col-xs-1">
                                <span class="label label-success" style="display:block;width:40px;">Pass</span>
                            </td>
                            <td class="col-xs-1">
                                <button class="btn btn-default btn-xs">View</button>
                            </td>
                        </tr>
                        <tr style="display:none;">
                            <td class="col-xs-9" colspan="3"><p>['Marker', ':', 'Citation']
['Acta2', 'J:124920', 'Garrison WD, Gastroenterology 2006 Apr;130(4):1207-20']
</p>
                            </td>
                        </tr>
                        <tr class='success'>
                            <td class="col-xs-10">testGreaterThanDateSearch</td>
                            <td class="col-xs-1">
                                <span class="label label-success" style="display:block;width:40px;">Pass</span>
                            </td>
                            <td class="col-xs-1">
                                <button class="btn btn-default btn-xs">View</button>
                            </td>
                        </tr>
                        <tr style="display:none;">
                            <td class="col-xs-9" colspan="3"><p>['Marker', ':', 'Citation']
['Acta2', 'J:225159', 'Rudat C, PLoS One 2014;9(11):e112112']
</p>
                            </td>
                        </tr>
                        <tr class='success'>
                            <td class="col-xs-10">testGreaterThanEqualDateSearch</td>
                            <td class="col-xs-1">
                                <span class="label label-success" style="display:block;width:40px;">Pass</span>
                            </td>
                            <td class="col-xs-1">
                                <button class="btn btn-default btn-xs">View</button>
                            </td>
                        </tr>
                        <tr style="display:none;">
                            <td class="col-xs-9" colspan="3"><p>['Marker', ':', 'Citation']
['Acta2', 'J:225159', 'Rudat C, PLoS One 2014;9(11):e112112']
</p>
                            </td>
                        </tr>
                        <tr class='success'>
                            <td class="col-xs-10">testHeritPhenoMrkErrorMsg</td>
                            <td class="col-xs-1">
                                <span class="label label-success" style="display:block;width:40px;">Pass</span>
                            </td>
                            <td class="col-xs-1">
                            </td>
                        </tr>
                        <tr class='success'>
                            <td class="col-xs-10">testInvalidJnumSearch</td>
                            <td class="col-xs-1">
                                <span class="label label-success" style="display:block;width:40px;">Pass</span>
                            </td>
                            <td class="col-xs-1">
                            </td>
                        </tr>
                        <tr class='success'>
                            <td class="col-xs-10">testInvalidMrkSearch</td>
                            <td class="col-xs-1">
                                <span class="label label-success" style="display:block;width:40px;">Pass</span>
                            </td>
                            <td class="col-xs-1">
                            </td>
                        </tr>
                        <tr class='success'>
                            <td class="col-xs-10">testJnumSearch</td>
                            <td class="col-xs-1">
                                <span class="label label-success" style="display:block;width:40px;">Pass</span>
                            </td>
                            <td class="col-xs-1">
                                <button class="btn btn-default btn-xs">View</button>
                            </td>
                        </tr>
                        <tr style="display:none;">
                            <td class="col-xs-9" colspan="3"><p>Harper J, Proc Natl Acad Sci U S A 2011 Jun 28;108(26):10585-90
1810065E05Rik
false
High
Conditional
jx
jx
07/26/2011
12/12/2011
</p>
                            </td>
                        </tr>
                        <tr class='success'>
                            <td class="col-xs-10">testLessThanDateSearch</td>
                            <td class="col-xs-1">
                                <span class="label label-success" style="display:block;width:40px;">Pass</span>
                            </td>
                            <td class="col-xs-1">
                                <button class="btn btn-default btn-xs">View</button>
                            </td>
                        </tr>
                        <tr style="display:none;">
                            <td class="col-xs-9" colspan="3"><p>['Marker', ':', 'Citation']
['En1', 'J:134516', 'Sgaier SK, Development 2007 Jun;134(12):2325-35']
</p>
                            </td>
                        </tr>
                        <tr class='success'>
                            <td class="col-xs-10">testLessThanEqualDateSearch</td>
                            <td class="col-xs-1">
                                <span class="label label-success" style="display:block;width:40px;">Pass</span>
                            </td>
                            <td class="col-xs-1">
                                <button class="btn btn-default btn-xs">View</button>
                            </td>
                        </tr>
                        <tr style="display:none;">
                            <td class="col-xs-9" colspan="3"><p>['Marker', ':', 'Citation']
['Clec1b', 'J:162815', 'Bertozzi CC, Blood 2010 Jul 29;116(4):661-70']
</p>
                            </td>
                        </tr>
                        <tr class='success'>
                            <td class="col-xs-10">testMarkerSearch</td>
                            <td class="col-xs-1">
                                <span class="label label-success" style="display:block;width:40px;">Pass</span>
                            </td>
                            <td class="col-xs-1">
                                <button class="btn btn-default btn-xs">View</button>
                            </td>
                        </tr>
                        <tr style="display:none;">
                            <td class="col-xs-9" colspan="3"><p>J:278544
Abdelhamed ZA, Sci Rep 2019 Apr 1;9(1):5446
false
High
Not Applicable
jfinger
jfinger
10/17/2019
10/17/2019
</p>
                            </td>
                        </tr>
                        <tr class='success'>
                            <td class="col-xs-10">testModifiedBySearch</td>
                            <td class="col-xs-1">
                                <span class="label label-success" style="display:block;width:40px;">Pass</span>
                            </td>
                            <td class="col-xs-1">
                                <button class="btn btn-default btn-xs">View</button>
                            </td>
                        </tr>
                        <tr style="display:none;">
                            <td class="col-xs-9" colspan="3"><p>['Marker', ':', 'Citation']
['Acta2', 'J:152859', 'Varadkar PA, Genesis 2009 Aug;47(8):573-8']
</p>
                            </td>
                        </tr>
                        <tr class='success'>
                            <td class="col-xs-10">testModifyDateSearch</td>
                            <td class="col-xs-1">
                                <span class="label label-success" style="display:block;width:40px;">Pass</span>
                            </td>
                            <td class="col-xs-1">
                                <button class="btn btn-default btn-xs">View</button>
                            </td>
                        </tr>
                        <tr style="display:none;">
                            <td class="col-xs-9" colspan="3"><p>['Marker', ':', 'Citation']
['Emp1', 'J:57625', 'Wulf P, Brain Res Dev Brain Res 1999 Sep 6;116(2):169-80']
</p>
                            </td>
                        </tr>
                        <tr class='success'>
                            <td class="col-xs-10">testMrkWildcardSearch</td>
                            <td class="col-xs-1">
                                <span class="label label-success" style="display:block;width:40px;">Pass</span>
                            </td>
                            <td class="col-xs-1">
                                <button class="btn btn-default btn-xs">View</button>
                            </td>
                        </tr>
                        <tr style="display:none;">
                            <td class="col-xs-9" colspan="3"><p>['Marker', ':', 'Citation']
['Unc5a', 'J:103829', 'Chen B, Proc Natl Acad Sci U S A 2005 Nov 22;102(47):17184-9']
</p>
                            </td>
                        </tr>
                        <tr class='success'>
                            <td class="col-xs-10">testMultiFieldSearch</td>
                            <td class="col-xs-1">
                                <span class="label label-success" style="display:block;width:40px;">Pass</span>
                            </td>
                            <td class="col-xs-1">
                                <button class="btn btn-default btn-xs">View</button>
                            </td>
                        </tr>
                        <tr style="display:none;">
                            <td class="col-xs-9" colspan="3"><p>['Marker', ':', 'Citation']
['Acta2', 'J:225159', 'Rudat C, PLoS One 2014;9(11):e112112']
</p>
                            </td>
                        </tr>
                        <tr class='success'>
                            <td class="col-xs-10">testMultipleMrkSearch</td>
                            <td class="col-xs-1">
                                <span class="label label-success" style="display:block;width:40px;">Pass</span>
                            </td>
                            <td class="col-xs-1">
                                <button class="btn btn-default btn-xs">View</button>
                            </td>
                        </tr>
                        <tr style="display:none;">
                            <td class="col-xs-9" colspan="3"><p>['T, brachyury, T-box transcription factor T, Chr 17, Band', 't, t-complex, Chr 17, Band']
</p>
                            </td>
                        </tr>
                        <tr class='success'>
                            <td class="col-xs-10">testNotesWildcardSearch</td>
                            <td class="col-xs-1">
                                <span class="label label-success" style="display:block;width:40px;">Pass</span>
                            </td>
                            <td class="col-xs-1">
                                <button class="btn btn-default btn-xs">View</button>
                            </td>
                        </tr>
                        <tr style="display:none;">
                            <td class="col-xs-9" colspan="3"><p>['Marker', ':', 'Citation']
['Abcb1a', 'J:30592', 'Chianale J, Biochim Biophys Acta 1995 Dec 27;1264(3):369-76']
['Marker', 'Abcb1a', 'Sdc1', 'Sptb', 'Sptbn1']
</p>
                            </td>
                        </tr>
                        <tr class='success'>
                            <td class="col-xs-10">testQTLErrorMsg</td>
                            <td class="col-xs-1">
                                <span class="label label-success" style="display:block;width:40px;">Pass</span>
                            </td>
                            <td class="col-xs-1">
                            </td>
                        </tr>
                        <tr class='success'>
                            <td class="col-xs-10">testSearchIndex</td>
                            <td class="col-xs-1">
                                <span class="label label-success" style="display:block;width:40px;">Pass</span>
                            </td>
                            <td class="col-xs-1">
                                <button class="btn btn-default btn-xs">View</button>
                            </td>
                        </tr>
                        <tr style="display:none;">
                            <td class="col-xs-9" colspan="3"><p>['Marker', ':', 'Citation']
['Adipoq', 'J:170133', 'Kim ST, Hum Reprod 2011 Jan;26(1):82-95']
</p>
                            </td>
                        </tr>
                        <tr class='success'>
                            <td class="col-xs-10">testWithdrawnMrkSearch</td>
                            <td class="col-xs-1">
                                <span class="label label-success" style="display:block;width:40px;">Pass</span>
                            </td>
                            <td class="col-xs-1">
                            </td>
                        </tr>
                        <tr>
                            <td colspan="3">
                                Total: 22, Pass: 22 -- Duration: 196.41 s
                            </td>
                        </tr>
                    </tbody>
                </table>
            </div>
        </div>
        <div class="row">
            <div class="col-xs-12 col-sm-10 col-md-10">
                <table class='table table-hover table-responsive'>
                    <thead>
                        <tr>
                            <th>GxdIndex.gxdindex_shortcuts_test.TestEiGxdIndexShortcuts</th>
                            <th>Status</th>
                            <th></th>
                        </tr>
                    </thead>
                    <tbody>
                        <tr class='success'>
                            <td class="col-xs-10">testCtrlAltc</td>
                            <td class="col-xs-1">
                                <span class="label label-success" style="display:block;width:40px;">Pass</span>
                            </td>
                            <td class="col-xs-1">
                                <button class="btn btn-default btn-xs">View</button>
                            </td>
                        </tr>
                        <tr style="display:none;">
                            <td class="col-xs-9" colspan="3"><p>Abdelwahid E, Cell Tissue Res 2001 Jul;305(1):67-78
Bmp2



Search All
Search All




</p>
                            </td>
                        </tr>
                        <tr class='success'>
                            <td class="col-xs-10">testCtrlAlts</td>
                            <td class="col-xs-1">
                                <span class="label label-success" style="display:block;width:40px;">Pass</span>
                            </td>
                            <td class="col-xs-1">
                                <button class="btn btn-default btn-xs">View</button>
                            </td>
                        </tr>
                        <tr style="display:none;">
                            <td class="col-xs-9" colspan="3"><p>Cheong N, J Biol Chem 2007 Aug 17;282(33):23811-7
Cheong N, J Biol Chem 2007 Aug 17;282(33):23811-7
Abca3
false
Medium
Not Specified
terryh
terryh
10/01/2007
10/01/2007
</p>
                            </td>
                        </tr>
                        <tr>
                            <td colspan="3">
                                Total: 2, Pass: 2 -- Duration: 31.36 s
                            </td>
                        </tr>
                    </tbody>
                </table>
            </div>
        </div>
        <div class="row">
            <div class="col-xs-12 col-sm-10 col-md-10">
                <table class='table table-hover table-responsive'>
                    <thead>
                        <tr>
                            <th>DOAnnot.do_annot_search_tests.TestEIDoannotSearch</th>
                            <th>Status</th>
                            <th></th>
                        </tr>
                    </thead>
                    <tbody>
                        <tr class='warning'>
                            <td class="col-xs-10">testDoEvidenceSearch</td>
                            <td class="col-xs-1">
                                <span class="label label-warning" style="display:block;width:40px;">Error</span>
                            </td>
                            <td class="col-xs-1">
                                <button class="btn btn-default btn-xs">View</button>
                            </td>
                        </tr>
                        <tr style="display:none;">
                            <td class="col-xs-9" colspan="3"><p style="color:maroon;">NoSectionError: No section: 'testpwi'</p><p style="color:maroon;">Traceback (most recent call last):
  File "C:\Users\jeffc\git\mgiselenium\PyTests\EI\DOAnnot\do_annot_search_tests.py", line 39, in setUp
    base_url = parser.get('testpwi', 'test_dogdev_pwi_url')
  File "C:\Users\jeffc\AppData\Local\Programs\Python\Python38\lib\configparser.py", line 781, in get
    d = self._unify_values(section, vars)
  File "C:\Users\jeffc\AppData\Local\Programs\Python\Python38\lib\configparser.py", line 1149, in _unify_values
    raise NoSectionError(section) from None
configparser.NoSectionError: No section: 'testpwi'
</p>
                            </td>
                        </tr>
                        <tr class='warning'>
                            <td class="col-xs-10">testDoGenotypeSearch</td>
                            <td class="col-xs-1">
                                <span class="label label-warning" style="display:block;width:40px;">Error</span>
                            </td>
                            <td class="col-xs-1">
                                <button class="btn btn-default btn-xs">View</button>
                            </td>
                        </tr>
                        <tr style="display:none;">
                            <td class="col-xs-9" colspan="3"><p style="color:maroon;">NoSectionError: No section: 'testpwi'</p><p style="color:maroon;">Traceback (most recent call last):
  File "C:\Users\jeffc\git\mgiselenium\PyTests\EI\DOAnnot\do_annot_search_tests.py", line 39, in setUp
    base_url = parser.get('testpwi', 'test_dogdev_pwi_url')
  File "C:\Users\jeffc\AppData\Local\Programs\Python\Python38\lib\configparser.py", line 781, in get
    d = self._unify_values(section, vars)
  File "C:\Users\jeffc\AppData\Local\Programs\Python\Python38\lib\configparser.py", line 1149, in _unify_values
    raise NoSectionError(section) from None
configparser.NoSectionError: No section: 'testpwi'
</p>
                            </td>
                        </tr>
                        <tr class='warning'>
                            <td class="col-xs-10">testDoJnumSearch</td>
                            <td class="col-xs-1">
                                <span class="label label-warning" style="display:block;width:40px;">Error</span>
                            </td>
                            <td class="col-xs-1">
                                <button class="btn btn-default btn-xs">View</button>
                            </td>
                        </tr>
                        <tr style="display:none;">
                            <td class="col-xs-9" colspan="3"><p style="color:maroon;">NoSectionError: No section: 'testpwi'</p><p style="color:maroon;">Traceback (most recent call last):
  File "C:\Users\jeffc\git\mgiselenium\PyTests\EI\DOAnnot\do_annot_search_tests.py", line 39, in setUp
    base_url = parser.get('testpwi', 'test_dogdev_pwi_url')
  File "C:\Users\jeffc\AppData\Local\Programs\Python\Python38\lib\configparser.py", line 781, in get
    d = self._unify_values(section, vars)
  File "C:\Users\jeffc\AppData\Local\Programs\Python\Python38\lib\configparser.py", line 1149, in _unify_values
    raise NoSectionError(section) from None
configparser.NoSectionError: No section: 'testpwi'
</p>
                            </td>
                        </tr>
                        <tr class='warning'>
                            <td class="col-xs-10">testDoMgiIdSearch</td>
                            <td class="col-xs-1">
                                <span class="label label-warning" style="display:block;width:40px;">Error</span>
                            </td>
                            <td class="col-xs-1">
                                <button class="btn btn-default btn-xs">View</button>
                            </td>
                        </tr>
                        <tr style="display:none;">
                            <td class="col-xs-9" colspan="3"><p style="color:maroon;">NoSectionError: No section: 'testpwi'</p><p style="color:maroon;">Traceback (most recent call last):
  File "C:\Users\jeffc\git\mgiselenium\PyTests\EI\DOAnnot\do_annot_search_tests.py", line 39, in setUp
    base_url = parser.get('testpwi', 'test_dogdev_pwi_url')
  File "C:\Users\jeffc\AppData\Local\Programs\Python\Python38\lib\configparser.py", line 781, in get
    d = self._unify_values(section, vars)
  File "C:\Users\jeffc\AppData\Local\Programs\Python\Python38\lib\configparser.py", line 1149, in _unify_values
    raise NoSectionError(section) from None
configparser.NoSectionError: No section: 'testpwi'
</p>
                            </td>
                        </tr>
                        <tr class='warning'>
                            <td class="col-xs-10">testDoNoteTextSearch</td>
                            <td class="col-xs-1">
                                <span class="label label-warning" style="display:block;width:40px;">Error</span>
                            </td>
                            <td class="col-xs-1">
                                <button class="btn btn-default btn-xs">View</button>
                            </td>
                        </tr>
                        <tr style="display:none;">
                            <td class="col-xs-9" colspan="3"><p style="color:maroon;">NoSectionError: No section: 'testpwi'</p><p style="color:maroon;">Traceback (most recent call last):
  File "C:\Users\jeffc\git\mgiselenium\PyTests\EI\DOAnnot\do_annot_search_tests.py", line 39, in setUp
    base_url = parser.get('testpwi', 'test_dogdev_pwi_url')
  File "C:\Users\jeffc\AppData\Local\Programs\Python\Python38\lib\configparser.py", line 781, in get
    d = self._unify_values(section, vars)
  File "C:\Users\jeffc\AppData\Local\Programs\Python\Python38\lib\configparser.py", line 1149, in _unify_values
    raise NoSectionError(section) from None
configparser.NoSectionError: No section: 'testpwi'
</p>
                            </td>
                        </tr>
                        <tr class='warning'>
                            <td class="col-xs-10">testDoQualSearch</td>
                            <td class="col-xs-1">
                                <span class="label label-warning" style="display:block;width:40px;">Error</span>
                            </td>
                            <td class="col-xs-1">
                                <button class="btn btn-default btn-xs">View</button>
                            </td>
                        </tr>
                        <tr style="display:none;">
                            <td class="col-xs-9" colspan="3"><p style="color:maroon;">NoSectionError: No section: 'testpwi'</p><p style="color:maroon;">Traceback (most recent call last):
  File "C:\Users\jeffc\git\mgiselenium\PyTests\EI\DOAnnot\do_annot_search_tests.py", line 39, in setUp
    base_url = parser.get('testpwi', 'test_dogdev_pwi_url')
  File "C:\Users\jeffc\AppData\Local\Programs\Python\Python38\lib\configparser.py", line 781, in get
    d = self._unify_values(section, vars)
  File "C:\Users\jeffc\AppData\Local\Programs\Python\Python38\lib\configparser.py", line 1149, in _unify_values
    raise NoSectionError(section) from None
configparser.NoSectionError: No section: 'testpwi'
</p>
                            </td>
                        </tr>
                        <tr class='warning'>
                            <td class="col-xs-10">testDoTermIdSearch</td>
                            <td class="col-xs-1">
                                <span class="label label-warning" style="display:block;width:40px;">Error</span>
                            </td>
                            <td class="col-xs-1">
                                <button class="btn btn-default btn-xs">View</button>
                            </td>
                        </tr>
                        <tr style="display:none;">
                            <td class="col-xs-9" colspan="3"><p style="color:maroon;">NoSectionError: No section: 'testpwi'</p><p style="color:maroon;">Traceback (most recent call last):
  File "C:\Users\jeffc\git\mgiselenium\PyTests\EI\DOAnnot\do_annot_search_tests.py", line 39, in setUp
    base_url = parser.get('testpwi', 'test_dogdev_pwi_url')
  File "C:\Users\jeffc\AppData\Local\Programs\Python\Python38\lib\configparser.py", line 781, in get
    d = self._unify_values(section, vars)
  File "C:\Users\jeffc\AppData\Local\Programs\Python\Python38\lib\configparser.py", line 1149, in _unify_values
    raise NoSectionError(section) from None
configparser.NoSectionError: No section: 'testpwi'
</p>
                            </td>
                        </tr>
                        <tr class='warning'>
                            <td class="col-xs-10">testDoannotCreateBySearch</td>
                            <td class="col-xs-1">
                                <span class="label label-warning" style="display:block;width:40px;">Error</span>
                            </td>
                            <td class="col-xs-1">
                                <button class="btn btn-default btn-xs">View</button>
                            </td>
                        </tr>
                        <tr style="display:none;">
                            <td class="col-xs-9" colspan="3"><p style="color:maroon;">NoSectionError: No section: 'testpwi'</p><p style="color:maroon;">Traceback (most recent call last):
  File "C:\Users\jeffc\git\mgiselenium\PyTests\EI\DOAnnot\do_annot_search_tests.py", line 39, in setUp
    base_url = parser.get('testpwi', 'test_dogdev_pwi_url')
  File "C:\Users\jeffc\AppData\Local\Programs\Python\Python38\lib\configparser.py", line 781, in get
    d = self._unify_values(section, vars)
  File "C:\Users\jeffc\AppData\Local\Programs\Python\Python38\lib\configparser.py", line 1149, in _unify_values
    raise NoSectionError(section) from None
configparser.NoSectionError: No section: 'testpwi'
</p>
                            </td>
                        </tr>
                        <tr class='warning'>
                            <td class="col-xs-10">testDoannotCreateDateLessEqualSearch</td>
                            <td class="col-xs-1">
                                <span class="label label-warning" style="display:block;width:40px;">Error</span>
                            </td>
                            <td class="col-xs-1">
                                <button class="btn btn-default btn-xs">View</button>
                            </td>
                        </tr>
                        <tr style="display:none;">
                            <td class="col-xs-9" colspan="3"><p style="color:maroon;">NoSectionError: No section: 'testpwi'</p><p style="color:maroon;">Traceback (most recent call last):
  File "C:\Users\jeffc\git\mgiselenium\PyTests\EI\DOAnnot\do_annot_search_tests.py", line 39, in setUp
    base_url = parser.get('testpwi', 'test_dogdev_pwi_url')
  File "C:\Users\jeffc\AppData\Local\Programs\Python\Python38\lib\configparser.py", line 781, in get
    d = self._unify_values(section, vars)
  File "C:\Users\jeffc\AppData\Local\Programs\Python\Python38\lib\configparser.py", line 1149, in _unify_values
    raise NoSectionError(section) from None
configparser.NoSectionError: No section: 'testpwi'
</p>
                            </td>
                        </tr>
                        <tr class='warning'>
                            <td class="col-xs-10">testDoannotCreateDateLessSearch</td>
                            <td class="col-xs-1">
                                <span class="label label-warning" style="display:block;width:40px;">Error</span>
                            </td>
                            <td class="col-xs-1">
                                <button class="btn btn-default btn-xs">View</button>
                            </td>
                        </tr>
                        <tr style="display:none;">
                            <td class="col-xs-9" colspan="3"><p style="color:maroon;">NoSectionError: No section: 'testpwi'</p><p style="color:maroon;">Traceback (most recent call last):
  File "C:\Users\jeffc\git\mgiselenium\PyTests\EI\DOAnnot\do_annot_search_tests.py", line 39, in setUp
    base_url = parser.get('testpwi', 'test_dogdev_pwi_url')
  File "C:\Users\jeffc\AppData\Local\Programs\Python\Python38\lib\configparser.py", line 781, in get
    d = self._unify_values(section, vars)
  File "C:\Users\jeffc\AppData\Local\Programs\Python\Python38\lib\configparser.py", line 1149, in _unify_values
    raise NoSectionError(section) from None
configparser.NoSectionError: No section: 'testpwi'
</p>
                            </td>
                        </tr>
                        <tr class='warning'>
                            <td class="col-xs-10">testDoannotCreateDateRangeSearch</td>
                            <td class="col-xs-1">
                                <span class="label label-warning" style="display:block;width:40px;">Error</span>
                            </td>
                            <td class="col-xs-1">
                                <button class="btn btn-default btn-xs">View</button>
                            </td>
                        </tr>
                        <tr style="display:none;">
                            <td class="col-xs-9" colspan="3"><p style="color:maroon;">NoSectionError: No section: 'testpwi'</p><p style="color:maroon;">Traceback (most recent call last):
  File "C:\Users\jeffc\git\mgiselenium\PyTests\EI\DOAnnot\do_annot_search_tests.py", line 39, in setUp
    base_url = parser.get('testpwi', 'test_dogdev_pwi_url')
  File "C:\Users\jeffc\AppData\Local\Programs\Python\Python38\lib\configparser.py", line 781, in get
    d = self._unify_values(section, vars)
  File "C:\Users\jeffc\AppData\Local\Programs\Python\Python38\lib\configparser.py", line 1149, in _unify_values
    raise NoSectionError(section) from None
configparser.NoSectionError: No section: 'testpwi'
</p>
                            </td>
                        </tr>
                        <tr class='warning'>
                            <td class="col-xs-10">testDoannotCreateDateSearch</td>
                            <td class="col-xs-1">
                                <span class="label label-warning" style="display:block;width:40px;">Error</span>
                            </td>
                            <td class="col-xs-1">
                                <button class="btn btn-default btn-xs">View</button>
                            </td>
                        </tr>
                        <tr style="display:none;">
                            <td class="col-xs-9" colspan="3"><p style="color:maroon;">NoSectionError: No section: 'testpwi'</p><p style="color:maroon;">Traceback (most recent call last):
  File "C:\Users\jeffc\git\mgiselenium\PyTests\EI\DOAnnot\do_annot_search_tests.py", line 39, in setUp
    base_url = parser.get('testpwi', 'test_dogdev_pwi_url')
  File "C:\Users\jeffc\AppData\Local\Programs\Python\Python38\lib\configparser.py", line 781, in get
    d = self._unify_values(section, vars)
  File "C:\Users\jeffc\AppData\Local\Programs\Python\Python38\lib\configparser.py", line 1149, in _unify_values
    raise NoSectionError(section) from None
configparser.NoSectionError: No section: 'testpwi'
</p>
                            </td>
                        </tr>
                        <tr class='warning'>
                            <td class="col-xs-10">testDoannotModBySearch</td>
                            <td class="col-xs-1">
                                <span class="label label-warning" style="display:block;width:40px;">Error</span>
                            </td>
                            <td class="col-xs-1">
                                <button class="btn btn-default btn-xs">View</button>
                            </td>
                        </tr>
                        <tr style="display:none;">
                            <td class="col-xs-9" colspan="3"><p style="color:maroon;">NoSectionError: No section: 'testpwi'</p><p style="color:maroon;">Traceback (most recent call last):
  File "C:\Users\jeffc\git\mgiselenium\PyTests\EI\DOAnnot\do_annot_search_tests.py", line 39, in setUp
    base_url = parser.get('testpwi', 'test_dogdev_pwi_url')
  File "C:\Users\jeffc\AppData\Local\Programs\Python\Python38\lib\configparser.py", line 781, in get
    d = self._unify_values(section, vars)
  File "C:\Users\jeffc\AppData\Local\Programs\Python\Python38\lib\configparser.py", line 1149, in _unify_values
    raise NoSectionError(section) from None
configparser.NoSectionError: No section: 'testpwi'
</p>
                            </td>
                        </tr>
                        <tr class='warning'>
                            <td class="col-xs-10">testDoannotModifyDateLessEqualSearch</td>
                            <td class="col-xs-1">
                                <span class="label label-warning" style="display:block;width:40px;">Error</span>
                            </td>
                            <td class="col-xs-1">
                                <button class="btn btn-default btn-xs">View</button>
                            </td>
                        </tr>
                        <tr style="display:none;">
                            <td class="col-xs-9" colspan="3"><p style="color:maroon;">NoSectionError: No section: 'testpwi'</p><p style="color:maroon;">Traceback (most recent call last):
  File "C:\Users\jeffc\git\mgiselenium\PyTests\EI\DOAnnot\do_annot_search_tests.py", line 39, in setUp
    base_url = parser.get('testpwi', 'test_dogdev_pwi_url')
  File "C:\Users\jeffc\AppData\Local\Programs\Python\Python38\lib\configparser.py", line 781, in get
    d = self._unify_values(section, vars)
  File "C:\Users\jeffc\AppData\Local\Programs\Python\Python38\lib\configparser.py", line 1149, in _unify_values
    raise NoSectionError(section) from None
configparser.NoSectionError: No section: 'testpwi'
</p>
                            </td>
                        </tr>
                        <tr class='warning'>
                            <td class="col-xs-10">testDoannotModifyDateLessSearch</td>
                            <td class="col-xs-1">
                                <span class="label label-warning" style="display:block;width:40px;">Error</span>
                            </td>
                            <td class="col-xs-1">
                                <button class="btn btn-default btn-xs">View</button>
                            </td>
                        </tr>
                        <tr style="display:none;">
                            <td class="col-xs-9" colspan="3"><p style="color:maroon;">NoSectionError: No section: 'testpwi'</p><p style="color:maroon;">Traceback (most recent call last):
  File "C:\Users\jeffc\git\mgiselenium\PyTests\EI\DOAnnot\do_annot_search_tests.py", line 39, in setUp
    base_url = parser.get('testpwi', 'test_dogdev_pwi_url')
  File "C:\Users\jeffc\AppData\Local\Programs\Python\Python38\lib\configparser.py", line 781, in get
    d = self._unify_values(section, vars)
  File "C:\Users\jeffc\AppData\Local\Programs\Python\Python38\lib\configparser.py", line 1149, in _unify_values
    raise NoSectionError(section) from None
configparser.NoSectionError: No section: 'testpwi'
</p>
                            </td>
                        </tr>
                        <tr class='warning'>
                            <td class="col-xs-10">testDoannotModifyDateRangeSearch</td>
                            <td class="col-xs-1">
                                <span class="label label-warning" style="display:block;width:40px;">Error</span>
                            </td>
                            <td class="col-xs-1">
                                <button class="btn btn-default btn-xs">View</button>
                            </td>
                        </tr>
                        <tr style="display:none;">
                            <td class="col-xs-9" colspan="3"><p style="color:maroon;">NoSectionError: No section: 'testpwi'</p><p style="color:maroon;">Traceback (most recent call last):
  File "C:\Users\jeffc\git\mgiselenium\PyTests\EI\DOAnnot\do_annot_search_tests.py", line 39, in setUp
    base_url = parser.get('testpwi', 'test_dogdev_pwi_url')
  File "C:\Users\jeffc\AppData\Local\Programs\Python\Python38\lib\configparser.py", line 781, in get
    d = self._unify_values(section, vars)
  File "C:\Users\jeffc\AppData\Local\Programs\Python\Python38\lib\configparser.py", line 1149, in _unify_values
    raise NoSectionError(section) from None
configparser.NoSectionError: No section: 'testpwi'
</p>
                            </td>
                        </tr>
                        <tr class='warning'>
                            <td class="col-xs-10">testDoannotModifyDateSearch</td>
                            <td class="col-xs-1">
                                <span class="label label-warning" style="display:block;width:40px;">Error</span>
                            </td>
                            <td class="col-xs-1">
                                <button class="btn btn-default btn-xs">View</button>
                            </td>
                        </tr>
                        <tr style="display:none;">
                            <td class="col-xs-9" colspan="3"><p style="color:maroon;">NoSectionError: No section: 'testpwi'</p><p style="color:maroon;">Traceback (most recent call last):
  File "C:\Users\jeffc\git\mgiselenium\PyTests\EI\DOAnnot\do_annot_search_tests.py", line 39, in setUp
    base_url = parser.get('testpwi', 'test_dogdev_pwi_url')
  File "C:\Users\jeffc\AppData\Local\Programs\Python\Python38\lib\configparser.py", line 781, in get
    d = self._unify_values(section, vars)
  File "C:\Users\jeffc\AppData\Local\Programs\Python\Python38\lib\configparser.py", line 1149, in _unify_values
    raise NoSectionError(section) from None
configparser.NoSectionError: No section: 'testpwi'
</p>
                            </td>
                        </tr>
                        <tr>
                            <td colspan="3">
                                Total: 17, Pass: 0, Error: 17 -- Duration: 15 ms
                            </td>
                        </tr>
                    </tbody>
                </table>
            </div>
        </div>
        <div class="row">
            <div class="col-xs-12 col-sm-10 col-md-10">
                <table class='table table-hover table-responsive'>
                    <thead>
                        <tr>
                            <th>EmapA.emapaclipboardtest.TestEiEmapaClipboard</th>
                            <th>Status</th>
                            <th></th>
                        </tr>
                    </thead>
                    <tbody>
                        <tr class='warning'>
                            <td class="col-xs-10">testClipboardBasicSort</td>
                            <td class="col-xs-1">
                                <span class="label label-warning" style="display:block;width:40px;">Error</span>
                            </td>
                            <td class="col-xs-1">
                                <button class="btn btn-default btn-xs">View</button>
                            </td>
                        </tr>
                        <tr style="display:none;">
                            <td class="col-xs-9" colspan="3"><p style="color:maroon;">NoSectionError: No section: 'testpwi'</p><p style="color:maroon;">Traceback (most recent call last):
  File "C:\Users\jeffc\git\mgiselenium\PyTests\EI\EmapA\emapaclipboardtest.py", line 33, in setUp
    self.init()
  File "C:\Users\jeffc\git\mgiselenium\PyTests\EI\EmapA\base_class.py", line 28, in init
    base_url = parser.get('testpwi', 'test_dogdev_pwi_url')
  File "C:\Users\jeffc\AppData\Local\Programs\Python\Python38\lib\configparser.py", line 781, in get
    d = self._unify_values(section, vars)
  File "C:\Users\jeffc\AppData\Local\Programs\Python\Python38\lib\configparser.py", line 1149, in _unify_values
    raise NoSectionError(section) from None
configparser.NoSectionError: No section: 'testpwi'
</p>
                            </td>
                        </tr>
                        <tr class='warning'>
                            <td class="col-xs-10">testClipboardShortcut</td>
                            <td class="col-xs-1">
                                <span class="label label-warning" style="display:block;width:40px;">Error</span>
                            </td>
                            <td class="col-xs-1">
                                <button class="btn btn-default btn-xs">View</button>
                            </td>
                        </tr>
                        <tr style="display:none;">
                            <td class="col-xs-9" colspan="3"><p style="color:maroon;">NoSectionError: No section: 'testpwi'</p><p style="color:maroon;">Traceback (most recent call last):
  File "C:\Users\jeffc\git\mgiselenium\PyTests\EI\EmapA\emapaclipboardtest.py", line 33, in setUp
    self.init()
  File "C:\Users\jeffc\git\mgiselenium\PyTests\EI\EmapA\base_class.py", line 28, in init
    base_url = parser.get('testpwi', 'test_dogdev_pwi_url')
  File "C:\Users\jeffc\AppData\Local\Programs\Python\Python38\lib\configparser.py", line 781, in get
    d = self._unify_values(section, vars)
  File "C:\Users\jeffc\AppData\Local\Programs\Python\Python38\lib\configparser.py", line 1149, in _unify_values
    raise NoSectionError(section) from None
configparser.NoSectionError: No section: 'testpwi'
</p>
                            </td>
                        </tr>
                        <tr class='warning'>
                            <td class="col-xs-10">testCommaStages</td>
                            <td class="col-xs-1">
                                <span class="label label-warning" style="display:block;width:40px;">Error</span>
                            </td>
                            <td class="col-xs-1">
                                <button class="btn btn-default btn-xs">View</button>
                            </td>
                        </tr>
                        <tr style="display:none;">
                            <td class="col-xs-9" colspan="3"><p style="color:maroon;">NoSectionError: No section: 'testpwi'</p><p style="color:maroon;">Traceback (most recent call last):
  File "C:\Users\jeffc\git\mgiselenium\PyTests\EI\EmapA\emapaclipboardtest.py", line 33, in setUp
    self.init()
  File "C:\Users\jeffc\git\mgiselenium\PyTests\EI\EmapA\base_class.py", line 28, in init
    base_url = parser.get('testpwi', 'test_dogdev_pwi_url')
  File "C:\Users\jeffc\AppData\Local\Programs\Python\Python38\lib\configparser.py", line 781, in get
    d = self._unify_values(section, vars)
  File "C:\Users\jeffc\AppData\Local\Programs\Python\Python38\lib\configparser.py", line 1149, in _unify_values
    raise NoSectionError(section) from None
configparser.NoSectionError: No section: 'testpwi'
</p>
                            </td>
                        </tr>
                        <tr class='warning'>
                            <td class="col-xs-10">testDashStages</td>
                            <td class="col-xs-1">
                                <span class="label label-warning" style="display:block;width:40px;">Error</span>
                            </td>
                            <td class="col-xs-1">
                                <button class="btn btn-default btn-xs">View</button>
                            </td>
                        </tr>
                        <tr style="display:none;">
                            <td class="col-xs-9" colspan="3"><p style="color:maroon;">NoSectionError: No section: 'testpwi'</p><p style="color:maroon;">Traceback (most recent call last):
  File "C:\Users\jeffc\git\mgiselenium\PyTests\EI\EmapA\emapaclipboardtest.py", line 33, in setUp
    self.init()
  File "C:\Users\jeffc\git\mgiselenium\PyTests\EI\EmapA\base_class.py", line 28, in init
    base_url = parser.get('testpwi', 'test_dogdev_pwi_url')
  File "C:\Users\jeffc\AppData\Local\Programs\Python\Python38\lib\configparser.py", line 781, in get
    d = self._unify_values(section, vars)
  File "C:\Users\jeffc\AppData\Local\Programs\Python\Python38\lib\configparser.py", line 1149, in _unify_values
    raise NoSectionError(section) from None
configparser.NoSectionError: No section: 'testpwi'
</p>
                            </td>
                        </tr>
                        <tr class='warning'>
                            <td class="col-xs-10">testDeleteMultClipboard</td>
                            <td class="col-xs-1">
                                <span class="label label-warning" style="display:block;width:40px;">Error</span>
                            </td>
                            <td class="col-xs-1">
                                <button class="btn btn-default btn-xs">View</button>
                            </td>
                        </tr>
                        <tr style="display:none;">
                            <td class="col-xs-9" colspan="3"><p style="color:maroon;">NoSectionError: No section: 'testpwi'</p><p style="color:maroon;">Traceback (most recent call last):
  File "C:\Users\jeffc\git\mgiselenium\PyTests\EI\EmapA\emapaclipboardtest.py", line 33, in setUp
    self.init()
  File "C:\Users\jeffc\git\mgiselenium\PyTests\EI\EmapA\base_class.py", line 28, in init
    base_url = parser.get('testpwi', 'test_dogdev_pwi_url')
  File "C:\Users\jeffc\AppData\Local\Programs\Python\Python38\lib\configparser.py", line 781, in get
    d = self._unify_values(section, vars)
  File "C:\Users\jeffc\AppData\Local\Programs\Python\Python38\lib\configparser.py", line 1149, in _unify_values
    raise NoSectionError(section) from None
configparser.NoSectionError: No section: 'testpwi'
</p>
                            </td>
                        </tr>
                        <tr class='warning'>
                            <td class="col-xs-10">testDuplicateStage</td>
                            <td class="col-xs-1">
                                <span class="label label-warning" style="display:block;width:40px;">Error</span>
                            </td>
                            <td class="col-xs-1">
                                <button class="btn btn-default btn-xs">View</button>
                            </td>
                        </tr>
                        <tr style="display:none;">
                            <td class="col-xs-9" colspan="3"><p style="color:maroon;">NoSectionError: No section: 'testpwi'</p><p style="color:maroon;">Traceback (most recent call last):
  File "C:\Users\jeffc\git\mgiselenium\PyTests\EI\EmapA\emapaclipboardtest.py", line 33, in setUp
    self.init()
  File "C:\Users\jeffc\git\mgiselenium\PyTests\EI\EmapA\base_class.py", line 28, in init
    base_url = parser.get('testpwi', 'test_dogdev_pwi_url')
  File "C:\Users\jeffc\AppData\Local\Programs\Python\Python38\lib\configparser.py", line 781, in get
    d = self._unify_values(section, vars)
  File "C:\Users\jeffc\AppData\Local\Programs\Python\Python38\lib\configparser.py", line 1149, in _unify_values
    raise NoSectionError(section) from None
configparser.NoSectionError: No section: 'testpwi'
</p>
                            </td>
                        </tr>
                        <tr class='warning'>
                            <td class="col-xs-10">testInvalidRange</td>
                            <td class="col-xs-1">
                                <span class="label label-warning" style="display:block;width:40px;">Error</span>
                            </td>
                            <td class="col-xs-1">
                                <button class="btn btn-default btn-xs">View</button>
                            </td>
                        </tr>
                        <tr style="display:none;">
                            <td class="col-xs-9" colspan="3"><p style="color:maroon;">NoSectionError: No section: 'testpwi'</p><p style="color:maroon;">Traceback (most recent call last):
  File "C:\Users\jeffc\git\mgiselenium\PyTests\EI\EmapA\emapaclipboardtest.py", line 33, in setUp
    self.init()
  File "C:\Users\jeffc\git\mgiselenium\PyTests\EI\EmapA\base_class.py", line 28, in init
    base_url = parser.get('testpwi', 'test_dogdev_pwi_url')
  File "C:\Users\jeffc\AppData\Local\Programs\Python\Python38\lib\configparser.py", line 781, in get
    d = self._unify_values(section, vars)
  File "C:\Users\jeffc\AppData\Local\Programs\Python\Python38\lib\configparser.py", line 1149, in _unify_values
    raise NoSectionError(section) from None
configparser.NoSectionError: No section: 'testpwi'
</p>
                            </td>
                        </tr>
                        <tr class='warning'>
                            <td class="col-xs-10">testNonNumberStage</td>
                            <td class="col-xs-1">
                                <span class="label label-warning" style="display:block;width:40px;">Error</span>
                            </td>
                            <td class="col-xs-1">
                                <button class="btn btn-default btn-xs">View</button>
                            </td>
                        </tr>
                        <tr style="display:none;">
                            <td class="col-xs-9" colspan="3"><p style="color:maroon;">NoSectionError: No section: 'testpwi'</p><p style="color:maroon;">Traceback (most recent call last):
  File "C:\Users\jeffc\git\mgiselenium\PyTests\EI\EmapA\emapaclipboardtest.py", line 33, in setUp
    self.init()
  File "C:\Users\jeffc\git\mgiselenium\PyTests\EI\EmapA\base_class.py", line 28, in init
    base_url = parser.get('testpwi', 'test_dogdev_pwi_url')
  File "C:\Users\jeffc\AppData\Local\Programs\Python\Python38\lib\configparser.py", line 781, in get
    d = self._unify_values(section, vars)
  File "C:\Users\jeffc\AppData\Local\Programs\Python\Python38\lib\configparser.py", line 1149, in _unify_values
    raise NoSectionError(section) from None
configparser.NoSectionError: No section: 'testpwi'
</p>
                            </td>
                        </tr>
                        <tr class='warning'>
                            <td class="col-xs-10">testOutRangeStage</td>
                            <td class="col-xs-1">
                                <span class="label label-warning" style="display:block;width:40px;">Error</span>
                            </td>
                            <td class="col-xs-1">
                                <button class="btn btn-default btn-xs">View</button>
                            </td>
                        </tr>
                        <tr style="display:none;">
                            <td class="col-xs-9" colspan="3"><p style="color:maroon;">NoSectionError: No section: 'testpwi'</p><p style="color:maroon;">Traceback (most recent call last):
  File "C:\Users\jeffc\git\mgiselenium\PyTests\EI\EmapA\emapaclipboardtest.py", line 33, in setUp
    self.init()
  File "C:\Users\jeffc\git\mgiselenium\PyTests\EI\EmapA\base_class.py", line 28, in init
    base_url = parser.get('testpwi', 'test_dogdev_pwi_url')
  File "C:\Users\jeffc\AppData\Local\Programs\Python\Python38\lib\configparser.py", line 781, in get
    d = self._unify_values(section, vars)
  File "C:\Users\jeffc\AppData\Local\Programs\Python\Python38\lib\configparser.py", line 1149, in _unify_values
    raise NoSectionError(section) from None
configparser.NoSectionError: No section: 'testpwi'
</p>
                            </td>
                        </tr>
                        <tr class='warning'>
                            <td class="col-xs-10">testSingleStage</td>
                            <td class="col-xs-1">
                                <span class="label label-warning" style="display:block;width:40px;">Error</span>
                            </td>
                            <td class="col-xs-1">
                                <button class="btn btn-default btn-xs">View</button>
                            </td>
                        </tr>
                        <tr style="display:none;">
                            <td class="col-xs-9" colspan="3"><p style="color:maroon;">NoSectionError: No section: 'testpwi'</p><p style="color:maroon;">Traceback (most recent call last):
  File "C:\Users\jeffc\git\mgiselenium\PyTests\EI\EmapA\emapaclipboardtest.py", line 33, in setUp
    self.init()
  File "C:\Users\jeffc\git\mgiselenium\PyTests\EI\EmapA\base_class.py", line 28, in init
    base_url = parser.get('testpwi', 'test_dogdev_pwi_url')
  File "C:\Users\jeffc\AppData\Local\Programs\Python\Python38\lib\configparser.py", line 781, in get
    d = self._unify_values(section, vars)
  File "C:\Users\jeffc\AppData\Local\Programs\Python\Python38\lib\configparser.py", line 1149, in _unify_values
    raise NoSectionError(section) from None
configparser.NoSectionError: No section: 'testpwi'
</p>
                            </td>
                        </tr>
                        <tr class='warning'>
                            <td class="col-xs-10">testWildcardStage</td>
                            <td class="col-xs-1">
                                <span class="label label-warning" style="display:block;width:40px;">Error</span>
                            </td>
                            <td class="col-xs-1">
                                <button class="btn btn-default btn-xs">View</button>
                            </td>
                        </tr>
                        <tr style="display:none;">
                            <td class="col-xs-9" colspan="3"><p style="color:maroon;">NoSectionError: No section: 'testpwi'</p><p style="color:maroon;">Traceback (most recent call last):
  File "C:\Users\jeffc\git\mgiselenium\PyTests\EI\EmapA\emapaclipboardtest.py", line 33, in setUp
    self.init()
  File "C:\Users\jeffc\git\mgiselenium\PyTests\EI\EmapA\base_class.py", line 28, in init
    base_url = parser.get('testpwi', 'test_dogdev_pwi_url')
  File "C:\Users\jeffc\AppData\Local\Programs\Python\Python38\lib\configparser.py", line 781, in get
    d = self._unify_values(section, vars)
  File "C:\Users\jeffc\AppData\Local\Programs\Python\Python38\lib\configparser.py", line 1149, in _unify_values
    raise NoSectionError(section) from None
configparser.NoSectionError: No section: 'testpwi'
</p>
                            </td>
                        </tr>
                        <tr class='warning'>
                            <td class="col-xs-10">testdeleteoneclipboard</td>
                            <td class="col-xs-1">
                                <span class="label label-warning" style="display:block;width:40px;">Error</span>
                            </td>
                            <td class="col-xs-1">
                                <button class="btn btn-default btn-xs">View</button>
                            </td>
                        </tr>
                        <tr style="display:none;">
                            <td class="col-xs-9" colspan="3"><p style="color:maroon;">NoSectionError: No section: 'testpwi'</p><p style="color:maroon;">Traceback (most recent call last):
  File "C:\Users\jeffc\git\mgiselenium\PyTests\EI\EmapA\emapaclipboardtest.py", line 33, in setUp
    self.init()
  File "C:\Users\jeffc\git\mgiselenium\PyTests\EI\EmapA\base_class.py", line 28, in init
    base_url = parser.get('testpwi', 'test_dogdev_pwi_url')
  File "C:\Users\jeffc\AppData\Local\Programs\Python\Python38\lib\configparser.py", line 781, in get
    d = self._unify_values(section, vars)
  File "C:\Users\jeffc\AppData\Local\Programs\Python\Python38\lib\configparser.py", line 1149, in _unify_values
    raise NoSectionError(section) from None
configparser.NoSectionError: No section: 'testpwi'
</p>
                            </td>
                        </tr>
                        <tr>
                            <td colspan="3">
                                Total: 12, Pass: 0, Error: 12 -- Duration: 9 ms
                            </td>
                        </tr>
                    </tbody>
                </table>
            </div>
        </div>
        <div class="row">
            <div class="col-xs-12 col-sm-10 col-md-10">
                <table class='table table-hover table-responsive'>
                    <thead>
                        <tr>
                            <th>EmapA.emapadetailtest.TestEiEmapaDetail</th>
                            <th>Status</th>
                            <th></th>
                        </tr>
                    </thead>
                    <tbody>
                        <tr class='warning'>
                            <td class="col-xs-10">testAnnotationDetailLink</td>
                            <td class="col-xs-1">
                                <span class="label label-warning" style="display:block;width:40px;">Error</span>
                            </td>
                            <td class="col-xs-1">
                                <button class="btn btn-default btn-xs">View</button>
                            </td>
                        </tr>
                        <tr style="display:none;">
                            <td class="col-xs-9" colspan="3"><p style="color:maroon;">NoSectionError: No section: 'testpwi'</p><p style="color:maroon;">Traceback (most recent call last):
  File "C:\Users\jeffc\git\mgiselenium\PyTests\EI\EmapA\emapadetailtest.py", line 26, in setUp
    self.init()
  File "C:\Users\jeffc\git\mgiselenium\PyTests\EI\EmapA\base_class.py", line 28, in init
    base_url = parser.get('testpwi', 'test_dogdev_pwi_url')
  File "C:\Users\jeffc\AppData\Local\Programs\Python\Python38\lib\configparser.py", line 781, in get
    d = self._unify_values(section, vars)
  File "C:\Users\jeffc\AppData\Local\Programs\Python\Python38\lib\configparser.py", line 1149, in _unify_values
    raise NoSectionError(section) from None
configparser.NoSectionError: No section: 'testpwi'
</p>
                            </td>
                        </tr>
                        <tr class='warning'>
                            <td class="col-xs-10">testAnnotationResults</td>
                            <td class="col-xs-1">
                                <span class="label label-warning" style="display:block;width:40px;">Error</span>
                            </td>
                            <td class="col-xs-1">
                                <button class="btn btn-default btn-xs">View</button>
                            </td>
                        </tr>
                        <tr style="display:none;">
                            <td class="col-xs-9" colspan="3"><p style="color:maroon;">NoSectionError: No section: 'testpwi'</p><p style="color:maroon;">Traceback (most recent call last):
  File "C:\Users\jeffc\git\mgiselenium\PyTests\EI\EmapA\emapadetailtest.py", line 26, in setUp
    self.init()
  File "C:\Users\jeffc\git\mgiselenium\PyTests\EI\EmapA\base_class.py", line 28, in init
    base_url = parser.get('testpwi', 'test_dogdev_pwi_url')
  File "C:\Users\jeffc\AppData\Local\Programs\Python\Python38\lib\configparser.py", line 781, in get
    d = self._unify_values(section, vars)
  File "C:\Users\jeffc\AppData\Local\Programs\Python\Python38\lib\configparser.py", line 1149, in _unify_values
    raise NoSectionError(section) from None
configparser.NoSectionError: No section: 'testpwi'
</p>
                            </td>
                        </tr>
                        <tr class='warning'>
                            <td class="col-xs-10">testAnnotationStageDetailLink</td>
                            <td class="col-xs-1">
                                <span class="label label-warning" style="display:block;width:40px;">Error</span>
                            </td>
                            <td class="col-xs-1">
                                <button class="btn btn-default btn-xs">View</button>
                            </td>
                        </tr>
                        <tr style="display:none;">
                            <td class="col-xs-9" colspan="3"><p style="color:maroon;">NoSectionError: No section: 'testpwi'</p><p style="color:maroon;">Traceback (most recent call last):
  File "C:\Users\jeffc\git\mgiselenium\PyTests\EI\EmapA\emapadetailtest.py", line 26, in setUp
    self.init()
  File "C:\Users\jeffc\git\mgiselenium\PyTests\EI\EmapA\base_class.py", line 28, in init
    base_url = parser.get('testpwi', 'test_dogdev_pwi_url')
  File "C:\Users\jeffc\AppData\Local\Programs\Python\Python38\lib\configparser.py", line 781, in get
    d = self._unify_values(section, vars)
  File "C:\Users\jeffc\AppData\Local\Programs\Python\Python38\lib\configparser.py", line 1149, in _unify_values
    raise NoSectionError(section) from None
configparser.NoSectionError: No section: 'testpwi'
</p>
                            </td>
                        </tr>
                        <tr class='warning'>
                            <td class="col-xs-10">testAnnotationStageResults</td>
                            <td class="col-xs-1">
                                <span class="label label-warning" style="display:block;width:40px;">Error</span>
                            </td>
                            <td class="col-xs-1">
                                <button class="btn btn-default btn-xs">View</button>
                            </td>
                        </tr>
                        <tr style="display:none;">
                            <td class="col-xs-9" colspan="3"><p style="color:maroon;">NoSectionError: No section: 'testpwi'</p><p style="color:maroon;">Traceback (most recent call last):
  File "C:\Users\jeffc\git\mgiselenium\PyTests\EI\EmapA\emapadetailtest.py", line 26, in setUp
    self.init()
  File "C:\Users\jeffc\git\mgiselenium\PyTests\EI\EmapA\base_class.py", line 28, in init
    base_url = parser.get('testpwi', 'test_dogdev_pwi_url')
  File "C:\Users\jeffc\AppData\Local\Programs\Python\Python38\lib\configparser.py", line 781, in get
    d = self._unify_values(section, vars)
  File "C:\Users\jeffc\AppData\Local\Programs\Python\Python38\lib\configparser.py", line 1149, in _unify_values
    raise NoSectionError(section) from None
configparser.NoSectionError: No section: 'testpwi'
</p>
                            </td>
                        </tr>
                        <tr class='warning'>
                            <td class="col-xs-10">testDefaultDetail</td>
                            <td class="col-xs-1">
                                <span class="label label-warning" style="display:block;width:40px;">Error</span>
                            </td>
                            <td class="col-xs-1">
                                <button class="btn btn-default btn-xs">View</button>
                            </td>
                        </tr>
                        <tr style="display:none;">
                            <td class="col-xs-9" colspan="3"><p style="color:maroon;">NoSectionError: No section: 'testpwi'</p><p style="color:maroon;">Traceback (most recent call last):
  File "C:\Users\jeffc\git\mgiselenium\PyTests\EI\EmapA\emapadetailtest.py", line 26, in setUp
    self.init()
  File "C:\Users\jeffc\git\mgiselenium\PyTests\EI\EmapA\base_class.py", line 28, in init
    base_url = parser.get('testpwi', 'test_dogdev_pwi_url')
  File "C:\Users\jeffc\AppData\Local\Programs\Python\Python38\lib\configparser.py", line 781, in get
    d = self._unify_values(section, vars)
  File "C:\Users\jeffc\AppData\Local\Programs\Python\Python38\lib\configparser.py", line 1149, in _unify_values
    raise NoSectionError(section) from None
configparser.NoSectionError: No section: 'testpwi'
</p>
                            </td>
                        </tr>
                        <tr class='warning'>
                            <td class="col-xs-10">testMinimalStageLinks</td>
                            <td class="col-xs-1">
                                <span class="label label-warning" style="display:block;width:40px;">Error</span>
                            </td>
                            <td class="col-xs-1">
                                <button class="btn btn-default btn-xs">View</button>
                            </td>
                        </tr>
                        <tr style="display:none;">
                            <td class="col-xs-9" colspan="3"><p style="color:maroon;">NoSectionError: No section: 'testpwi'</p><p style="color:maroon;">Traceback (most recent call last):
  File "C:\Users\jeffc\git\mgiselenium\PyTests\EI\EmapA\emapadetailtest.py", line 26, in setUp
    self.init()
  File "C:\Users\jeffc\git\mgiselenium\PyTests\EI\EmapA\base_class.py", line 28, in init
    base_url = parser.get('testpwi', 'test_dogdev_pwi_url')
  File "C:\Users\jeffc\AppData\Local\Programs\Python\Python38\lib\configparser.py", line 781, in get
    d = self._unify_values(section, vars)
  File "C:\Users\jeffc\AppData\Local\Programs\Python\Python38\lib\configparser.py", line 1149, in _unify_values
    raise NoSectionError(section) from None
configparser.NoSectionError: No section: 'testpwi'
</p>
                            </td>
                        </tr>
                        <tr class='warning'>
                            <td class="col-xs-10">testStageLinks</td>
                            <td class="col-xs-1">
                                <span class="label label-warning" style="display:block;width:40px;">Error</span>
                            </td>
                            <td class="col-xs-1">
                                <button class="btn btn-default btn-xs">View</button>
                            </td>
                        </tr>
                        <tr style="display:none;">
                            <td class="col-xs-9" colspan="3"><p style="color:maroon;">NoSectionError: No section: 'testpwi'</p><p style="color:maroon;">Traceback (most recent call last):
  File "C:\Users\jeffc\git\mgiselenium\PyTests\EI\EmapA\emapadetailtest.py", line 26, in setUp
    self.init()
  File "C:\Users\jeffc\git\mgiselenium\PyTests\EI\EmapA\base_class.py", line 28, in init
    base_url = parser.get('testpwi', 'test_dogdev_pwi_url')
  File "C:\Users\jeffc\AppData\Local\Programs\Python\Python38\lib\configparser.py", line 781, in get
    d = self._unify_values(section, vars)
  File "C:\Users\jeffc\AppData\Local\Programs\Python\Python38\lib\configparser.py", line 1149, in _unify_values
    raise NoSectionError(section) from None
configparser.NoSectionError: No section: 'testpwi'
</p>
                            </td>
                        </tr>
                        <tr class='warning'>
                            <td class="col-xs-10">testStageSpecificDetail</td>
                            <td class="col-xs-1">
                                <span class="label label-warning" style="display:block;width:40px;">Error</span>
                            </td>
                            <td class="col-xs-1">
                                <button class="btn btn-default btn-xs">View</button>
                            </td>
                        </tr>
                        <tr style="display:none;">
                            <td class="col-xs-9" colspan="3"><p style="color:maroon;">NoSectionError: No section: 'testpwi'</p><p style="color:maroon;">Traceback (most recent call last):
  File "C:\Users\jeffc\git\mgiselenium\PyTests\EI\EmapA\emapadetailtest.py", line 26, in setUp
    self.init()
  File "C:\Users\jeffc\git\mgiselenium\PyTests\EI\EmapA\base_class.py", line 28, in init
    base_url = parser.get('testpwi', 'test_dogdev_pwi_url')
  File "C:\Users\jeffc\AppData\Local\Programs\Python\Python38\lib\configparser.py", line 781, in get
    d = self._unify_values(section, vars)
  File "C:\Users\jeffc\AppData\Local\Programs\Python\Python38\lib\configparser.py", line 1149, in _unify_values
    raise NoSectionError(section) from None
configparser.NoSectionError: No section: 'testpwi'
</p>
                            </td>
                        </tr>
                        <tr>
                            <td colspan="3">
                                Total: 8, Pass: 0, Error: 8 -- Duration: 6 ms
                            </td>
                        </tr>
                    </tbody>
                </table>
            </div>
        </div>
        <div class="row">
            <div class="col-xs-12 col-sm-10 col-md-10">
                <table class='table table-hover table-responsive'>
                    <thead>
                        <tr>
                            <th>EmapA.emapasearchtest.TestEiEmapaSearch</th>
                            <th>Status</th>
                            <th></th>
                        </tr>
                    </thead>
                    <tbody>
                        <tr class='warning'>
                            <td class="col-xs-10">testBasicSearch</td>
                            <td class="col-xs-1">
                                <span class="label label-warning" style="display:block;width:40px;">Error</span>
                            </td>
                            <td class="col-xs-1">
                                <button class="btn btn-default btn-xs">View</button>
                            </td>
                        </tr>
                        <tr style="display:none;">
                            <td class="col-xs-9" colspan="3"><p style="color:maroon;">NoSectionError: No section: 'testpwi'</p><p style="color:maroon;">Traceback (most recent call last):
  File "C:\Users\jeffc\git\mgiselenium\PyTests\EI\EmapA\emapasearchtest.py", line 32, in setUp
    self.init()
  File "C:\Users\jeffc\git\mgiselenium\PyTests\EI\EmapA\base_class.py", line 28, in init
    base_url = parser.get('testpwi', 'test_dogdev_pwi_url')
  File "C:\Users\jeffc\AppData\Local\Programs\Python\Python38\lib\configparser.py", line 781, in get
    d = self._unify_values(section, vars)
  File "C:\Users\jeffc\AppData\Local\Programs\Python\Python38\lib\configparser.py", line 1149, in _unify_values
    raise NoSectionError(section) from None
configparser.NoSectionError: No section: 'testpwi'
</p>
                            </td>
                        </tr>
                        <tr class='warning'>
                            <td class="col-xs-10">testComboTermStageSearch</td>
                            <td class="col-xs-1">
                                <span class="label label-warning" style="display:block;width:40px;">Error</span>
                            </td>
                            <td class="col-xs-1">
                                <button class="btn btn-default btn-xs">View</button>
                            </td>
                        </tr>
                        <tr style="display:none;">
                            <td class="col-xs-9" colspan="3"><p style="color:maroon;">NoSectionError: No section: 'testpwi'</p><p style="color:maroon;">Traceback (most recent call last):
  File "C:\Users\jeffc\git\mgiselenium\PyTests\EI\EmapA\emapasearchtest.py", line 32, in setUp
    self.init()
  File "C:\Users\jeffc\git\mgiselenium\PyTests\EI\EmapA\base_class.py", line 28, in init
    base_url = parser.get('testpwi', 'test_dogdev_pwi_url')
  File "C:\Users\jeffc\AppData\Local\Programs\Python\Python38\lib\configparser.py", line 781, in get
    d = self._unify_values(section, vars)
  File "C:\Users\jeffc\AppData\Local\Programs\Python\Python38\lib\configparser.py", line 1149, in _unify_values
    raise NoSectionError(section) from None
configparser.NoSectionError: No section: 'testpwi'
</p>
                            </td>
                        </tr>
                        <tr class='warning'>
                            <td class="col-xs-10">testMultipleStageSearch</td>
                            <td class="col-xs-1">
                                <span class="label label-warning" style="display:block;width:40px;">Error</span>
                            </td>
                            <td class="col-xs-1">
                                <button class="btn btn-default btn-xs">View</button>
                            </td>
                        </tr>
                        <tr style="display:none;">
                            <td class="col-xs-9" colspan="3"><p style="color:maroon;">NoSectionError: No section: 'testpwi'</p><p style="color:maroon;">Traceback (most recent call last):
  File "C:\Users\jeffc\git\mgiselenium\PyTests\EI\EmapA\emapasearchtest.py", line 32, in setUp
    self.init()
  File "C:\Users\jeffc\git\mgiselenium\PyTests\EI\EmapA\base_class.py", line 28, in init
    base_url = parser.get('testpwi', 'test_dogdev_pwi_url')
  File "C:\Users\jeffc\AppData\Local\Programs\Python\Python38\lib\configparser.py", line 781, in get
    d = self._unify_values(section, vars)
  File "C:\Users\jeffc\AppData\Local\Programs\Python\Python38\lib\configparser.py", line 1149, in _unify_values
    raise NoSectionError(section) from None
configparser.NoSectionError: No section: 'testpwi'
</p>
                            </td>
                        </tr>
                        <tr class='warning'>
                            <td class="col-xs-10">testMultipleTermSearch</td>
                            <td class="col-xs-1">
                                <span class="label label-warning" style="display:block;width:40px;">Error</span>
                            </td>
                            <td class="col-xs-1">
                                <button class="btn btn-default btn-xs">View</button>
                            </td>
                        </tr>
                        <tr style="display:none;">
                            <td class="col-xs-9" colspan="3"><p style="color:maroon;">NoSectionError: No section: 'testpwi'</p><p style="color:maroon;">Traceback (most recent call last):
  File "C:\Users\jeffc\git\mgiselenium\PyTests\EI\EmapA\emapasearchtest.py", line 32, in setUp
    self.init()
  File "C:\Users\jeffc\git\mgiselenium\PyTests\EI\EmapA\base_class.py", line 28, in init
    base_url = parser.get('testpwi', 'test_dogdev_pwi_url')
  File "C:\Users\jeffc\AppData\Local\Programs\Python\Python38\lib\configparser.py", line 781, in get
    d = self._unify_values(section, vars)
  File "C:\Users\jeffc\AppData\Local\Programs\Python\Python38\lib\configparser.py", line 1149, in _unify_values
    raise NoSectionError(section) from None
configparser.NoSectionError: No section: 'testpwi'
</p>
                            </td>
                        </tr>
                        <tr class='warning'>
                            <td class="col-xs-10">testSpecialCharSearch</td>
                            <td class="col-xs-1">
                                <span class="label label-warning" style="display:block;width:40px;">Error</span>
                            </td>
                            <td class="col-xs-1">
                                <button class="btn btn-default btn-xs">View</button>
                            </td>
                        </tr>
                        <tr style="display:none;">
                            <td class="col-xs-9" colspan="3"><p style="color:maroon;">NoSectionError: No section: 'testpwi'</p><p style="color:maroon;">Traceback (most recent call last):
  File "C:\Users\jeffc\git\mgiselenium\PyTests\EI\EmapA\emapasearchtest.py", line 32, in setUp
    self.init()
  File "C:\Users\jeffc\git\mgiselenium\PyTests\EI\EmapA\base_class.py", line 28, in init
    base_url = parser.get('testpwi', 'test_dogdev_pwi_url')
  File "C:\Users\jeffc\AppData\Local\Programs\Python\Python38\lib\configparser.py", line 781, in get
    d = self._unify_values(section, vars)
  File "C:\Users\jeffc\AppData\Local\Programs\Python\Python38\lib\configparser.py", line 1149, in _unify_values
    raise NoSectionError(section) from None
configparser.NoSectionError: No section: 'testpwi'
</p>
                            </td>
                        </tr>
                        <tr class='warning'>
                            <td class="col-xs-10">testStageRangeSearch</td>
                            <td class="col-xs-1">
                                <span class="label label-warning" style="display:block;width:40px;">Error</span>
                            </td>
                            <td class="col-xs-1">
                                <button class="btn btn-default btn-xs">View</button>
                            </td>
                        </tr>
                        <tr style="display:none;">
                            <td class="col-xs-9" colspan="3"><p style="color:maroon;">NoSectionError: No section: 'testpwi'</p><p style="color:maroon;">Traceback (most recent call last):
  File "C:\Users\jeffc\git\mgiselenium\PyTests\EI\EmapA\emapasearchtest.py", line 32, in setUp
    self.init()
  File "C:\Users\jeffc\git\mgiselenium\PyTests\EI\EmapA\base_class.py", line 28, in init
    base_url = parser.get('testpwi', 'test_dogdev_pwi_url')
  File "C:\Users\jeffc\AppData\Local\Programs\Python\Python38\lib\configparser.py", line 781, in get
    d = self._unify_values(section, vars)
  File "C:\Users\jeffc\AppData\Local\Programs\Python\Python38\lib\configparser.py", line 1149, in _unify_values
    raise NoSectionError(section) from None
configparser.NoSectionError: No section: 'testpwi'
</p>
                            </td>
                        </tr>
                        <tr class='warning'>
                            <td class="col-xs-10">testStageSearch</td>
                            <td class="col-xs-1">
                                <span class="label label-warning" style="display:block;width:40px;">Error</span>
                            </td>
                            <td class="col-xs-1">
                                <button class="btn btn-default btn-xs">View</button>
                            </td>
                        </tr>
                        <tr style="display:none;">
                            <td class="col-xs-9" colspan="3"><p style="color:maroon;">NoSectionError: No section: 'testpwi'</p><p style="color:maroon;">Traceback (most recent call last):
  File "C:\Users\jeffc\git\mgiselenium\PyTests\EI\EmapA\emapasearchtest.py", line 32, in setUp
    self.init()
  File "C:\Users\jeffc\git\mgiselenium\PyTests\EI\EmapA\base_class.py", line 28, in init
    base_url = parser.get('testpwi', 'test_dogdev_pwi_url')
  File "C:\Users\jeffc\AppData\Local\Programs\Python\Python38\lib\configparser.py", line 781, in get
    d = self._unify_values(section, vars)
  File "C:\Users\jeffc\AppData\Local\Programs\Python\Python38\lib\configparser.py", line 1149, in _unify_values
    raise NoSectionError(section) from None
configparser.NoSectionError: No section: 'testpwi'
</p>
                            </td>
                        </tr>
                        <tr class='warning'>
                            <td class="col-xs-10">testSynonymSearch</td>
                            <td class="col-xs-1">
                                <span class="label label-warning" style="display:block;width:40px;">Error</span>
                            </td>
                            <td class="col-xs-1">
                                <button class="btn btn-default btn-xs">View</button>
                            </td>
                        </tr>
                        <tr style="display:none;">
                            <td class="col-xs-9" colspan="3"><p style="color:maroon;">NoSectionError: No section: 'testpwi'</p><p style="color:maroon;">Traceback (most recent call last):
  File "C:\Users\jeffc\git\mgiselenium\PyTests\EI\EmapA\emapasearchtest.py", line 32, in setUp
    self.init()
  File "C:\Users\jeffc\git\mgiselenium\PyTests\EI\EmapA\base_class.py", line 28, in init
    base_url = parser.get('testpwi', 'test_dogdev_pwi_url')
  File "C:\Users\jeffc\AppData\Local\Programs\Python\Python38\lib\configparser.py", line 781, in get
    d = self._unify_values(section, vars)
  File "C:\Users\jeffc\AppData\Local\Programs\Python\Python38\lib\configparser.py", line 1149, in _unify_values
    raise NoSectionError(section) from None
configparser.NoSectionError: No section: 'testpwi'
</p>
                            </td>
                        </tr>
                        <tr class='warning'>
                            <td class="col-xs-10">testTermShortcut</td>
                            <td class="col-xs-1">
                                <span class="label label-warning" style="display:block;width:40px;">Error</span>
                            </td>
                            <td class="col-xs-1">
                                <button class="btn btn-default btn-xs">View</button>
                            </td>
                        </tr>
                        <tr style="display:none;">
                            <td class="col-xs-9" colspan="3"><p style="color:maroon;">NoSectionError: No section: 'testpwi'</p><p style="color:maroon;">Traceback (most recent call last):
  File "C:\Users\jeffc\git\mgiselenium\PyTests\EI\EmapA\emapasearchtest.py", line 32, in setUp
    self.init()
  File "C:\Users\jeffc\git\mgiselenium\PyTests\EI\EmapA\base_class.py", line 28, in init
    base_url = parser.get('testpwi', 'test_dogdev_pwi_url')
  File "C:\Users\jeffc\AppData\Local\Programs\Python\Python38\lib\configparser.py", line 781, in get
    d = self._unify_values(section, vars)
  File "C:\Users\jeffc\AppData\Local\Programs\Python\Python38\lib\configparser.py", line 1149, in _unify_values
    raise NoSectionError(section) from None
configparser.NoSectionError: No section: 'testpwi'
</p>
                            </td>
                        </tr>
                        <tr class='warning'>
                            <td class="col-xs-10">testWildcardSearch</td>
                            <td class="col-xs-1">
                                <span class="label label-warning" style="display:block;width:40px;">Error</span>
                            </td>
                            <td class="col-xs-1">
                                <button class="btn btn-default btn-xs">View</button>
                            </td>
                        </tr>
                        <tr style="display:none;">
                            <td class="col-xs-9" colspan="3"><p style="color:maroon;">NoSectionError: No section: 'testpwi'</p><p style="color:maroon;">Traceback (most recent call last):
  File "C:\Users\jeffc\git\mgiselenium\PyTests\EI\EmapA\emapasearchtest.py", line 32, in setUp
    self.init()
  File "C:\Users\jeffc\git\mgiselenium\PyTests\EI\EmapA\base_class.py", line 28, in init
    base_url = parser.get('testpwi', 'test_dogdev_pwi_url')
  File "C:\Users\jeffc\AppData\Local\Programs\Python\Python38\lib\configparser.py", line 781, in get
    d = self._unify_values(section, vars)
  File "C:\Users\jeffc\AppData\Local\Programs\Python\Python38\lib\configparser.py", line 1149, in _unify_values
    raise NoSectionError(section) from None
configparser.NoSectionError: No section: 'testpwi'
</p>
                            </td>
                        </tr>
                        <tr>
                            <td colspan="3">
                                Total: 10, Pass: 0, Error: 10 -- Duration: 6 ms
                            </td>
                        </tr>
                    </tbody>
                </table>
            </div>
        </div>
        <div class="row">
            <div class="col-xs-12 col-sm-10 col-md-10">
                <table class='table table-hover table-responsive'>
                    <thead>
                        <tr>
                            <th>EmapA.emapatreeviewtest.TestEiEmapaTreeView</th>
                            <th>Status</th>
                            <th></th>
                        </tr>
                    </thead>
                    <tbody>
                        <tr class='warning'>
                            <td class="col-xs-10">testBasicSort</td>
                            <td class="col-xs-1">
                                <span class="label label-warning" style="display:block;width:40px;">Error</span>
                            </td>
                            <td class="col-xs-1">
                                <button class="btn btn-default btn-xs">View</button>
                            </td>
                        </tr>
                        <tr style="display:none;">
                            <td class="col-xs-9" colspan="3"><p style="color:maroon;">NoSectionError: No section: 'testpwi'</p><p style="color:maroon;">Traceback (most recent call last):
  File "C:\Users\jeffc\git\mgiselenium\PyTests\EI\EmapA\emapatreeviewtest.py", line 28, in setUp
    self.init()
  File "C:\Users\jeffc\git\mgiselenium\PyTests\EI\EmapA\base_class.py", line 28, in init
    base_url = parser.get('testpwi', 'test_dogdev_pwi_url')
  File "C:\Users\jeffc\AppData\Local\Programs\Python\Python38\lib\configparser.py", line 781, in get
    d = self._unify_values(section, vars)
  File "C:\Users\jeffc\AppData\Local\Programs\Python\Python38\lib\configparser.py", line 1149, in _unify_values
    raise NoSectionError(section) from None
configparser.NoSectionError: No section: 'testpwi'
</p>
                            </td>
                        </tr>
                        <tr class='warning'>
                            <td class="col-xs-10">testClickingNode</td>
                            <td class="col-xs-1">
                                <span class="label label-warning" style="display:block;width:40px;">Error</span>
                            </td>
                            <td class="col-xs-1">
                                <button class="btn btn-default btn-xs">View</button>
                            </td>
                        </tr>
                        <tr style="display:none;">
                            <td class="col-xs-9" colspan="3"><p style="color:maroon;">NoSectionError: No section: 'testpwi'</p><p style="color:maroon;">Traceback (most recent call last):
  File "C:\Users\jeffc\git\mgiselenium\PyTests\EI\EmapA\emapatreeviewtest.py", line 28, in setUp
    self.init()
  File "C:\Users\jeffc\git\mgiselenium\PyTests\EI\EmapA\base_class.py", line 28, in init
    base_url = parser.get('testpwi', 'test_dogdev_pwi_url')
  File "C:\Users\jeffc\AppData\Local\Programs\Python\Python38\lib\configparser.py", line 781, in get
    d = self._unify_values(section, vars)
  File "C:\Users\jeffc\AppData\Local\Programs\Python\Python38\lib\configparser.py", line 1149, in _unify_values
    raise NoSectionError(section) from None
configparser.NoSectionError: No section: 'testpwi'
</p>
                            </td>
                        </tr>
                        <tr class='warning'>
                            <td class="col-xs-10">testDetailParent</td>
                            <td class="col-xs-1">
                                <span class="label label-warning" style="display:block;width:40px;">Error</span>
                            </td>
                            <td class="col-xs-1">
                                <button class="btn btn-default btn-xs">View</button>
                            </td>
                        </tr>
                        <tr style="display:none;">
                            <td class="col-xs-9" colspan="3"><p style="color:maroon;">NoSectionError: No section: 'testpwi'</p><p style="color:maroon;">Traceback (most recent call last):
  File "C:\Users\jeffc\git\mgiselenium\PyTests\EI\EmapA\emapatreeviewtest.py", line 28, in setUp
    self.init()
  File "C:\Users\jeffc\git\mgiselenium\PyTests\EI\EmapA\base_class.py", line 28, in init
    base_url = parser.get('testpwi', 'test_dogdev_pwi_url')
  File "C:\Users\jeffc\AppData\Local\Programs\Python\Python38\lib\configparser.py", line 781, in get
    d = self._unify_values(section, vars)
  File "C:\Users\jeffc\AppData\Local\Programs\Python\Python38\lib\configparser.py", line 1149, in _unify_values
    raise NoSectionError(section) from None
configparser.NoSectionError: No section: 'testpwi'
</p>
                            </td>
                        </tr>
                        <tr class='warning'>
                            <td class="col-xs-10">testParentStage</td>
                            <td class="col-xs-1">
                                <span class="label label-warning" style="display:block;width:40px;">Error</span>
                            </td>
                            <td class="col-xs-1">
                                <button class="btn btn-default btn-xs">View</button>
                            </td>
                        </tr>
                        <tr style="display:none;">
                            <td class="col-xs-9" colspan="3"><p style="color:maroon;">NoSectionError: No section: 'testpwi'</p><p style="color:maroon;">Traceback (most recent call last):
  File "C:\Users\jeffc\git\mgiselenium\PyTests\EI\EmapA\emapatreeviewtest.py", line 28, in setUp
    self.init()
  File "C:\Users\jeffc\git\mgiselenium\PyTests\EI\EmapA\base_class.py", line 28, in init
    base_url = parser.get('testpwi', 'test_dogdev_pwi_url')
  File "C:\Users\jeffc\AppData\Local\Programs\Python\Python38\lib\configparser.py", line 781, in get
    d = self._unify_values(section, vars)
  File "C:\Users\jeffc\AppData\Local\Programs\Python\Python38\lib\configparser.py", line 1149, in _unify_values
    raise NoSectionError(section) from None
configparser.NoSectionError: No section: 'testpwi'
</p>
                            </td>
                        </tr>
                        <tr class='warning'>
                            <td class="col-xs-10">testSpecificStageTree</td>
                            <td class="col-xs-1">
                                <span class="label label-warning" style="display:block;width:40px;">Error</span>
                            </td>
                            <td class="col-xs-1">
                                <button class="btn btn-default btn-xs">View</button>
                            </td>
                        </tr>
                        <tr style="display:none;">
                            <td class="col-xs-9" colspan="3"><p style="color:maroon;">NoSectionError: No section: 'testpwi'</p><p style="color:maroon;">Traceback (most recent call last):
  File "C:\Users\jeffc\git\mgiselenium\PyTests\EI\EmapA\emapatreeviewtest.py", line 28, in setUp
    self.init()
  File "C:\Users\jeffc\git\mgiselenium\PyTests\EI\EmapA\base_class.py", line 28, in init
    base_url = parser.get('testpwi', 'test_dogdev_pwi_url')
  File "C:\Users\jeffc\AppData\Local\Programs\Python\Python38\lib\configparser.py", line 781, in get
    d = self._unify_values(section, vars)
  File "C:\Users\jeffc\AppData\Local\Programs\Python\Python38\lib\configparser.py", line 1149, in _unify_values
    raise NoSectionError(section) from None
configparser.NoSectionError: No section: 'testpwi'
</p>
                            </td>
                        </tr>
                        <tr>
                            <td colspan="3">
                                Total: 5, Pass: 0, Error: 5 -- Duration: 3 ms
                            </td>
                        </tr>
                    </tbody>
                </table>
            </div>
        </div>
    </div>
    <script src="https://ajax.googleapis.com/ajax/libs/jquery/2.2.4/jquery.min.js"></script>
    <script type="text/javascript">
        $(document).ready(function(){
            $('td').on('click', '.btn', function(e){
                e.preventDefault();
                e.stopImmediatePropagation();
                var $this = $(this);
                var $nextRow = $this.closest('tr').next('tr');
                $nextRow.slideToggle("fast");
                $this.text(function(i, text){
                    if (text === 'View') {
                        return 'Hide';
                    } else {
                        return 'View';
                    };
                });
            });
        });
    </script>
</body>
</html